2015-02-12 10:32:58,850 (pid-12368): ==========================================
2015-02-12 10:32:58,851 (pid-12368): Config:
2015-02-12 10:32:58,851 (pid-12368): parallelMode = True
2015-02-12 10:32:58,852 (pid-12368): dataType = tp
2015-02-12 10:32:58,852 (pid-12368): dataPath = ../../data/dataset#1/
2015-02-12 10:32:58,853 (pid-12368): metrics = ['MAE', 'NMAE', 'RMSE', 'MRE', 'NPRE']
2015-02-12 10:32:58,853 (pid-12368): saveLog = True
2015-02-12 10:32:58,854 (pid-12368): exeFile = run_tp.py
2015-02-12 10:32:58,854 (pid-12368): srcPath = /net/fokker/f0/data/gds/jmzhu/matlab/WSRec/Privacy-preserving/P-UIPCC/src
2015-02-12 10:32:58,855 (pid-12368): debugMode = False
2015-02-12 10:32:58,855 (pid-12368): saveTimeInfo = False
2015-02-12 10:32:58,856 (pid-12368): rounds = 20
2015-02-12 10:32:58,857 (pid-12368): workPath = /net/fokker/f0/data/gds/jmzhu/matlab/WSRec/Privacy-preserving/P-UIPCC
2015-02-12 10:32:58,857 (pid-12368): density = [0.050000000000000003, 0.10000000000000001, 0.15000000000000002, 0.20000000000000001, 0.25, 0.29999999999999999]
2015-02-12 10:32:58,858 (pid-12368): noiseType = uniform
2015-02-12 10:32:58,858 (pid-12368): noiseRange = 0.5
2015-02-12 10:32:58,859 (pid-12368): topK = 10
2015-02-12 10:32:58,859 (pid-12368): outPath = result/
2015-02-12 10:32:58,860 (pid-12368): logFile = run_tp.py.log
2015-02-12 10:32:58,860 (pid-12368): lambda = 0.9
2015-02-12 10:32:58,861 (pid-12368): ==============================================
2015-02-12 10:32:58,861 (pid-12368): Approach: [UMEAN, IMEAN, UPCC, IPCC, UIPCC].
2015-02-12 10:32:58,862 (pid-12368): Load data: ../../data/dataset#1/tpMatrix.txt
2015-02-12 10:33:00,243 (pid-12368): Loading data done.
2015-02-12 10:33:00,402 (pid-12369): Data matrix size: 339 users * 5825 services
2015-02-12 10:33:00,404 (pid-12369): Run for 20 rounds: matrix density = 0.05.
2015-02-12 10:33:00,405 (pid-12369): ----------------------------------------------
2015-02-12 10:33:00,405 (pid-12369): 1-round starts.
2015-02-12 10:33:00,405 (pid-12369): ----------------------------------------------
2015-02-12 10:33:00,468 (pid-12370): Data matrix size: 339 users * 5825 services
2015-02-12 10:33:00,470 (pid-12370): Run for 20 rounds: matrix density = 0.10.
2015-02-12 10:33:00,471 (pid-12370): ----------------------------------------------
2015-02-12 10:33:00,471 (pid-12370): 1-round starts.
2015-02-12 10:33:00,471 (pid-12370): ----------------------------------------------
2015-02-12 10:33:00,555 (pid-12371): Data matrix size: 339 users * 5825 services
2015-02-12 10:33:00,560 (pid-12371): Run for 20 rounds: matrix density = 0.15.
2015-02-12 10:33:00,560 (pid-12371): ----------------------------------------------
2015-02-12 10:33:00,561 (pid-12371): 1-round starts.
2015-02-12 10:33:00,561 (pid-12371): ----------------------------------------------
2015-02-12 10:33:00,625 (pid-12372): Data matrix size: 339 users * 5825 services
2015-02-12 10:33:00,628 (pid-12372): Run for 20 rounds: matrix density = 0.20.
2015-02-12 10:33:00,628 (pid-12372): ----------------------------------------------
2015-02-12 10:33:00,628 (pid-12372): 1-round starts.
2015-02-12 10:33:00,628 (pid-12372): ----------------------------------------------
2015-02-12 10:33:00,713 (pid-12373): Data matrix size: 339 users * 5825 services
2015-02-12 10:33:00,715 (pid-12373): Run for 20 rounds: matrix density = 0.25.
2015-02-12 10:33:00,716 (pid-12373): ----------------------------------------------
2015-02-12 10:33:00,716 (pid-12373): 1-round starts.
2015-02-12 10:33:00,716 (pid-12373): ----------------------------------------------
2015-02-12 10:33:00,845 (pid-12374): Data matrix size: 339 users * 5825 services
2015-02-12 10:33:00,847 (pid-12374): Run for 20 rounds: matrix density = 0.30.
2015-02-12 10:33:00,848 (pid-12374): ----------------------------------------------
2015-02-12 10:33:00,848 (pid-12374): 1-round starts.
2015-02-12 10:33:00,848 (pid-12374): ----------------------------------------------
2015-02-12 10:33:05,279 (pid-12373): Removing data entries done.
2015-02-12 10:33:05,563 (pid-12373): UMEAN done.
2015-02-12 10:33:05,584 (pid-12373): IMEAN done.
2015-02-12 10:33:05,704 (pid-12369): Removing data entries done.
2015-02-12 10:33:05,841 (pid-12372): Removing data entries done.
2015-02-12 10:33:06,140 (pid-12369): UMEAN done.
2015-02-12 10:33:06,179 (pid-12369): IMEAN done.
2015-02-12 10:33:06,184 (pid-12371): Removing data entries done.
2015-02-12 10:33:06,197 (pid-12374): Removing data entries done.
2015-02-12 10:33:06,283 (pid-12372): UMEAN done.
2015-02-12 10:33:06,320 (pid-12372): IMEAN done.
2015-02-12 10:33:06,321 (pid-12370): Removing data entries done.
2015-02-12 10:33:06,621 (pid-12374): UMEAN done.
2015-02-12 10:33:06,633 (pid-12371): UMEAN done.
2015-02-12 10:33:06,653 (pid-12374): IMEAN done.
2015-02-12 10:33:06,662 (pid-12371): IMEAN done.
2015-02-12 10:33:06,817 (pid-12370): UMEAN done.
2015-02-12 10:33:06,852 (pid-12370): IMEAN done.
2015-02-12 10:33:13,486 (pid-12373): UPCC done.
2015-02-12 10:33:14,048 (pid-12372): UPCC done.
2015-02-12 10:33:14,459 (pid-12371): UPCC done.
2015-02-12 10:33:14,924 (pid-12374): UPCC done.
2015-02-12 10:33:16,026 (pid-12370): UPCC done.
2015-02-12 10:33:17,346 (pid-12369): UPCC done.
2015-02-12 10:34:02,693 (pid-12369): IPCC done.
2015-02-12 10:34:02,761 (pid-12369): UIPCC done.
2015-02-12 10:34:05,712 (pid-12369): 1-round done. Running time: 59.57 sec
2015-02-12 10:34:05,713 (pid-12369): ----------------------------------------------
2015-02-12 10:34:05,714 (pid-12369): ----------------------------------------------
2015-02-12 10:34:05,714 (pid-12369): 2-round starts.
2015-02-12 10:34:05,714 (pid-12369): ----------------------------------------------
2015-02-12 10:34:09,592 (pid-12369): Removing data entries done.
2015-02-12 10:34:09,866 (pid-12369): UMEAN done.
2015-02-12 10:34:09,882 (pid-12369): IMEAN done.
2015-02-12 10:34:16,955 (pid-12369): UPCC done.
2015-02-12 10:34:22,246 (pid-12371): IPCC done.
2015-02-12 10:34:22,310 (pid-12371): UIPCC done.
2015-02-12 10:34:25,463 (pid-12371): 1-round done. Running time: 78.85 sec
2015-02-12 10:34:25,464 (pid-12371): ----------------------------------------------
2015-02-12 10:34:25,465 (pid-12371): ----------------------------------------------
2015-02-12 10:34:25,465 (pid-12371): 2-round starts.
2015-02-12 10:34:25,465 (pid-12371): ----------------------------------------------
2015-02-12 10:34:25,898 (pid-12370): IPCC done.
2015-02-12 10:34:25,971 (pid-12370): UIPCC done.
2015-02-12 10:34:29,163 (pid-12372): IPCC done.
2015-02-12 10:34:29,227 (pid-12372): UIPCC done.
2015-02-12 10:34:29,575 (pid-12370): 1-round done. Running time: 82.59 sec
2015-02-12 10:34:29,576 (pid-12370): ----------------------------------------------
2015-02-12 10:34:29,577 (pid-12370): ----------------------------------------------
2015-02-12 10:34:29,577 (pid-12370): 2-round starts.
2015-02-12 10:34:29,578 (pid-12370): ----------------------------------------------
2015-02-12 10:34:31,054 (pid-12371): Removing data entries done.
2015-02-12 10:34:31,470 (pid-12371): UMEAN done.
2015-02-12 10:34:31,491 (pid-12371): IMEAN done.
2015-02-12 10:34:32,174 (pid-12372): 1-round done. Running time: 85.89 sec
2015-02-12 10:34:32,175 (pid-12372): ----------------------------------------------
2015-02-12 10:34:32,176 (pid-12372): ----------------------------------------------
2015-02-12 10:34:32,177 (pid-12372): 2-round starts.
2015-02-12 10:34:32,177 (pid-12372): ----------------------------------------------
2015-02-12 10:34:35,778 (pid-12370): Removing data entries done.
2015-02-12 10:34:36,258 (pid-12370): UMEAN done.
2015-02-12 10:34:36,284 (pid-12370): IMEAN done.
2015-02-12 10:34:37,678 (pid-12372): Removing data entries done.
2015-02-12 10:34:38,095 (pid-12372): UMEAN done.
2015-02-12 10:34:38,118 (pid-12372): IMEAN done.
2015-02-12 10:34:38,410 (pid-12373): IPCC done.
2015-02-12 10:34:38,483 (pid-12373): UIPCC done.
2015-02-12 10:34:38,947 (pid-12371): UPCC done.
2015-02-12 10:34:41,204 (pid-12373): 1-round done. Running time: 95.66 sec
2015-02-12 10:34:41,206 (pid-12373): ----------------------------------------------
2015-02-12 10:34:41,207 (pid-12373): ----------------------------------------------
2015-02-12 10:34:41,207 (pid-12373): 2-round starts.
2015-02-12 10:34:41,208 (pid-12373): ----------------------------------------------
2015-02-12 10:34:45,202 (pid-12370): UPCC done.
2015-02-12 10:34:45,722 (pid-12372): UPCC done.
2015-02-12 10:34:46,542 (pid-12373): Removing data entries done.
2015-02-12 10:34:46,943 (pid-12373): UMEAN done.
2015-02-12 10:34:46,967 (pid-12373): IMEAN done.
2015-02-12 10:34:50,503 (pid-12374): IPCC done.
2015-02-12 10:34:50,570 (pid-12374): UIPCC done.
2015-02-12 10:34:50,810 (pid-12369): IPCC done.
2015-02-12 10:34:50,856 (pid-12369): UIPCC done.
2015-02-12 10:34:53,151 (pid-12374): 1-round done. Running time: 106.56 sec
2015-02-12 10:34:53,151 (pid-12374): ----------------------------------------------
2015-02-12 10:34:53,153 (pid-12374): ----------------------------------------------
2015-02-12 10:34:53,153 (pid-12374): 2-round starts.
2015-02-12 10:34:53,153 (pid-12374): ----------------------------------------------
2015-02-12 10:34:53,689 (pid-12369): 2-round done. Running time: 43.83 sec
2015-02-12 10:34:53,691 (pid-12369): ----------------------------------------------
2015-02-12 10:34:53,691 (pid-12369): ----------------------------------------------
2015-02-12 10:34:53,691 (pid-12369): 3-round starts.
2015-02-12 10:34:53,691 (pid-12369): ----------------------------------------------
2015-02-12 10:34:54,842 (pid-12373): UPCC done.
2015-02-12 10:34:57,590 (pid-12369): Removing data entries done.
2015-02-12 10:34:57,867 (pid-12369): UMEAN done.
2015-02-12 10:34:57,883 (pid-12369): IMEAN done.
2015-02-12 10:34:58,518 (pid-12374): Removing data entries done.
2015-02-12 10:34:58,922 (pid-12374): UMEAN done.
2015-02-12 10:34:58,947 (pid-12374): IMEAN done.
2015-02-12 10:35:04,940 (pid-12369): UPCC done.
2015-02-12 10:35:07,202 (pid-12374): UPCC done.
2015-02-12 10:35:40,020 (pid-12369): IPCC done.
2015-02-12 10:35:40,066 (pid-12369): UIPCC done.
2015-02-12 10:35:42,885 (pid-12369): 3-round done. Running time: 45.04 sec
2015-02-12 10:35:42,885 (pid-12369): ----------------------------------------------
2015-02-12 10:35:42,885 (pid-12369): ----------------------------------------------
2015-02-12 10:35:42,885 (pid-12369): 4-round starts.
2015-02-12 10:35:42,885 (pid-12369): ----------------------------------------------
2015-02-12 10:35:46,757 (pid-12369): Removing data entries done.
2015-02-12 10:35:47,037 (pid-12369): UMEAN done.
2015-02-12 10:35:47,053 (pid-12369): IMEAN done.
2015-02-12 10:35:47,798 (pid-12371): IPCC done.
2015-02-12 10:35:47,870 (pid-12371): UIPCC done.
2015-02-12 10:35:50,999 (pid-12371): 2-round done. Running time: 79.54 sec
2015-02-12 10:35:50,999 (pid-12371): ----------------------------------------------
2015-02-12 10:35:50,999 (pid-12371): ----------------------------------------------
2015-02-12 10:35:50,999 (pid-12371): 3-round starts.
2015-02-12 10:35:50,999 (pid-12371): ----------------------------------------------
2015-02-12 10:35:51,698 (pid-12370): IPCC done.
2015-02-12 10:35:51,770 (pid-12370): UIPCC done.
2015-02-12 10:35:54,763 (pid-12369): UPCC done.
2015-02-12 10:35:55,438 (pid-12370): 2-round done. Running time: 79.13 sec
2015-02-12 10:35:55,450 (pid-12370): ----------------------------------------------
2015-02-12 10:35:55,450 (pid-12370): ----------------------------------------------
2015-02-12 10:35:55,450 (pid-12370): 3-round starts.
2015-02-12 10:35:55,450 (pid-12370): ----------------------------------------------
2015-02-12 10:35:56,574 (pid-12371): Removing data entries done.
2015-02-12 10:35:57,006 (pid-12371): UMEAN done.
2015-02-12 10:35:57,030 (pid-12371): IMEAN done.
2015-02-12 10:36:01,550 (pid-12372): IPCC done.
2015-02-12 10:36:01,607 (pid-12372): UIPCC done.
2015-02-12 10:36:01,618 (pid-12370): Removing data entries done.
2015-02-12 10:36:02,095 (pid-12370): UMEAN done.
2015-02-12 10:36:02,122 (pid-12370): IMEAN done.
2015-02-12 10:36:04,303 (pid-12371): UPCC done.
2015-02-12 10:36:04,538 (pid-12372): 2-round done. Running time: 86.44 sec
2015-02-12 10:36:04,546 (pid-12372): ----------------------------------------------
2015-02-12 10:36:04,546 (pid-12372): ----------------------------------------------
2015-02-12 10:36:04,546 (pid-12372): 3-round starts.
2015-02-12 10:36:04,546 (pid-12372): ----------------------------------------------
2015-02-12 10:36:10,072 (pid-12372): Removing data entries done.
2015-02-12 10:36:10,458 (pid-12372): UMEAN done.
2015-02-12 10:36:10,478 (pid-12372): IMEAN done.
2015-02-12 10:36:11,022 (pid-12370): UPCC done.
2015-02-12 10:36:17,834 (pid-12372): UPCC done.
2015-02-12 10:36:19,223 (pid-12373): IPCC done.
2015-02-12 10:36:19,271 (pid-12373): UIPCC done.
2015-02-12 10:36:21,950 (pid-12373): 2-round done. Running time: 95.03 sec
2015-02-12 10:36:21,950 (pid-12373): ----------------------------------------------
2015-02-12 10:36:21,951 (pid-12373): ----------------------------------------------
2015-02-12 10:36:21,951 (pid-12373): 3-round starts.
2015-02-12 10:36:21,951 (pid-12373): ----------------------------------------------
2015-02-12 10:36:27,274 (pid-12373): Removing data entries done.
2015-02-12 10:36:27,674 (pid-12373): UMEAN done.
2015-02-12 10:36:27,697 (pid-12373): IMEAN done.
2015-02-12 10:36:35,554 (pid-12373): UPCC done.
2015-02-12 10:36:41,471 (pid-12374): IPCC done.
2015-02-12 10:36:41,532 (pid-12374): UIPCC done.
2015-02-12 10:36:43,506 (pid-12369): IPCC done.
2015-02-12 10:36:43,561 (pid-12369): UIPCC done.
2015-02-12 10:36:44,023 (pid-12374): 2-round done. Running time: 105.12 sec
2015-02-12 10:36:44,024 (pid-12374): ----------------------------------------------
2015-02-12 10:36:44,025 (pid-12374): ----------------------------------------------
2015-02-12 10:36:44,025 (pid-12374): 3-round starts.
2015-02-12 10:36:44,025 (pid-12374): ----------------------------------------------
2015-02-12 10:36:47,004 (pid-12369): 4-round done. Running time: 59.96 sec
2015-02-12 10:36:47,005 (pid-12369): ----------------------------------------------
2015-02-12 10:36:47,005 (pid-12369): ----------------------------------------------
2015-02-12 10:36:47,005 (pid-12369): 5-round starts.
2015-02-12 10:36:47,005 (pid-12369): ----------------------------------------------
2015-02-12 10:36:49,514 (pid-12374): Removing data entries done.
2015-02-12 10:36:49,949 (pid-12374): UMEAN done.
2015-02-12 10:36:49,969 (pid-12374): IMEAN done.
2015-02-12 10:36:52,459 (pid-12369): Removing data entries done.
2015-02-12 10:36:52,879 (pid-12369): UMEAN done.
2015-02-12 10:36:52,904 (pid-12369): IMEAN done.
2015-02-12 10:36:58,204 (pid-12374): UPCC done.
2015-02-12 10:37:04,312 (pid-12369): UPCC done.
2015-02-12 10:37:14,386 (pid-12371): IPCC done.
2015-02-12 10:37:14,447 (pid-12371): UIPCC done.
2015-02-12 10:37:17,570 (pid-12371): 3-round done. Running time: 80.58 sec
2015-02-12 10:37:17,570 (pid-12371): ----------------------------------------------
2015-02-12 10:37:17,570 (pid-12371): ----------------------------------------------
2015-02-12 10:37:17,570 (pid-12371): 4-round starts.
2015-02-12 10:37:17,570 (pid-12371): ----------------------------------------------
2015-02-12 10:37:20,886 (pid-12370): IPCC done.
2015-02-12 10:37:20,946 (pid-12370): UIPCC done.
2015-02-12 10:37:23,094 (pid-12371): Removing data entries done.
2015-02-12 10:37:23,522 (pid-12371): UMEAN done.
2015-02-12 10:37:23,546 (pid-12371): IMEAN done.
2015-02-12 10:37:24,554 (pid-12370): 3-round done. Running time: 82.49 sec
2015-02-12 10:37:24,554 (pid-12370): ----------------------------------------------
2015-02-12 10:37:24,555 (pid-12370): ----------------------------------------------
2015-02-12 10:37:24,555 (pid-12370): 4-round starts.
2015-02-12 10:37:24,555 (pid-12370): ----------------------------------------------
2015-02-12 10:37:30,686 (pid-12370): Removing data entries done.
2015-02-12 10:37:30,866 (pid-12371): UPCC done.
2015-02-12 10:37:31,170 (pid-12370): UMEAN done.
2015-02-12 10:37:31,198 (pid-12370): IMEAN done.
2015-02-12 10:37:32,546 (pid-12372): IPCC done.
2015-02-12 10:37:32,594 (pid-12372): UIPCC done.
2015-02-12 10:37:35,538 (pid-12372): 3-round done. Running time: 85.10 sec
2015-02-12 10:37:35,538 (pid-12372): ----------------------------------------------
2015-02-12 10:37:35,538 (pid-12372): ----------------------------------------------
2015-02-12 10:37:35,538 (pid-12372): 4-round starts.
2015-02-12 10:37:35,538 (pid-12372): ----------------------------------------------
2015-02-12 10:37:39,782 (pid-12370): UPCC done.
2015-02-12 10:37:40,982 (pid-12372): Removing data entries done.
2015-02-12 10:37:41,402 (pid-12372): UMEAN done.
2015-02-12 10:37:41,430 (pid-12372): IMEAN done.
2015-02-12 10:37:49,186 (pid-12372): UPCC done.
2015-02-12 10:37:55,491 (pid-12369): IPCC done.
2015-02-12 10:37:55,542 (pid-12369): UIPCC done.
2015-02-12 10:37:59,060 (pid-12369): 5-round done. Running time: 66.20 sec
2015-02-12 10:37:59,060 (pid-12369): ----------------------------------------------
2015-02-12 10:37:59,061 (pid-12369): ----------------------------------------------
2015-02-12 10:37:59,061 (pid-12369): 6-round starts.
2015-02-12 10:37:59,061 (pid-12369): ----------------------------------------------
2015-02-12 10:38:00,522 (pid-12373): IPCC done.
2015-02-12 10:38:00,570 (pid-12373): UIPCC done.
2015-02-12 10:38:03,258 (pid-12373): 3-round done. Running time: 95.60 sec
2015-02-12 10:38:03,258 (pid-12373): ----------------------------------------------
2015-02-12 10:38:03,258 (pid-12373): ----------------------------------------------
2015-02-12 10:38:03,258 (pid-12373): 4-round starts.
2015-02-12 10:38:03,258 (pid-12373): ----------------------------------------------
2015-02-12 10:38:04,516 (pid-12369): Removing data entries done.
2015-02-12 10:38:04,931 (pid-12369): UMEAN done.
2015-02-12 10:38:04,955 (pid-12369): IMEAN done.
2015-02-12 10:38:08,658 (pid-12373): Removing data entries done.
2015-02-12 10:38:09,062 (pid-12373): UMEAN done.
2015-02-12 10:38:09,086 (pid-12373): IMEAN done.
2015-02-12 10:38:16,274 (pid-12369): UPCC done.
2015-02-12 10:38:16,974 (pid-12373): UPCC done.
2015-02-12 10:38:30,290 (pid-12374): IPCC done.
2015-02-12 10:38:30,342 (pid-12374): UIPCC done.
2015-02-12 10:38:32,702 (pid-12374): 3-round done. Running time: 102.77 sec
2015-02-12 10:38:32,703 (pid-12374): ----------------------------------------------
2015-02-12 10:38:32,703 (pid-12374): ----------------------------------------------
2015-02-12 10:38:32,703 (pid-12374): 4-round starts.
2015-02-12 10:38:32,703 (pid-12374): ----------------------------------------------
2015-02-12 10:38:37,802 (pid-12374): Removing data entries done.
2015-02-12 10:38:38,166 (pid-12374): UMEAN done.
2015-02-12 10:38:38,190 (pid-12374): IMEAN done.
2015-02-12 10:38:40,534 (pid-12371): IPCC done.
2015-02-12 10:38:40,598 (pid-12371): UIPCC done.
2015-02-12 10:38:43,714 (pid-12371): 4-round done. Running time: 80.20 sec
2015-02-12 10:38:43,716 (pid-12371): ----------------------------------------------
2015-02-12 10:38:43,716 (pid-12371): ----------------------------------------------
2015-02-12 10:38:43,717 (pid-12371): 5-round starts.
2015-02-12 10:38:43,717 (pid-12371): ----------------------------------------------
2015-02-12 10:38:45,968 (pid-12374): UPCC done.
2015-02-12 10:38:48,462 (pid-12370): IPCC done.
2015-02-12 10:38:48,550 (pid-12370): UIPCC done.
2015-02-12 10:38:49,222 (pid-12371): Removing data entries done.
2015-02-12 10:38:49,634 (pid-12371): UMEAN done.
2015-02-12 10:38:49,658 (pid-12371): IMEAN done.
2015-02-12 10:38:52,154 (pid-12370): 4-round done. Running time: 80.98 sec
2015-02-12 10:38:52,158 (pid-12370): ----------------------------------------------
2015-02-12 10:38:52,158 (pid-12370): ----------------------------------------------
2015-02-12 10:38:52,158 (pid-12370): 5-round starts.
2015-02-12 10:38:52,159 (pid-12370): ----------------------------------------------
2015-02-12 10:38:57,226 (pid-12371): UPCC done.
2015-02-12 10:38:58,426 (pid-12370): Removing data entries done.
2015-02-12 10:38:58,902 (pid-12370): UMEAN done.
2015-02-12 10:38:58,934 (pid-12370): IMEAN done.
2015-02-12 10:39:05,126 (pid-12372): IPCC done.
2015-02-12 10:39:05,178 (pid-12372): UIPCC done.
2015-02-12 10:39:07,862 (pid-12369): IPCC done.
2015-02-12 10:39:07,898 (pid-12370): UPCC done.
2015-02-12 10:39:07,910 (pid-12369): UIPCC done.
2015-02-12 10:39:08,106 (pid-12372): 4-round done. Running time: 86.71 sec
2015-02-12 10:39:08,109 (pid-12372): ----------------------------------------------
2015-02-12 10:39:08,109 (pid-12372): ----------------------------------------------
2015-02-12 10:39:08,110 (pid-12372): 5-round starts.
2015-02-12 10:39:08,110 (pid-12372): ----------------------------------------------
2015-02-12 10:39:11,380 (pid-12369): 6-round done. Running time: 66.47 sec
2015-02-12 10:39:11,382 (pid-12369): ----------------------------------------------
2015-02-12 10:39:11,383 (pid-12369): ----------------------------------------------
2015-02-12 10:39:11,383 (pid-12369): 7-round starts.
2015-02-12 10:39:11,383 (pid-12369): ----------------------------------------------
2015-02-12 10:39:13,554 (pid-12372): Removing data entries done.
2015-02-12 10:39:13,970 (pid-12372): UMEAN done.
2015-02-12 10:39:13,990 (pid-12372): IMEAN done.
2015-02-12 10:39:16,786 (pid-12369): Removing data entries done.
2015-02-12 10:39:17,202 (pid-12369): UMEAN done.
2015-02-12 10:39:17,230 (pid-12369): IMEAN done.
2015-02-12 10:39:21,330 (pid-12372): UPCC done.
2015-02-12 10:39:27,534 (pid-12369): UPCC done.
2015-02-12 10:39:42,719 (pid-12373): IPCC done.
2015-02-12 10:39:42,771 (pid-12373): UIPCC done.
2015-02-12 10:39:45,509 (pid-12373): 4-round done. Running time: 96.46 sec
2015-02-12 10:39:45,510 (pid-12373): ----------------------------------------------
2015-02-12 10:39:45,510 (pid-12373): ----------------------------------------------
2015-02-12 10:39:45,511 (pid-12373): 5-round starts.
2015-02-12 10:39:45,511 (pid-12373): ----------------------------------------------
2015-02-12 10:39:50,879 (pid-12373): Removing data entries done.
2015-02-12 10:39:51,291 (pid-12373): UMEAN done.
2015-02-12 10:39:51,315 (pid-12373): IMEAN done.
2015-02-12 10:39:59,023 (pid-12373): UPCC done.
2015-02-12 10:40:00,326 (pid-12371): IPCC done.
2015-02-12 10:40:00,374 (pid-12371): UIPCC done.
2015-02-12 10:40:02,890 (pid-12371): 5-round done. Running time: 73.26 sec
2015-02-12 10:40:02,890 (pid-12371): ----------------------------------------------
2015-02-12 10:40:02,891 (pid-12371): ----------------------------------------------
2015-02-12 10:40:02,891 (pid-12371): 6-round starts.
2015-02-12 10:40:02,891 (pid-12371): ----------------------------------------------
2015-02-12 10:40:06,818 (pid-12371): Removing data entries done.
2015-02-12 10:40:07,102 (pid-12371): UMEAN done.
2015-02-12 10:40:07,118 (pid-12371): IMEAN done.
2015-02-12 10:40:12,594 (pid-12371): UPCC done.
2015-02-12 10:40:16,382 (pid-12369): IPCC done.
2015-02-12 10:40:16,434 (pid-12369): UIPCC done.
2015-02-12 10:40:18,487 (pid-12374): IPCC done.
2015-02-12 10:40:18,534 (pid-12374): UIPCC done.
2015-02-12 10:40:20,026 (pid-12369): 7-round done. Running time: 62.84 sec
2015-02-12 10:40:20,030 (pid-12369): ----------------------------------------------
2015-02-12 10:40:20,031 (pid-12369): ----------------------------------------------
2015-02-12 10:40:20,031 (pid-12369): 8-round starts.
2015-02-12 10:40:20,031 (pid-12369): ----------------------------------------------
2015-02-12 10:40:20,275 (pid-12370): IPCC done.
2015-02-12 10:40:20,342 (pid-12370): UIPCC done.
2015-02-12 10:40:21,130 (pid-12374): 4-round done. Running time: 102.96 sec
2015-02-12 10:40:21,130 (pid-12374): ----------------------------------------------
2015-02-12 10:40:21,130 (pid-12374): ----------------------------------------------
2015-02-12 10:40:21,130 (pid-12374): 5-round starts.
2015-02-12 10:40:21,131 (pid-12374): ----------------------------------------------
2015-02-12 10:40:23,946 (pid-12370): 5-round done. Running time: 85.03 sec
2015-02-12 10:40:23,947 (pid-12370): ----------------------------------------------
2015-02-12 10:40:23,947 (pid-12370): ----------------------------------------------
2015-02-12 10:40:23,948 (pid-12370): 6-round starts.
2015-02-12 10:40:23,948 (pid-12370): ----------------------------------------------
2015-02-12 10:40:25,786 (pid-12369): Removing data entries done.
2015-02-12 10:40:26,166 (pid-12369): UMEAN done.
2015-02-12 10:40:26,186 (pid-12369): IMEAN done.
2015-02-12 10:40:26,703 (pid-12374): Removing data entries done.
2015-02-12 10:40:27,106 (pid-12374): UMEAN done.
2015-02-12 10:40:27,126 (pid-12374): IMEAN done.
2015-02-12 10:40:30,138 (pid-12370): Removing data entries done.
2015-02-12 10:40:30,610 (pid-12370): UMEAN done.
2015-02-12 10:40:30,638 (pid-12370): IMEAN done.
2015-02-12 10:40:35,339 (pid-12374): UPCC done.
2015-02-12 10:40:36,814 (pid-12372): IPCC done.
2015-02-12 10:40:36,867 (pid-12372): UIPCC done.
2015-02-12 10:40:37,802 (pid-12369): UPCC done.
2015-02-12 10:40:39,330 (pid-12370): UPCC done.
2015-02-12 10:40:39,794 (pid-12372): 5-round done. Running time: 85.84 sec
2015-02-12 10:40:39,795 (pid-12372): ----------------------------------------------
2015-02-12 10:40:39,796 (pid-12372): ----------------------------------------------
2015-02-12 10:40:39,796 (pid-12372): 6-round starts.
2015-02-12 10:40:39,796 (pid-12372): ----------------------------------------------
2015-02-12 10:40:45,238 (pid-12372): Removing data entries done.
2015-02-12 10:40:45,651 (pid-12372): UMEAN done.
2015-02-12 10:40:45,671 (pid-12372): IMEAN done.
2015-02-12 10:40:53,138 (pid-12372): UPCC done.
2015-02-12 10:41:02,298 (pid-12371): IPCC done.
2015-02-12 10:41:02,346 (pid-12371): UIPCC done.
2015-02-12 10:41:04,886 (pid-12371): 6-round done. Running time: 57.79 sec
2015-02-12 10:41:04,886 (pid-12371): ----------------------------------------------
2015-02-12 10:41:04,886 (pid-12371): ----------------------------------------------
2015-02-12 10:41:04,886 (pid-12371): 7-round starts.
2015-02-12 10:41:04,886 (pid-12371): ----------------------------------------------
2015-02-12 10:41:08,866 (pid-12371): Removing data entries done.
2015-02-12 10:41:09,150 (pid-12371): UMEAN done.
2015-02-12 10:41:09,166 (pid-12371): IMEAN done.
2015-02-12 10:41:14,570 (pid-12371): UPCC done.
2015-02-12 10:41:24,955 (pid-12373): IPCC done.
2015-02-12 10:41:25,022 (pid-12373): UIPCC done.
2015-02-12 10:41:26,282 (pid-12369): IPCC done.
2015-02-12 10:41:26,366 (pid-12369): UIPCC done.
2015-02-12 10:41:27,774 (pid-12373): 5-round done. Running time: 96.48 sec
2015-02-12 10:41:27,775 (pid-12373): ----------------------------------------------
2015-02-12 10:41:27,775 (pid-12373): ----------------------------------------------
2015-02-12 10:41:27,775 (pid-12373): 6-round starts.
2015-02-12 10:41:27,775 (pid-12373): ----------------------------------------------
2015-02-12 10:41:29,870 (pid-12369): 8-round done. Running time: 63.70 sec
2015-02-12 10:41:29,870 (pid-12369): ----------------------------------------------
2015-02-12 10:41:29,870 (pid-12369): ----------------------------------------------
2015-02-12 10:41:29,870 (pid-12369): 9-round starts.
2015-02-12 10:41:29,870 (pid-12369): ----------------------------------------------
2015-02-12 10:41:33,068 (pid-12373): Removing data entries done.
2015-02-12 10:41:33,482 (pid-12373): UMEAN done.
2015-02-12 10:41:33,506 (pid-12373): IMEAN done.
2015-02-12 10:41:35,334 (pid-12369): Removing data entries done.
2015-02-12 10:41:35,746 (pid-12369): UMEAN done.
2015-02-12 10:41:35,770 (pid-12369): IMEAN done.
2015-02-12 10:41:41,387 (pid-12373): UPCC done.
2015-02-12 10:41:46,642 (pid-12369): UPCC done.
2015-02-12 10:41:48,151 (pid-12370): IPCC done.
2015-02-12 10:41:48,210 (pid-12370): UIPCC done.
2015-02-12 10:41:51,790 (pid-12370): 6-round done. Running time: 81.18 sec
2015-02-12 10:41:51,790 (pid-12370): ----------------------------------------------
2015-02-12 10:41:51,791 (pid-12370): ----------------------------------------------
2015-02-12 10:41:51,794 (pid-12370): 7-round starts.
2015-02-12 10:41:51,794 (pid-12370): ----------------------------------------------
2015-02-12 10:41:57,946 (pid-12370): Removing data entries done.
2015-02-12 10:41:58,418 (pid-12370): UMEAN done.
2015-02-12 10:41:58,442 (pid-12370): IMEAN done.
2015-02-12 10:42:07,238 (pid-12370): UPCC done.
2015-02-12 10:42:07,350 (pid-12371): IPCC done.
2015-02-12 10:42:07,414 (pid-12371): UIPCC done.
2015-02-12 10:42:08,104 (pid-12372): IPCC done.
2015-02-12 10:42:08,171 (pid-12372): UIPCC done.
2015-02-12 10:42:10,290 (pid-12374): IPCC done.
2015-02-12 10:42:10,342 (pid-12374): UIPCC done.
2015-02-12 10:42:10,541 (pid-12371): 7-round done. Running time: 61.40 sec
2015-02-12 10:42:10,542 (pid-12371): ----------------------------------------------
2015-02-12 10:42:10,542 (pid-12371): ----------------------------------------------
2015-02-12 10:42:10,542 (pid-12371): 8-round starts.
2015-02-12 10:42:10,542 (pid-12371): ----------------------------------------------
2015-02-12 10:42:11,207 (pid-12372): 6-round done. Running time: 85.55 sec
2015-02-12 10:42:11,209 (pid-12372): ----------------------------------------------
2015-02-12 10:42:11,209 (pid-12372): ----------------------------------------------
2015-02-12 10:42:11,209 (pid-12372): 7-round starts.
2015-02-12 10:42:11,209 (pid-12372): ----------------------------------------------
2015-02-12 10:42:12,750 (pid-12374): 5-round done. Running time: 105.66 sec
2015-02-12 10:42:12,751 (pid-12374): ----------------------------------------------
2015-02-12 10:42:12,751 (pid-12374): ----------------------------------------------
2015-02-12 10:42:12,751 (pid-12374): 6-round starts.
2015-02-12 10:42:12,751 (pid-12374): ----------------------------------------------
2015-02-12 10:42:16,058 (pid-12371): Removing data entries done.
2015-02-12 10:42:16,481 (pid-12371): UMEAN done.
2015-02-12 10:42:16,504 (pid-12371): IMEAN done.
2015-02-12 10:42:16,687 (pid-12372): Removing data entries done.
2015-02-12 10:42:17,108 (pid-12372): UMEAN done.
2015-02-12 10:42:17,132 (pid-12372): IMEAN done.
2015-02-12 10:42:18,011 (pid-12374): Removing data entries done.
2015-02-12 10:42:18,385 (pid-12374): UMEAN done.
2015-02-12 10:42:18,407 (pid-12374): IMEAN done.
2015-02-12 10:42:23,915 (pid-12371): UPCC done.
2015-02-12 10:42:24,856 (pid-12372): UPCC done.
2015-02-12 10:42:26,329 (pid-12374): UPCC done.
2015-02-12 10:42:36,978 (pid-12369): IPCC done.
2015-02-12 10:42:37,028 (pid-12369): UIPCC done.
2015-02-12 10:42:40,526 (pid-12369): 9-round done. Running time: 64.80 sec
2015-02-12 10:42:40,527 (pid-12369): ----------------------------------------------
2015-02-12 10:42:40,527 (pid-12369): ----------------------------------------------
2015-02-12 10:42:40,528 (pid-12369): 10-round starts.
2015-02-12 10:42:40,528 (pid-12369): ----------------------------------------------
2015-02-12 10:42:45,956 (pid-12369): Removing data entries done.
2015-02-12 10:42:46,369 (pid-12369): UMEAN done.
2015-02-12 10:42:46,392 (pid-12369): IMEAN done.
2015-02-12 10:42:57,259 (pid-12369): UPCC done.
2015-02-12 10:43:06,823 (pid-12373): IPCC done.
2015-02-12 10:43:06,902 (pid-12373): UIPCC done.
2015-02-12 10:43:09,668 (pid-12373): 6-round done. Running time: 96.21 sec
2015-02-12 10:43:09,669 (pid-12373): ----------------------------------------------
2015-02-12 10:43:09,669 (pid-12373): ----------------------------------------------
2015-02-12 10:43:09,669 (pid-12373): 7-round starts.
2015-02-12 10:43:09,669 (pid-12373): ----------------------------------------------
2015-02-12 10:43:15,044 (pid-12373): Removing data entries done.
2015-02-12 10:43:15,054 (pid-12370): IPCC done.
2015-02-12 10:43:15,110 (pid-12370): UIPCC done.
2015-02-12 10:43:15,456 (pid-12373): UMEAN done.
2015-02-12 10:43:15,480 (pid-12373): IMEAN done.
2015-02-12 10:43:18,682 (pid-12370): 7-round done. Running time: 80.28 sec
2015-02-12 10:43:18,685 (pid-12370): ----------------------------------------------
2015-02-12 10:43:18,685 (pid-12370): ----------------------------------------------
2015-02-12 10:43:18,685 (pid-12370): 8-round starts.
2015-02-12 10:43:18,686 (pid-12370): ----------------------------------------------
2015-02-12 10:43:23,232 (pid-12373): UPCC done.
2015-02-12 10:43:24,820 (pid-12370): Removing data entries done.
2015-02-12 10:43:25,292 (pid-12370): UMEAN done.
2015-02-12 10:43:25,317 (pid-12370): IMEAN done.
2015-02-12 10:43:32,647 (pid-12371): IPCC done.
2015-02-12 10:43:32,699 (pid-12371): UIPCC done.
2015-02-12 10:43:33,928 (pid-12370): UPCC done.
2015-02-12 10:43:35,800 (pid-12371): 8-round done. Running time: 79.34 sec
2015-02-12 10:43:35,817 (pid-12371): ----------------------------------------------
2015-02-12 10:43:35,817 (pid-12371): ----------------------------------------------
2015-02-12 10:43:35,817 (pid-12371): 9-round starts.
2015-02-12 10:43:35,817 (pid-12371): ----------------------------------------------
2015-02-12 10:43:39,978 (pid-12372): IPCC done.
2015-02-12 10:43:40,040 (pid-12372): UIPCC done.
2015-02-12 10:43:41,228 (pid-12371): Removing data entries done.
2015-02-12 10:43:41,664 (pid-12371): UMEAN done.
2015-02-12 10:43:41,687 (pid-12371): IMEAN done.
2015-02-12 10:43:42,927 (pid-12372): 7-round done. Running time: 85.81 sec
2015-02-12 10:43:42,938 (pid-12372): ----------------------------------------------
2015-02-12 10:43:42,939 (pid-12372): ----------------------------------------------
2015-02-12 10:43:42,939 (pid-12372): 8-round starts.
2015-02-12 10:43:42,939 (pid-12372): ----------------------------------------------
2015-02-12 10:43:46,888 (pid-12369): IPCC done.
2015-02-12 10:43:46,940 (pid-12369): UIPCC done.
2015-02-12 10:43:48,405 (pid-12372): Removing data entries done.
2015-02-12 10:43:48,805 (pid-12372): UMEAN done.
2015-02-12 10:43:48,827 (pid-12372): IMEAN done.
2015-02-12 10:43:49,169 (pid-12371): UPCC done.
2015-02-12 10:43:50,431 (pid-12369): 10-round done. Running time: 64.08 sec
2015-02-12 10:43:50,433 (pid-12369): ----------------------------------------------
2015-02-12 10:43:50,433 (pid-12369): ----------------------------------------------
2015-02-12 10:43:50,433 (pid-12369): 11-round starts.
2015-02-12 10:43:50,433 (pid-12369): ----------------------------------------------
2015-02-12 10:43:55,920 (pid-12369): Removing data entries done.
2015-02-12 10:43:56,220 (pid-12372): UPCC done.
2015-02-12 10:43:56,338 (pid-12369): UMEAN done.
2015-02-12 10:43:56,372 (pid-12369): IMEAN done.
2015-02-12 10:44:00,854 (pid-12374): IPCC done.
2015-02-12 10:44:00,925 (pid-12374): UIPCC done.
2015-02-12 10:44:03,434 (pid-12374): 6-round done. Running time: 105.07 sec
2015-02-12 10:44:03,435 (pid-12374): ----------------------------------------------
2015-02-12 10:44:03,435 (pid-12374): ----------------------------------------------
2015-02-12 10:44:03,435 (pid-12374): 7-round starts.
2015-02-12 10:44:03,435 (pid-12374): ----------------------------------------------
2015-02-12 10:44:05,342 (pid-12369): UPCC done.
2015-02-12 10:44:08,982 (pid-12374): Removing data entries done.
2015-02-12 10:44:09,382 (pid-12374): UMEAN done.
2015-02-12 10:44:09,402 (pid-12374): IMEAN done.
2015-02-12 10:44:17,474 (pid-12374): UPCC done.
2015-02-12 10:44:40,034 (pid-12370): IPCC done.
2015-02-12 10:44:40,106 (pid-12370): UIPCC done.
2015-02-12 10:44:42,798 (pid-12370): 8-round done. Running time: 77.53 sec
2015-02-12 10:44:42,798 (pid-12370): ----------------------------------------------
2015-02-12 10:44:42,798 (pid-12370): ----------------------------------------------
2015-02-12 10:44:42,798 (pid-12370): 9-round starts.
2015-02-12 10:44:42,798 (pid-12370): ----------------------------------------------
2015-02-12 10:44:45,136 (pid-12369): IPCC done.
2015-02-12 10:44:45,192 (pid-12369): UIPCC done.
2015-02-12 10:44:46,690 (pid-12370): Removing data entries done.
2015-02-12 10:44:46,966 (pid-12370): UMEAN done.
2015-02-12 10:44:46,982 (pid-12370): IMEAN done.
2015-02-12 10:44:47,018 (pid-12373): IPCC done.
2015-02-12 10:44:47,070 (pid-12373): UIPCC done.
2015-02-12 10:44:48,628 (pid-12369): 11-round done. Running time: 52.29 sec
2015-02-12 10:44:48,642 (pid-12369): ----------------------------------------------
2015-02-12 10:44:48,643 (pid-12369): ----------------------------------------------
2015-02-12 10:44:48,643 (pid-12369): 12-round starts.
2015-02-12 10:44:48,643 (pid-12369): ----------------------------------------------
2015-02-12 10:44:49,438 (pid-12373): 7-round done. Running time: 94.01 sec
2015-02-12 10:44:49,450 (pid-12373): ----------------------------------------------
2015-02-12 10:44:49,450 (pid-12373): ----------------------------------------------
2015-02-12 10:44:49,450 (pid-12373): 8-round starts.
2015-02-12 10:44:49,450 (pid-12373): ----------------------------------------------
2015-02-12 10:44:53,146 (pid-12373): Removing data entries done.
2015-02-12 10:44:53,430 (pid-12373): UMEAN done.
2015-02-12 10:44:53,446 (pid-12373): IMEAN done.
2015-02-12 10:44:54,017 (pid-12369): Removing data entries done.
2015-02-12 10:44:54,439 (pid-12369): UMEAN done.
2015-02-12 10:44:54,461 (pid-12369): IMEAN done.
2015-02-12 10:44:54,478 (pid-12370): UPCC done.
2015-02-12 10:44:58,150 (pid-12371): IPCC done.
2015-02-12 10:44:58,202 (pid-12371): UIPCC done.
2015-02-12 10:44:59,458 (pid-12373): UPCC done.
2015-02-12 10:45:01,306 (pid-12371): 9-round done. Running time: 79.66 sec
2015-02-12 10:45:01,306 (pid-12371): ----------------------------------------------
2015-02-12 10:45:01,306 (pid-12371): ----------------------------------------------
2015-02-12 10:45:01,306 (pid-12371): 10-round starts.
2015-02-12 10:45:01,306 (pid-12371): ----------------------------------------------
2015-02-12 10:45:05,710 (pid-12369): UPCC done.
2015-02-12 10:45:06,846 (pid-12371): Removing data entries done.
2015-02-12 10:45:07,258 (pid-12371): UMEAN done.
2015-02-12 10:45:07,282 (pid-12371): IMEAN done.
2015-02-12 10:45:12,234 (pid-12372): IPCC done.
2015-02-12 10:45:12,286 (pid-12372): UIPCC done.
2015-02-12 10:45:14,446 (pid-12371): UPCC done.
2015-02-12 10:45:15,166 (pid-12372): 8-round done. Running time: 86.36 sec
2015-02-12 10:45:15,166 (pid-12372): ----------------------------------------------
2015-02-12 10:45:15,166 (pid-12372): ----------------------------------------------
2015-02-12 10:45:15,166 (pid-12372): 9-round starts.
2015-02-12 10:45:15,166 (pid-12372): ----------------------------------------------
2015-02-12 10:45:20,582 (pid-12372): Removing data entries done.
2015-02-12 10:45:20,986 (pid-12372): UMEAN done.
2015-02-12 10:45:21,010 (pid-12372): IMEAN done.
2015-02-12 10:45:28,542 (pid-12372): UPCC done.
2015-02-12 10:45:39,766 (pid-12370): IPCC done.
2015-02-12 10:45:39,842 (pid-12370): UIPCC done.
2015-02-12 10:45:43,467 (pid-12370): 9-round done. Running time: 56.49 sec
2015-02-12 10:45:43,468 (pid-12370): ----------------------------------------------
2015-02-12 10:45:43,468 (pid-12370): ----------------------------------------------
2015-02-12 10:45:43,468 (pid-12370): 10-round starts.
2015-02-12 10:45:43,469 (pid-12370): ----------------------------------------------
2015-02-12 10:45:47,846 (pid-12374): IPCC done.
2015-02-12 10:45:47,898 (pid-12374): UIPCC done.
2015-02-12 10:45:49,705 (pid-12370): Removing data entries done.
2015-02-12 10:45:50,184 (pid-12370): UMEAN done.
2015-02-12 10:45:50,209 (pid-12370): IMEAN done.
2015-02-12 10:45:50,282 (pid-12374): 7-round done. Running time: 100.91 sec
2015-02-12 10:45:50,290 (pid-12374): ----------------------------------------------
2015-02-12 10:45:50,290 (pid-12374): ----------------------------------------------
2015-02-12 10:45:50,290 (pid-12374): 8-round starts.
2015-02-12 10:45:50,290 (pid-12374): ----------------------------------------------
2015-02-12 10:45:55,203 (pid-12369): IPCC done.
2015-02-12 10:45:55,256 (pid-12369): UIPCC done.
2015-02-12 10:45:55,486 (pid-12374): Removing data entries done.
2015-02-12 10:45:55,858 (pid-12374): UMEAN done.
2015-02-12 10:45:55,878 (pid-12374): IMEAN done.
2015-02-12 10:45:58,642 (pid-12369): 12-round done. Running time: 64.22 sec
2015-02-12 10:45:58,642 (pid-12369): ----------------------------------------------
2015-02-12 10:45:58,642 (pid-12369): ----------------------------------------------
2015-02-12 10:45:58,642 (pid-12369): 13-round starts.
2015-02-12 10:45:58,642 (pid-12369): ----------------------------------------------
2015-02-12 10:45:58,685 (pid-12370): UPCC done.
2015-02-12 10:46:03,166 (pid-12374): UPCC done.
2015-02-12 10:46:04,106 (pid-12369): Removing data entries done.
2015-02-12 10:46:04,504 (pid-12369): UMEAN done.
2015-02-12 10:46:04,527 (pid-12369): IMEAN done.
2015-02-12 10:46:15,462 (pid-12369): UPCC done.
2015-02-12 10:46:23,018 (pid-12373): IPCC done.
2015-02-12 10:46:23,065 (pid-12373): UIPCC done.
2015-02-12 10:46:24,110 (pid-12371): IPCC done.
2015-02-12 10:46:24,174 (pid-12371): UIPCC done.
2015-02-12 10:46:25,263 (pid-12373): 8-round done. Running time: 91.85 sec
2015-02-12 10:46:25,277 (pid-12373): ----------------------------------------------
2015-02-12 10:46:25,277 (pid-12373): ----------------------------------------------
2015-02-12 10:46:25,277 (pid-12373): 9-round starts.
2015-02-12 10:46:25,277 (pid-12373): ----------------------------------------------
2015-02-12 10:46:27,303 (pid-12371): 10-round done. Running time: 80.04 sec
2015-02-12 10:46:27,307 (pid-12371): ----------------------------------------------
2015-02-12 10:46:27,307 (pid-12371): ----------------------------------------------
2015-02-12 10:46:27,307 (pid-12371): 11-round starts.
2015-02-12 10:46:27,307 (pid-12371): ----------------------------------------------
2015-02-12 10:46:29,268 (pid-12373): Removing data entries done.
2015-02-12 10:46:29,554 (pid-12373): UMEAN done.
2015-02-12 10:46:29,571 (pid-12373): IMEAN done.
2015-02-12 10:46:32,854 (pid-12371): Removing data entries done.
2015-02-12 10:46:33,287 (pid-12371): UMEAN done.
2015-02-12 10:46:33,311 (pid-12371): IMEAN done.
2015-02-12 10:46:36,507 (pid-12373): UPCC done.
2015-02-12 10:46:40,760 (pid-12371): UPCC done.
2015-02-12 10:46:43,686 (pid-12372): IPCC done.
2015-02-12 10:46:43,738 (pid-12372): UIPCC done.
2015-02-12 10:46:46,634 (pid-12372): 9-round done. Running time: 85.67 sec
2015-02-12 10:46:46,634 (pid-12372): ----------------------------------------------
2015-02-12 10:46:46,634 (pid-12372): ----------------------------------------------
2015-02-12 10:46:46,634 (pid-12372): 10-round starts.
2015-02-12 10:46:46,634 (pid-12372): ----------------------------------------------
2015-02-12 10:46:52,142 (pid-12372): Removing data entries done.
2015-02-12 10:46:52,581 (pid-12372): UMEAN done.
2015-02-12 10:46:52,605 (pid-12372): IMEAN done.
2015-02-12 10:47:00,350 (pid-12372): UPCC done.
2015-02-12 10:47:04,502 (pid-12369): IPCC done.
2015-02-12 10:47:04,550 (pid-12369): UIPCC done.
2015-02-12 10:47:08,046 (pid-12369): 13-round done. Running time: 63.56 sec
2015-02-12 10:47:08,049 (pid-12369): ----------------------------------------------
2015-02-12 10:47:08,049 (pid-12369): ----------------------------------------------
2015-02-12 10:47:08,049 (pid-12369): 14-round starts.
2015-02-12 10:47:08,049 (pid-12369): ----------------------------------------------
2015-02-12 10:47:09,562 (pid-12370): IPCC done.
2015-02-12 10:47:09,622 (pid-12370): UIPCC done.
2015-02-12 10:47:13,286 (pid-12370): 10-round done. Running time: 83.13 sec
2015-02-12 10:47:13,288 (pid-12370): ----------------------------------------------
2015-02-12 10:47:13,288 (pid-12370): ----------------------------------------------
2015-02-12 10:47:13,288 (pid-12370): 11-round starts.
2015-02-12 10:47:13,288 (pid-12370): ----------------------------------------------
2015-02-12 10:47:13,448 (pid-12369): Removing data entries done.
2015-02-12 10:47:13,874 (pid-12369): UMEAN done.
2015-02-12 10:47:13,898 (pid-12369): IMEAN done.
2015-02-12 10:47:19,555 (pid-12370): Removing data entries done.
2015-02-12 10:47:20,050 (pid-12370): UMEAN done.
2015-02-12 10:47:20,078 (pid-12370): IMEAN done.
2015-02-12 10:47:25,046 (pid-12369): UPCC done.
2015-02-12 10:47:29,031 (pid-12370): UPCC done.
2015-02-12 10:47:36,112 (pid-12374): IPCC done.
2015-02-12 10:47:36,160 (pid-12374): UIPCC done.
2015-02-12 10:47:38,590 (pid-12374): 8-round done. Running time: 102.75 sec
2015-02-12 10:47:38,592 (pid-12374): ----------------------------------------------
2015-02-12 10:47:38,592 (pid-12374): ----------------------------------------------
2015-02-12 10:47:38,593 (pid-12374): 9-round starts.
2015-02-12 10:47:38,593 (pid-12374): ----------------------------------------------
2015-02-12 10:47:43,858 (pid-12374): Removing data entries done.
2015-02-12 10:47:44,230 (pid-12374): UMEAN done.
2015-02-12 10:47:44,251 (pid-12374): IMEAN done.
2015-02-12 10:47:45,953 (pid-12373): IPCC done.
2015-02-12 10:47:46,001 (pid-12373): UIPCC done.
2015-02-12 10:47:48,191 (pid-12373): 9-round done. Running time: 78.62 sec
2015-02-12 10:47:48,191 (pid-12373): ----------------------------------------------
2015-02-12 10:47:48,191 (pid-12373): ----------------------------------------------
2015-02-12 10:47:48,192 (pid-12373): 10-round starts.
2015-02-12 10:47:48,192 (pid-12373): ----------------------------------------------
2015-02-12 10:47:50,570 (pid-12371): IPCC done.
2015-02-12 10:47:50,637 (pid-12371): UIPCC done.
2015-02-12 10:47:52,152 (pid-12374): UPCC done.
2015-02-12 10:47:52,480 (pid-12373): Removing data entries done.
2015-02-12 10:47:52,897 (pid-12373): UMEAN done.
2015-02-12 10:47:52,921 (pid-12373): IMEAN done.
2015-02-12 10:47:53,698 (pid-12371): 11-round done. Running time: 80.34 sec
2015-02-12 10:47:53,702 (pid-12371): ----------------------------------------------
2015-02-12 10:47:53,702 (pid-12371): ----------------------------------------------
2015-02-12 10:47:53,702 (pid-12371): 12-round starts.
2015-02-12 10:47:53,702 (pid-12371): ----------------------------------------------
2015-02-12 10:47:59,116 (pid-12373): UPCC done.
2015-02-12 10:47:59,166 (pid-12371): Removing data entries done.
2015-02-12 10:47:59,586 (pid-12371): UMEAN done.
2015-02-12 10:47:59,610 (pid-12371): IMEAN done.
2015-02-12 10:48:06,982 (pid-12371): UPCC done.
2015-02-12 10:48:13,667 (pid-12369): IPCC done.
2015-02-12 10:48:13,727 (pid-12369): UIPCC done.
2015-02-12 10:48:15,554 (pid-12372): IPCC done.
2015-02-12 10:48:15,614 (pid-12372): UIPCC done.
2015-02-12 10:48:17,210 (pid-12369): 14-round done. Running time: 63.35 sec
2015-02-12 10:48:17,212 (pid-12369): ----------------------------------------------
2015-02-12 10:48:17,212 (pid-12369): ----------------------------------------------
2015-02-12 10:48:17,212 (pid-12369): 15-round starts.
2015-02-12 10:48:17,212 (pid-12369): ----------------------------------------------
2015-02-12 10:48:18,510 (pid-12372): 10-round done. Running time: 85.91 sec
2015-02-12 10:48:18,513 (pid-12372): ----------------------------------------------
2015-02-12 10:48:18,513 (pid-12372): ----------------------------------------------
2015-02-12 10:48:18,514 (pid-12372): 11-round starts.
2015-02-12 10:48:18,514 (pid-12372): ----------------------------------------------
2015-02-12 10:48:22,652 (pid-12369): Removing data entries done.
2015-02-12 10:48:23,072 (pid-12369): UMEAN done.
2015-02-12 10:48:23,095 (pid-12369): IMEAN done.
2015-02-12 10:48:23,974 (pid-12372): Removing data entries done.
2015-02-12 10:48:24,378 (pid-12372): UMEAN done.
2015-02-12 10:48:24,402 (pid-12372): IMEAN done.
2015-02-12 10:48:31,934 (pid-12372): UPCC done.
2015-02-12 10:48:33,634 (pid-12369): UPCC done.
2015-02-12 10:48:41,526 (pid-12370): IPCC done.
2015-02-12 10:48:41,582 (pid-12370): UIPCC done.
2015-02-12 10:48:45,218 (pid-12370): 11-round done. Running time: 85.17 sec
2015-02-12 10:48:45,219 (pid-12370): ----------------------------------------------
2015-02-12 10:48:45,219 (pid-12370): ----------------------------------------------
2015-02-12 10:48:45,220 (pid-12370): 12-round starts.
2015-02-12 10:48:45,220 (pid-12370): ----------------------------------------------
2015-02-12 10:48:51,155 (pid-12370): Removing data entries done.
2015-02-12 10:48:51,626 (pid-12370): UMEAN done.
2015-02-12 10:48:51,653 (pid-12370): IMEAN done.
2015-02-12 10:49:00,486 (pid-12370): UPCC done.
2015-02-12 10:49:09,979 (pid-12371): IPCC done.
2015-02-12 10:49:10,049 (pid-12371): UIPCC done.
2015-02-12 10:49:13,145 (pid-12371): 12-round done. Running time: 73.53 sec
2015-02-12 10:49:13,146 (pid-12371): ----------------------------------------------
2015-02-12 10:49:13,146 (pid-12371): ----------------------------------------------
2015-02-12 10:49:13,146 (pid-12371): 13-round starts.
2015-02-12 10:49:13,146 (pid-12371): ----------------------------------------------
2015-02-12 10:49:14,215 (pid-12373): IPCC done.
2015-02-12 10:49:14,264 (pid-12373): UIPCC done.
2015-02-12 10:49:17,124 (pid-12373): 10-round done. Running time: 84.22 sec
2015-02-12 10:49:17,125 (pid-12373): ----------------------------------------------
2015-02-12 10:49:17,126 (pid-12373): ----------------------------------------------
2015-02-12 10:49:17,126 (pid-12373): 11-round starts.
2015-02-12 10:49:17,126 (pid-12373): ----------------------------------------------
2015-02-12 10:49:18,643 (pid-12371): Removing data entries done.
2015-02-12 10:49:19,066 (pid-12371): UMEAN done.
2015-02-12 10:49:19,090 (pid-12371): IMEAN done.
2015-02-12 10:49:22,300 (pid-12369): IPCC done.
2015-02-12 10:49:22,357 (pid-12369): UIPCC done.
2015-02-12 10:49:22,430 (pid-12373): Removing data entries done.
2015-02-12 10:49:22,868 (pid-12373): UMEAN done.
2015-02-12 10:49:22,892 (pid-12373): IMEAN done.
2015-02-12 10:49:24,859 (pid-12374): IPCC done.
2015-02-12 10:49:24,930 (pid-12374): UIPCC done.
2015-02-12 10:49:25,364 (pid-12369): 15-round done. Running time: 62.30 sec
2015-02-12 10:49:25,400 (pid-12369): ----------------------------------------------
2015-02-12 10:49:25,400 (pid-12369): ----------------------------------------------
2015-02-12 10:49:25,400 (pid-12369): 16-round starts.
2015-02-12 10:49:25,400 (pid-12369): ----------------------------------------------
2015-02-12 10:49:26,536 (pid-12371): UPCC done.
2015-02-12 10:49:27,428 (pid-12374): 9-round done. Running time: 103.21 sec
2015-02-12 10:49:27,431 (pid-12374): ----------------------------------------------
2015-02-12 10:49:27,431 (pid-12374): ----------------------------------------------
2015-02-12 10:49:27,431 (pid-12374): 10-round starts.
2015-02-12 10:49:27,431 (pid-12374): ----------------------------------------------
2015-02-12 10:49:29,254 (pid-12369): Removing data entries done.
2015-02-12 10:49:29,533 (pid-12369): UMEAN done.
2015-02-12 10:49:29,549 (pid-12369): IMEAN done.
2015-02-12 10:49:31,038 (pid-12373): UPCC done.
2015-02-12 10:49:32,783 (pid-12374): Removing data entries done.
2015-02-12 10:49:33,194 (pid-12374): UMEAN done.
2015-02-12 10:49:33,218 (pid-12374): IMEAN done.
2015-02-12 10:49:36,972 (pid-12369): UPCC done.
2015-02-12 10:49:41,515 (pid-12374): UPCC done.
2015-02-12 10:49:46,990 (pid-12372): IPCC done.
2015-02-12 10:49:47,047 (pid-12372): UIPCC done.
2015-02-12 10:49:49,910 (pid-12372): 11-round done. Running time: 85.54 sec
2015-02-12 10:49:49,910 (pid-12372): ----------------------------------------------
2015-02-12 10:49:49,910 (pid-12372): ----------------------------------------------
2015-02-12 10:49:49,910 (pid-12372): 12-round starts.
2015-02-12 10:49:49,910 (pid-12372): ----------------------------------------------
2015-02-12 10:49:55,406 (pid-12372): Removing data entries done.
2015-02-12 10:49:55,796 (pid-12372): UMEAN done.
2015-02-12 10:49:55,818 (pid-12372): IMEAN done.
2015-02-12 10:50:03,142 (pid-12372): UPCC done.
2015-02-12 10:50:11,994 (pid-12370): IPCC done.
2015-02-12 10:50:12,057 (pid-12370): UIPCC done.
2015-02-12 10:50:15,714 (pid-12370): 12-round done. Running time: 84.09 sec
2015-02-12 10:50:15,715 (pid-12370): ----------------------------------------------
2015-02-12 10:50:15,715 (pid-12370): ----------------------------------------------
2015-02-12 10:50:15,716 (pid-12370): 13-round starts.
2015-02-12 10:50:15,716 (pid-12370): ----------------------------------------------
2015-02-12 10:50:18,102 (pid-12369): IPCC done.
2015-02-12 10:50:18,147 (pid-12369): UIPCC done.
2015-02-12 10:50:20,949 (pid-12369): 16-round done. Running time: 51.42 sec
2015-02-12 10:50:20,949 (pid-12369): ----------------------------------------------
2015-02-12 10:50:20,949 (pid-12369): ----------------------------------------------
2015-02-12 10:50:20,950 (pid-12369): 17-round starts.
2015-02-12 10:50:20,950 (pid-12369): ----------------------------------------------
2015-02-12 10:50:21,634 (pid-12370): Removing data entries done.
2015-02-12 10:50:22,055 (pid-12370): UMEAN done.
2015-02-12 10:50:22,076 (pid-12370): IMEAN done.
2015-02-12 10:50:26,334 (pid-12369): Removing data entries done.
2015-02-12 10:50:26,742 (pid-12369): UMEAN done.
2015-02-12 10:50:26,766 (pid-12369): IMEAN done.
2015-02-12 10:50:30,124 (pid-12370): UPCC done.
2015-02-12 10:50:33,842 (pid-12371): IPCC done.
2015-02-12 10:50:33,891 (pid-12371): UIPCC done.
2015-02-12 10:50:37,153 (pid-12371): 13-round done. Running time: 78.05 sec
2015-02-12 10:50:37,154 (pid-12371): ----------------------------------------------
2015-02-12 10:50:37,154 (pid-12371): ----------------------------------------------
2015-02-12 10:50:37,154 (pid-12371): 14-round starts.
2015-02-12 10:50:37,154 (pid-12371): ----------------------------------------------
2015-02-12 10:50:39,229 (pid-12369): UPCC done.
2015-02-12 10:50:42,583 (pid-12371): Removing data entries done.
2015-02-12 10:50:43,018 (pid-12371): UMEAN done.
2015-02-12 10:50:43,042 (pid-12371): IMEAN done.
2015-02-12 10:50:50,646 (pid-12371): UPCC done.
2015-02-12 10:50:57,595 (pid-12373): IPCC done.
2015-02-12 10:50:57,650 (pid-12373): UIPCC done.
2015-02-12 10:51:00,250 (pid-12373): 11-round done. Running time: 97.10 sec
2015-02-12 10:51:00,251 (pid-12373): ----------------------------------------------
2015-02-12 10:51:00,252 (pid-12373): ----------------------------------------------
2015-02-12 10:51:00,252 (pid-12373): 12-round starts.
2015-02-12 10:51:00,254 (pid-12373): ----------------------------------------------
2015-02-12 10:51:05,562 (pid-12373): Removing data entries done.
2015-02-12 10:51:05,942 (pid-12373): UMEAN done.
2015-02-12 10:51:05,963 (pid-12373): IMEAN done.
2015-02-12 10:51:13,634 (pid-12373): UPCC done.
2015-02-12 10:51:14,990 (pid-12374): IPCC done.
2015-02-12 10:51:15,044 (pid-12374): UIPCC done.
2015-02-12 10:51:17,554 (pid-12374): 10-round done. Running time: 104.38 sec
2015-02-12 10:51:17,554 (pid-12374): ----------------------------------------------
2015-02-12 10:51:17,554 (pid-12374): ----------------------------------------------
2015-02-12 10:51:17,554 (pid-12374): 11-round starts.
2015-02-12 10:51:17,558 (pid-12374): ----------------------------------------------
2015-02-12 10:51:20,258 (pid-12372): IPCC done.
2015-02-12 10:51:20,318 (pid-12372): UIPCC done.
2015-02-12 10:51:22,846 (pid-12374): Removing data entries done.
2015-02-12 10:51:23,168 (pid-12372): 12-round done. Running time: 87.18 sec
2015-02-12 10:51:23,170 (pid-12372): ----------------------------------------------
2015-02-12 10:51:23,170 (pid-12372): ----------------------------------------------
2015-02-12 10:51:23,170 (pid-12372): 13-round starts.
2015-02-12 10:51:23,170 (pid-12372): ----------------------------------------------
2015-02-12 10:51:23,250 (pid-12374): UMEAN done.
2015-02-12 10:51:23,274 (pid-12374): IMEAN done.
2015-02-12 10:51:27,663 (pid-12369): IPCC done.
2015-02-12 10:51:27,710 (pid-12369): UIPCC done.
2015-02-12 10:51:28,651 (pid-12372): Removing data entries done.
2015-02-12 10:51:29,055 (pid-12372): UMEAN done.
2015-02-12 10:51:29,078 (pid-12372): IMEAN done.
2015-02-12 10:51:30,084 (pid-12370): IPCC done.
2015-02-12 10:51:30,138 (pid-12370): UIPCC done.
2015-02-12 10:51:30,538 (pid-12369): 17-round done. Running time: 63.81 sec
2015-02-12 10:51:30,538 (pid-12369): ----------------------------------------------
2015-02-12 10:51:30,539 (pid-12369): ----------------------------------------------
2015-02-12 10:51:30,539 (pid-12369): 18-round starts.
2015-02-12 10:51:30,539 (pid-12369): ----------------------------------------------
2015-02-12 10:51:31,382 (pid-12374): UPCC done.
2015-02-12 10:51:33,606 (pid-12370): 13-round done. Running time: 71.43 sec
2015-02-12 10:51:33,608 (pid-12370): ----------------------------------------------
2015-02-12 10:51:33,608 (pid-12370): ----------------------------------------------
2015-02-12 10:51:33,610 (pid-12370): 14-round starts.
2015-02-12 10:51:33,610 (pid-12370): ----------------------------------------------
2015-02-12 10:51:34,442 (pid-12369): Removing data entries done.
2015-02-12 10:51:34,719 (pid-12369): UMEAN done.
2015-02-12 10:51:34,735 (pid-12369): IMEAN done.
2015-02-12 10:51:36,626 (pid-12372): UPCC done.
2015-02-12 10:51:39,030 (pid-12370): Removing data entries done.
2015-02-12 10:51:39,458 (pid-12370): UMEAN done.
2015-02-12 10:51:39,482 (pid-12370): IMEAN done.
2015-02-12 10:51:43,326 (pid-12369): UPCC done.
2015-02-12 10:51:47,070 (pid-12370): UPCC done.
2015-02-12 10:51:59,023 (pid-12371): IPCC done.
2015-02-12 10:51:59,090 (pid-12371): UIPCC done.
2015-02-12 10:52:02,327 (pid-12371): 14-round done. Running time: 79.33 sec
2015-02-12 10:52:02,328 (pid-12371): ----------------------------------------------
2015-02-12 10:52:02,329 (pid-12371): ----------------------------------------------
2015-02-12 10:52:02,329 (pid-12371): 15-round starts.
2015-02-12 10:52:02,329 (pid-12371): ----------------------------------------------
2015-02-12 10:52:07,746 (pid-12371): Removing data entries done.
2015-02-12 10:52:08,170 (pid-12371): UMEAN done.
2015-02-12 10:52:08,194 (pid-12371): IMEAN done.
2015-02-12 10:52:15,770 (pid-12371): UPCC done.
2015-02-12 10:52:23,696 (pid-12369): IPCC done.
2015-02-12 10:52:23,766 (pid-12369): UIPCC done.
2015-02-12 10:52:26,855 (pid-12369): 18-round done. Running time: 51.93 sec
2015-02-12 10:52:26,857 (pid-12369): ----------------------------------------------
2015-02-12 10:52:26,857 (pid-12369): ----------------------------------------------
2015-02-12 10:52:26,857 (pid-12369): 19-round starts.
2015-02-12 10:52:26,857 (pid-12369): ----------------------------------------------
2015-02-12 10:52:30,831 (pid-12369): Removing data entries done.
2015-02-12 10:52:31,125 (pid-12369): UMEAN done.
2015-02-12 10:52:31,141 (pid-12369): IMEAN done.
2015-02-12 10:52:38,940 (pid-12369): UPCC done.
2015-02-12 10:52:47,754 (pid-12370): IPCC done.
2015-02-12 10:52:47,804 (pid-12370): UIPCC done.
2015-02-12 10:52:48,166 (pid-12373): IPCC done.
2015-02-12 10:52:48,226 (pid-12373): UIPCC done.
2015-02-12 10:52:51,190 (pid-12373): 12-round done. Running time: 105.03 sec
2015-02-12 10:52:51,193 (pid-12373): ----------------------------------------------
2015-02-12 10:52:51,193 (pid-12373): ----------------------------------------------
2015-02-12 10:52:51,193 (pid-12373): 13-round starts.
2015-02-12 10:52:51,194 (pid-12373): ----------------------------------------------
2015-02-12 10:52:51,238 (pid-12370): 14-round done. Running time: 71.81 sec
2015-02-12 10:52:51,242 (pid-12370): ----------------------------------------------
2015-02-12 10:52:51,242 (pid-12370): ----------------------------------------------
2015-02-12 10:52:51,242 (pid-12370): 15-round starts.
2015-02-12 10:52:51,242 (pid-12370): ----------------------------------------------
2015-02-12 10:52:53,878 (pid-12372): IPCC done.
2015-02-12 10:52:53,930 (pid-12372): UIPCC done.
2015-02-12 10:52:56,722 (pid-12370): Removing data entries done.
2015-02-12 10:52:56,830 (pid-12372): 13-round done. Running time: 87.65 sec
2015-02-12 10:52:56,833 (pid-12372): ----------------------------------------------
2015-02-12 10:52:56,833 (pid-12372): ----------------------------------------------
2015-02-12 10:52:56,834 (pid-12372): 14-round starts.
2015-02-12 10:52:56,834 (pid-12372): ----------------------------------------------
2015-02-12 10:52:57,147 (pid-12370): UMEAN done.
2015-02-12 10:52:57,174 (pid-12370): IMEAN done.
2015-02-12 10:52:57,242 (pid-12373): Removing data entries done.
2015-02-12 10:52:57,699 (pid-12373): UMEAN done.
2015-02-12 10:52:57,726 (pid-12373): IMEAN done.
2015-02-12 10:53:02,243 (pid-12372): Removing data entries done.
2015-02-12 10:53:02,658 (pid-12372): UMEAN done.
2015-02-12 10:53:02,682 (pid-12372): IMEAN done.
2015-02-12 10:53:05,014 (pid-12370): UPCC done.
2015-02-12 10:53:06,466 (pid-12373): UPCC done.
2015-02-12 10:53:06,581 (pid-12374): IPCC done.
2015-02-12 10:53:06,635 (pid-12374): UIPCC done.
2015-02-12 10:53:09,180 (pid-12374): 11-round done. Running time: 105.94 sec
2015-02-12 10:53:09,181 (pid-12374): ----------------------------------------------
2015-02-12 10:53:09,181 (pid-12374): ----------------------------------------------
2015-02-12 10:53:09,181 (pid-12374): 12-round starts.
2015-02-12 10:53:09,182 (pid-12374): ----------------------------------------------
2015-02-12 10:53:10,418 (pid-12372): UPCC done.
2015-02-12 10:53:14,675 (pid-12374): Removing data entries done.
2015-02-12 10:53:15,077 (pid-12374): UMEAN done.
2015-02-12 10:53:15,099 (pid-12374): IMEAN done.
2015-02-12 10:53:15,698 (pid-12369): IPCC done.
2015-02-12 10:53:15,753 (pid-12369): UIPCC done.
2015-02-12 10:53:18,714 (pid-12369): 19-round done. Running time: 47.31 sec
2015-02-12 10:53:18,715 (pid-12369): ----------------------------------------------
2015-02-12 10:53:18,715 (pid-12369): ----------------------------------------------
2015-02-12 10:53:18,715 (pid-12369): 20-round starts.
2015-02-12 10:53:18,716 (pid-12369): ----------------------------------------------
2015-02-12 10:53:22,675 (pid-12369): Removing data entries done.
2015-02-12 10:53:22,956 (pid-12369): UMEAN done.
2015-02-12 10:53:22,972 (pid-12369): IMEAN done.
2015-02-12 10:53:23,474 (pid-12374): UPCC done.
2015-02-12 10:53:24,194 (pid-12371): IPCC done.
2015-02-12 10:53:24,246 (pid-12371): UIPCC done.
2015-02-12 10:53:27,538 (pid-12371): 15-round done. Running time: 79.39 sec
2015-02-12 10:53:27,539 (pid-12371): ----------------------------------------------
2015-02-12 10:53:27,539 (pid-12371): ----------------------------------------------
2015-02-12 10:53:27,540 (pid-12371): 16-round starts.
2015-02-12 10:53:27,540 (pid-12371): ----------------------------------------------
2015-02-12 10:53:32,523 (pid-12369): UPCC done.
2015-02-12 10:53:32,974 (pid-12371): Removing data entries done.
2015-02-12 10:53:33,419 (pid-12371): UMEAN done.
2015-02-12 10:53:33,443 (pid-12371): IMEAN done.
2015-02-12 10:53:40,831 (pid-12371): UPCC done.
2015-02-12 10:53:58,657 (pid-12370): IPCC done.
2015-02-12 10:53:58,706 (pid-12370): UIPCC done.
2015-02-12 10:54:01,924 (pid-12370): 15-round done. Running time: 64.76 sec
2015-02-12 10:54:01,925 (pid-12370): ----------------------------------------------
2015-02-12 10:54:01,925 (pid-12370): ----------------------------------------------
2015-02-12 10:54:01,925 (pid-12370): 16-round starts.
2015-02-12 10:54:01,925 (pid-12370): ----------------------------------------------
2015-02-12 10:54:07,595 (pid-12370): Removing data entries done.
2015-02-12 10:54:08,006 (pid-12370): UMEAN done.
2015-02-12 10:54:08,026 (pid-12370): IMEAN done.
2015-02-12 10:54:14,809 (pid-12369): IPCC done.
2015-02-12 10:54:14,856 (pid-12369): UIPCC done.
2015-02-12 10:54:15,245 (pid-12370): UPCC done.
2015-02-12 10:54:17,719 (pid-12369): 20-round done. Running time: 54.74 sec
2015-02-12 10:54:17,720 (pid-12369): ----------------------------------------------
2015-02-12 10:54:17,726 (pid-12369): Config density = 0.05 done. Running time: 1276.42 sec
2015-02-12 10:54:17,727 (pid-12369): ==============================================
2015-02-12 10:54:28,178 (pid-12372): IPCC done.
2015-02-12 10:54:28,226 (pid-12372): UIPCC done.
2015-02-12 10:54:31,150 (pid-12372): 14-round done. Running time: 88.51 sec
2015-02-12 10:54:31,150 (pid-12372): ----------------------------------------------
2015-02-12 10:54:31,150 (pid-12372): ----------------------------------------------
2015-02-12 10:54:31,150 (pid-12372): 15-round starts.
2015-02-12 10:54:31,150 (pid-12372): ----------------------------------------------
2015-02-12 10:54:36,604 (pid-12372): Removing data entries done.
2015-02-12 10:54:37,016 (pid-12372): UMEAN done.
2015-02-12 10:54:37,040 (pid-12372): IMEAN done.
2015-02-12 10:54:39,415 (pid-12373): IPCC done.
2015-02-12 10:54:39,467 (pid-12373): UIPCC done.
2015-02-12 10:54:42,284 (pid-12373): 13-round done. Running time: 104.58 sec
2015-02-12 10:54:42,285 (pid-12373): ----------------------------------------------
2015-02-12 10:54:42,285 (pid-12373): ----------------------------------------------
2015-02-12 10:54:42,285 (pid-12373): 14-round starts.
2015-02-12 10:54:42,285 (pid-12373): ----------------------------------------------
2015-02-12 10:54:44,768 (pid-12372): UPCC done.
2015-02-12 10:54:47,711 (pid-12373): Removing data entries done.
2015-02-12 10:54:48,133 (pid-12373): UMEAN done.
2015-02-12 10:54:48,157 (pid-12373): IMEAN done.
2015-02-12 10:54:49,745 (pid-12371): IPCC done.
2015-02-12 10:54:49,803 (pid-12371): UIPCC done.
2015-02-12 10:54:52,926 (pid-12371): 16-round done. Running time: 79.52 sec
2015-02-12 10:54:52,927 (pid-12371): ----------------------------------------------
2015-02-12 10:54:52,927 (pid-12371): ----------------------------------------------
2015-02-12 10:54:52,927 (pid-12371): 17-round starts.
2015-02-12 10:54:52,928 (pid-12371): ----------------------------------------------
2015-02-12 10:54:55,946 (pid-12374): IPCC done.
2015-02-12 10:54:55,992 (pid-12374): UIPCC done.
2015-02-12 10:54:56,355 (pid-12373): UPCC done.
2015-02-12 10:54:58,036 (pid-12374): 12-round done. Running time: 102.97 sec
2015-02-12 10:54:58,038 (pid-12374): ----------------------------------------------
2015-02-12 10:54:58,038 (pid-12374): ----------------------------------------------
2015-02-12 10:54:58,038 (pid-12374): 13-round starts.
2015-02-12 10:54:58,038 (pid-12374): ----------------------------------------------
2015-02-12 10:54:58,333 (pid-12371): Removing data entries done.
2015-02-12 10:54:58,754 (pid-12371): UMEAN done.
2015-02-12 10:54:58,778 (pid-12371): IMEAN done.
2015-02-12 10:55:01,788 (pid-12374): Removing data entries done.
2015-02-12 10:55:02,083 (pid-12374): UMEAN done.
2015-02-12 10:55:02,100 (pid-12374): IMEAN done.
2015-02-12 10:55:03,682 (pid-12370): IPCC done.
2015-02-12 10:55:03,731 (pid-12370): UIPCC done.
2015-02-12 10:55:06,151 (pid-12371): UPCC done.
2015-02-12 10:55:06,992 (pid-12370): 16-round done. Running time: 58.96 sec
2015-02-12 10:55:06,994 (pid-12370): ----------------------------------------------
2015-02-12 10:55:06,994 (pid-12370): ----------------------------------------------
2015-02-12 10:55:06,994 (pid-12370): 17-round starts.
2015-02-12 10:55:06,994 (pid-12370): ----------------------------------------------
2015-02-12 10:55:08,441 (pid-12374): UPCC done.
2015-02-12 10:55:12,399 (pid-12370): Removing data entries done.
2015-02-12 10:55:12,824 (pid-12370): UMEAN done.
2015-02-12 10:55:12,846 (pid-12370): IMEAN done.
2015-02-12 10:55:20,374 (pid-12370): UPCC done.
2015-02-12 10:56:01,788 (pid-12372): IPCC done.
2015-02-12 10:56:01,836 (pid-12372): UIPCC done.
2015-02-12 10:56:04,648 (pid-12372): 15-round done. Running time: 87.57 sec
2015-02-12 10:56:04,650 (pid-12372): ----------------------------------------------
2015-02-12 10:56:04,650 (pid-12372): ----------------------------------------------
2015-02-12 10:56:04,650 (pid-12372): 16-round starts.
2015-02-12 10:56:04,650 (pid-12372): ----------------------------------------------
2015-02-12 10:56:09,982 (pid-12372): Removing data entries done.
2015-02-12 10:56:10,376 (pid-12372): UMEAN done.
2015-02-12 10:56:10,398 (pid-12372): IMEAN done.
2015-02-12 10:56:15,396 (pid-12371): IPCC done.
2015-02-12 10:56:15,444 (pid-12371): UIPCC done.
2015-02-12 10:56:17,822 (pid-12372): UPCC done.
2015-02-12 10:56:18,726 (pid-12371): 17-round done. Running time: 79.99 sec
2015-02-12 10:56:18,728 (pid-12371): ----------------------------------------------
2015-02-12 10:56:18,729 (pid-12371): ----------------------------------------------
2015-02-12 10:56:18,729 (pid-12371): 18-round starts.
2015-02-12 10:56:18,729 (pid-12371): ----------------------------------------------
2015-02-12 10:56:19,667 (pid-12374): IPCC done.
2015-02-12 10:56:19,704 (pid-12370): IPCC done.
2015-02-12 10:56:19,712 (pid-12374): UIPCC done.
2015-02-12 10:56:19,759 (pid-12370): UIPCC done.
2015-02-12 10:56:21,737 (pid-12374): 13-round done. Running time: 79.66 sec
2015-02-12 10:56:21,755 (pid-12374): ----------------------------------------------
2015-02-12 10:56:21,755 (pid-12374): ----------------------------------------------
2015-02-12 10:56:21,756 (pid-12374): 14-round starts.
2015-02-12 10:56:21,756 (pid-12374): ----------------------------------------------
2015-02-12 10:56:23,006 (pid-12370): 17-round done. Running time: 70.19 sec
2015-02-12 10:56:23,020 (pid-12370): ----------------------------------------------
2015-02-12 10:56:23,021 (pid-12370): ----------------------------------------------
2015-02-12 10:56:23,021 (pid-12370): 18-round starts.
2015-02-12 10:56:23,022 (pid-12370): ----------------------------------------------
2015-02-12 10:56:23,444 (pid-12373): IPCC done.
2015-02-12 10:56:23,493 (pid-12373): UIPCC done.
2015-02-12 10:56:24,310 (pid-12371): Removing data entries done.
2015-02-12 10:56:24,740 (pid-12371): UMEAN done.
2015-02-12 10:56:24,766 (pid-12371): IMEAN done.
2015-02-12 10:56:25,952 (pid-12374): Removing data entries done.
2015-02-12 10:56:26,188 (pid-12373): 14-round done. Running time: 98.07 sec
2015-02-12 10:56:26,190 (pid-12373): ----------------------------------------------
2015-02-12 10:56:26,190 (pid-12373): ----------------------------------------------
2015-02-12 10:56:26,190 (pid-12373): 15-round starts.
2015-02-12 10:56:26,190 (pid-12373): ----------------------------------------------
2015-02-12 10:56:26,233 (pid-12374): UMEAN done.
2015-02-12 10:56:26,252 (pid-12374): IMEAN done.
2015-02-12 10:56:28,360 (pid-12370): Removing data entries done.
2015-02-12 10:56:28,762 (pid-12370): UMEAN done.
2015-02-12 10:56:28,784 (pid-12370): IMEAN done.
2015-02-12 10:56:31,358 (pid-12373): Removing data entries done.
2015-02-12 10:56:31,789 (pid-12373): UMEAN done.
2015-02-12 10:56:31,812 (pid-12373): IMEAN done.
2015-02-12 10:56:32,211 (pid-12371): UPCC done.
2015-02-12 10:56:32,532 (pid-12374): UPCC done.
2015-02-12 10:56:36,105 (pid-12370): UPCC done.
2015-02-12 10:56:39,628 (pid-12373): UPCC done.
2015-02-12 10:57:24,995 (pid-12371): IPCC done.
2015-02-12 10:57:25,040 (pid-12371): UIPCC done.
2015-02-12 10:57:27,643 (pid-12371): 18-round done. Running time: 62.93 sec
2015-02-12 10:57:27,643 (pid-12371): ----------------------------------------------
2015-02-12 10:57:27,644 (pid-12371): ----------------------------------------------
2015-02-12 10:57:27,644 (pid-12371): 19-round starts.
2015-02-12 10:57:27,644 (pid-12371): ----------------------------------------------
2015-02-12 10:57:31,512 (pid-12371): Removing data entries done.
2015-02-12 10:57:31,790 (pid-12371): UMEAN done.
2015-02-12 10:57:31,806 (pid-12371): IMEAN done.
2015-02-12 10:57:32,547 (pid-12370): IPCC done.
2015-02-12 10:57:32,596 (pid-12370): UIPCC done.
2015-02-12 10:57:36,027 (pid-12370): 18-round done. Running time: 67.20 sec
2015-02-12 10:57:36,029 (pid-12370): ----------------------------------------------
2015-02-12 10:57:36,029 (pid-12370): ----------------------------------------------
2015-02-12 10:57:36,029 (pid-12370): 19-round starts.
2015-02-12 10:57:36,029 (pid-12370): ----------------------------------------------
2015-02-12 10:57:37,164 (pid-12371): UPCC done.
2015-02-12 10:57:38,327 (pid-12372): IPCC done.
2015-02-12 10:57:38,378 (pid-12372): UIPCC done.
2015-02-12 10:57:41,267 (pid-12372): 16-round done. Running time: 90.90 sec
2015-02-12 10:57:41,268 (pid-12372): ----------------------------------------------
2015-02-12 10:57:41,268 (pid-12372): ----------------------------------------------
2015-02-12 10:57:41,268 (pid-12372): 17-round starts.
2015-02-12 10:57:41,268 (pid-12372): ----------------------------------------------
2015-02-12 10:57:41,431 (pid-12370): Removing data entries done.
2015-02-12 10:57:41,857 (pid-12370): UMEAN done.
2015-02-12 10:57:41,880 (pid-12370): IMEAN done.
2015-02-12 10:57:46,637 (pid-12372): Removing data entries done.
2015-02-12 10:57:47,053 (pid-12372): UMEAN done.
2015-02-12 10:57:47,076 (pid-12372): IMEAN done.
2015-02-12 10:57:49,711 (pid-12370): UPCC done.
2015-02-12 10:57:54,642 (pid-12372): UPCC done.
2015-02-12 10:57:55,680 (pid-12374): IPCC done.
2015-02-12 10:57:55,732 (pid-12374): UIPCC done.
2015-02-12 10:57:58,232 (pid-12374): 14-round done. Running time: 92.02 sec
2015-02-12 10:57:58,232 (pid-12374): ----------------------------------------------
2015-02-12 10:57:58,233 (pid-12374): ----------------------------------------------
2015-02-12 10:57:58,233 (pid-12374): 15-round starts.
2015-02-12 10:57:58,233 (pid-12374): ----------------------------------------------
2015-02-12 10:58:00,401 (pid-12373): IPCC done.
2015-02-12 10:58:00,450 (pid-12373): UIPCC done.
2015-02-12 10:58:03,275 (pid-12373): 15-round done. Running time: 91.51 sec
2015-02-12 10:58:03,276 (pid-12373): ----------------------------------------------
2015-02-12 10:58:03,276 (pid-12373): ----------------------------------------------
2015-02-12 10:58:03,276 (pid-12373): 16-round starts.
2015-02-12 10:58:03,276 (pid-12373): ----------------------------------------------
2015-02-12 10:58:03,497 (pid-12374): Removing data entries done.
2015-02-12 10:58:03,899 (pid-12374): UMEAN done.
2015-02-12 10:58:03,922 (pid-12374): IMEAN done.
2015-02-12 10:58:08,569 (pid-12373): Removing data entries done.
2015-02-12 10:58:08,988 (pid-12373): UMEAN done.
2015-02-12 10:58:09,012 (pid-12373): IMEAN done.
2015-02-12 10:58:12,088 (pid-12374): UPCC done.
2015-02-12 10:58:16,959 (pid-12373): UPCC done.
2015-02-12 10:58:25,562 (pid-12371): IPCC done.
2015-02-12 10:58:25,609 (pid-12371): UIPCC done.
2015-02-12 10:58:28,095 (pid-12371): 19-round done. Running time: 56.32 sec
2015-02-12 10:58:28,095 (pid-12371): ----------------------------------------------
2015-02-12 10:58:28,095 (pid-12371): ----------------------------------------------
2015-02-12 10:58:28,096 (pid-12371): 20-round starts.
2015-02-12 10:58:28,096 (pid-12371): ----------------------------------------------
2015-02-12 10:58:31,921 (pid-12371): Removing data entries done.
2015-02-12 10:58:32,201 (pid-12371): UMEAN done.
2015-02-12 10:58:32,217 (pid-12371): IMEAN done.
2015-02-12 10:58:37,661 (pid-12371): UPCC done.
2015-02-12 10:58:49,580 (pid-12370): IPCC done.
2015-02-12 10:58:49,632 (pid-12370): UIPCC done.
2015-02-12 10:58:52,894 (pid-12370): 19-round done. Running time: 71.07 sec
2015-02-12 10:58:52,895 (pid-12370): ----------------------------------------------
2015-02-12 10:58:52,896 (pid-12370): ----------------------------------------------
2015-02-12 10:58:52,896 (pid-12370): 20-round starts.
2015-02-12 10:58:52,896 (pid-12370): ----------------------------------------------
2015-02-12 10:58:58,265 (pid-12370): Removing data entries done.
2015-02-12 10:58:58,690 (pid-12370): UMEAN done.
2015-02-12 10:58:58,714 (pid-12370): IMEAN done.
2015-02-12 10:59:03,565 (pid-12372): IPCC done.
2015-02-12 10:59:03,627 (pid-12372): UIPCC done.
2015-02-12 10:59:06,541 (pid-12372): 17-round done. Running time: 79.50 sec
2015-02-12 10:59:06,542 (pid-12372): ----------------------------------------------
2015-02-12 10:59:06,542 (pid-12372): ----------------------------------------------
2015-02-12 10:59:06,542 (pid-12372): 18-round starts.
2015-02-12 10:59:06,543 (pid-12372): ----------------------------------------------
2015-02-12 10:59:06,623 (pid-12370): UPCC done.
2015-02-12 10:59:11,892 (pid-12372): Removing data entries done.
2015-02-12 10:59:12,310 (pid-12372): UMEAN done.
2015-02-12 10:59:12,332 (pid-12372): IMEAN done.
2015-02-12 10:59:19,797 (pid-12372): UPCC done.
2015-02-12 10:59:31,924 (pid-12371): IPCC done.
2015-02-12 10:59:31,989 (pid-12371): UIPCC done.
2015-02-12 10:59:34,962 (pid-12371): 20-round done. Running time: 62.76 sec
2015-02-12 10:59:34,963 (pid-12371): ----------------------------------------------
2015-02-12 10:59:34,992 (pid-12371): Config density = 0.15 done. Running time: 1593.89 sec
2015-02-12 10:59:34,992 (pid-12371): ==============================================
2015-02-12 10:59:37,068 (pid-12374): IPCC done.
2015-02-12 10:59:37,136 (pid-12374): UIPCC done.
2015-02-12 10:59:39,405 (pid-12373): IPCC done.
2015-02-12 10:59:39,470 (pid-12373): UIPCC done.
2015-02-12 10:59:39,589 (pid-12374): 15-round done. Running time: 95.65 sec
2015-02-12 10:59:39,590 (pid-12374): ----------------------------------------------
2015-02-12 10:59:39,591 (pid-12374): ----------------------------------------------
2015-02-12 10:59:39,591 (pid-12374): 16-round starts.
2015-02-12 10:59:39,591 (pid-12374): ----------------------------------------------
2015-02-12 10:59:42,147 (pid-12373): 16-round done. Running time: 93.15 sec
2015-02-12 10:59:42,147 (pid-12373): ----------------------------------------------
2015-02-12 10:59:42,148 (pid-12373): ----------------------------------------------
2015-02-12 10:59:42,148 (pid-12373): 17-round starts.
2015-02-12 10:59:42,148 (pid-12373): ----------------------------------------------
2015-02-12 10:59:43,224 (pid-12374): Removing data entries done.
2015-02-12 10:59:43,643 (pid-12374): UMEAN done.
2015-02-12 10:59:43,665 (pid-12374): IMEAN done.
2015-02-12 10:59:46,004 (pid-12373): Removing data entries done.
2015-02-12 10:59:46,280 (pid-12373): UMEAN done.
2015-02-12 10:59:46,295 (pid-12373): IMEAN done.
2015-02-12 10:59:51,803 (pid-12374): UPCC done.
2015-02-12 10:59:52,061 (pid-12373): UPCC done.
2015-02-12 10:59:57,612 (pid-12370): IPCC done.
2015-02-12 10:59:57,658 (pid-12370): UIPCC done.
2015-02-12 11:00:00,292 (pid-12370): 20-round done. Running time: 61.61 sec
2015-02-12 11:00:00,293 (pid-12370): ----------------------------------------------
2015-02-12 11:00:00,301 (pid-12370): Config density = 0.10 done. Running time: 1618.87 sec
2015-02-12 11:00:00,301 (pid-12370): ==============================================
2015-02-12 11:00:26,054 (pid-12372): IPCC done.
2015-02-12 11:00:26,099 (pid-12372): UIPCC done.
2015-02-12 11:00:28,399 (pid-12372): 18-round done. Running time: 76.07 sec
2015-02-12 11:00:28,400 (pid-12372): ----------------------------------------------
2015-02-12 11:00:28,400 (pid-12372): ----------------------------------------------
2015-02-12 11:00:28,400 (pid-12372): 19-round starts.
2015-02-12 11:00:28,401 (pid-12372): ----------------------------------------------
2015-02-12 11:00:32,068 (pid-12372): Removing data entries done.
2015-02-12 11:00:32,342 (pid-12372): UMEAN done.
2015-02-12 11:00:32,358 (pid-12372): IMEAN done.
2015-02-12 11:00:37,919 (pid-12372): UPCC done.
2015-02-12 11:00:56,434 (pid-12373): IPCC done.
2015-02-12 11:00:56,482 (pid-12373): UIPCC done.
2015-02-12 11:00:59,284 (pid-12373): 17-round done. Running time: 73.01 sec
2015-02-12 11:00:59,284 (pid-12373): ----------------------------------------------
2015-02-12 11:00:59,285 (pid-12373): ----------------------------------------------
2015-02-12 11:00:59,285 (pid-12373): 18-round starts.
2015-02-12 11:00:59,285 (pid-12373): ----------------------------------------------
2015-02-12 11:01:04,482 (pid-12373): Removing data entries done.
2015-02-12 11:01:04,896 (pid-12373): UMEAN done.
2015-02-12 11:01:04,920 (pid-12373): IMEAN done.
2015-02-12 11:01:12,807 (pid-12373): UPCC done.
2015-02-12 11:01:17,732 (pid-12374): IPCC done.
2015-02-12 11:01:17,805 (pid-12374): UIPCC done.
2015-02-12 11:01:20,408 (pid-12374): 16-round done. Running time: 96.76 sec
2015-02-12 11:01:20,408 (pid-12374): ----------------------------------------------
2015-02-12 11:01:20,408 (pid-12374): ----------------------------------------------
2015-02-12 11:01:20,409 (pid-12374): 17-round starts.
2015-02-12 11:01:20,409 (pid-12374): ----------------------------------------------
2015-02-12 11:01:25,107 (pid-12374): Removing data entries done.
2015-02-12 11:01:25,381 (pid-12374): UMEAN done.
2015-02-12 11:01:25,396 (pid-12374): IMEAN done.
2015-02-12 11:01:31,545 (pid-12374): UPCC done.
2015-02-12 11:01:32,038 (pid-12372): IPCC done.
2015-02-12 11:01:32,082 (pid-12372): UIPCC done.
2015-02-12 11:01:34,378 (pid-12372): 19-round done. Running time: 62.04 sec
2015-02-12 11:01:34,379 (pid-12372): ----------------------------------------------
2015-02-12 11:01:34,379 (pid-12372): ----------------------------------------------
2015-02-12 11:01:34,379 (pid-12372): 20-round starts.
2015-02-12 11:01:34,379 (pid-12372): ----------------------------------------------
2015-02-12 11:01:38,028 (pid-12372): Removing data entries done.
2015-02-12 11:01:38,304 (pid-12372): UMEAN done.
2015-02-12 11:01:38,319 (pid-12372): IMEAN done.
2015-02-12 11:01:43,723 (pid-12372): UPCC done.
2015-02-12 11:02:17,284 (pid-12373): IPCC done.
2015-02-12 11:02:17,328 (pid-12373): UIPCC done.
2015-02-12 11:02:19,463 (pid-12373): 18-round done. Running time: 74.59 sec
2015-02-12 11:02:19,463 (pid-12373): ----------------------------------------------
2015-02-12 11:02:19,464 (pid-12373): ----------------------------------------------
2015-02-12 11:02:19,464 (pid-12373): 19-round starts.
2015-02-12 11:02:19,464 (pid-12373): ----------------------------------------------
2015-02-12 11:02:23,082 (pid-12373): Removing data entries done.
2015-02-12 11:02:23,357 (pid-12373): UMEAN done.
2015-02-12 11:02:23,373 (pid-12373): IMEAN done.
2015-02-12 11:02:29,206 (pid-12373): UPCC done.
2015-02-12 11:02:38,413 (pid-12372): IPCC done.
2015-02-12 11:02:38,467 (pid-12372): UIPCC done.
2015-02-12 11:02:40,769 (pid-12372): 20-round done. Running time: 62.45 sec
2015-02-12 11:02:40,770 (pid-12372): ----------------------------------------------
2015-02-12 11:02:40,805 (pid-12372): Config density = 0.20 done. Running time: 1779.30 sec
2015-02-12 11:02:40,806 (pid-12372): ==============================================
2015-02-12 11:02:42,972 (pid-12374): IPCC done.
2015-02-12 11:02:43,017 (pid-12374): UIPCC done.
2015-02-12 11:02:45,010 (pid-12374): 17-round done. Running time: 79.65 sec
2015-02-12 11:02:45,011 (pid-12374): ----------------------------------------------
2015-02-12 11:02:45,011 (pid-12374): ----------------------------------------------
2015-02-12 11:02:45,011 (pid-12374): 18-round starts.
2015-02-12 11:02:45,011 (pid-12374): ----------------------------------------------
2015-02-12 11:02:48,579 (pid-12374): Removing data entries done.
2015-02-12 11:02:48,854 (pid-12374): UMEAN done.
2015-02-12 11:02:48,868 (pid-12374): IMEAN done.
2015-02-12 11:02:55,039 (pid-12374): UPCC done.
2015-02-12 11:03:30,684 (pid-12373): IPCC done.
2015-02-12 11:03:30,727 (pid-12373): UIPCC done.
2015-02-12 11:03:32,855 (pid-12373): 19-round done. Running time: 69.52 sec
2015-02-12 11:03:32,855 (pid-12373): ----------------------------------------------
2015-02-12 11:03:32,856 (pid-12373): ----------------------------------------------
2015-02-12 11:03:32,856 (pid-12373): 20-round starts.
2015-02-12 11:03:32,856 (pid-12373): ----------------------------------------------
2015-02-12 11:03:36,321 (pid-12373): Removing data entries done.
2015-02-12 11:03:36,591 (pid-12373): UMEAN done.
2015-02-12 11:03:36,605 (pid-12373): IMEAN done.
2015-02-12 11:03:42,320 (pid-12373): UPCC done.
2015-02-12 11:04:05,836 (pid-12374): IPCC done.
2015-02-12 11:04:05,878 (pid-12374): UIPCC done.
2015-02-12 11:04:07,853 (pid-12374): 18-round done. Running time: 78.99 sec
2015-02-12 11:04:07,854 (pid-12374): ----------------------------------------------
2015-02-12 11:04:07,854 (pid-12374): ----------------------------------------------
2015-02-12 11:04:07,854 (pid-12374): 19-round starts.
2015-02-12 11:04:07,855 (pid-12374): ----------------------------------------------
2015-02-12 11:04:11,261 (pid-12374): Removing data entries done.
2015-02-12 11:04:11,529 (pid-12374): UMEAN done.
2015-02-12 11:04:11,544 (pid-12374): IMEAN done.
2015-02-12 11:04:17,574 (pid-12374): UPCC done.
2015-02-12 11:04:44,926 (pid-12373): IPCC done.
2015-02-12 11:04:44,975 (pid-12373): UIPCC done.
2015-02-12 11:04:47,093 (pid-12373): 20-round done. Running time: 70.51 sec
2015-02-12 11:04:47,093 (pid-12373): ----------------------------------------------
2015-02-12 11:04:47,100 (pid-12373): Config density = 0.25 done. Running time: 1905.53 sec
2015-02-12 11:04:47,100 (pid-12373): ==============================================
2015-02-12 11:05:23,038 (pid-12374): IPCC done.
2015-02-12 11:05:23,078 (pid-12374): UIPCC done.
2015-02-12 11:05:24,948 (pid-12374): 19-round done. Running time: 73.43 sec
2015-02-12 11:05:24,949 (pid-12374): ----------------------------------------------
2015-02-12 11:05:24,950 (pid-12374): ----------------------------------------------
2015-02-12 11:05:24,950 (pid-12374): 20-round starts.
2015-02-12 11:05:24,950 (pid-12374): ----------------------------------------------
2015-02-12 11:05:28,098 (pid-12374): Removing data entries done.
2015-02-12 11:05:28,356 (pid-12374): UMEAN done.
2015-02-12 11:05:28,370 (pid-12374): IMEAN done.
2015-02-12 11:05:33,926 (pid-12374): UPCC done.
2015-02-12 11:06:39,846 (pid-12374): IPCC done.
2015-02-12 11:06:39,889 (pid-12374): UIPCC done.
2015-02-12 11:06:41,772 (pid-12374): 20-round done. Running time: 73.41 sec
2015-02-12 11:06:41,772 (pid-12374): ----------------------------------------------
2015-02-12 11:06:41,778 (pid-12374): Config density = 0.30 done. Running time: 2020.56 sec
2015-02-12 11:06:41,778 (pid-12374): ==============================================
2015-02-12 11:06:41,946 (pid-12368): All done. Total running time: 01-th day - 00hour - 00min - 05sec.
2015-02-12 11:06:41,946 (pid-12368): ==============================================
