2015-02-12 10:32:52,879 (pid-12341): ==========================================
2015-02-12 10:32:52,879 (pid-12341): Config:
2015-02-12 10:32:52,880 (pid-12341): parallelMode = True
2015-02-12 10:32:52,880 (pid-12341): dataType = rt
2015-02-12 10:32:52,880 (pid-12341): dataPath = ../../data/dataset#1/
2015-02-12 10:32:52,880 (pid-12341): metrics = ['MAE', 'NMAE', 'RMSE']
2015-02-12 10:32:52,881 (pid-12341): saveLog = True
2015-02-12 10:32:52,881 (pid-12341): exeFile = run_rt.py
2015-02-12 10:32:52,881 (pid-12341): srcPath = /net/fokker/f0/data/gds/jmzhu/matlab/WSRec/Privacy-preserving/P-UIPCC/src
2015-02-12 10:32:52,882 (pid-12341): debugMode = False
2015-02-12 10:32:52,882 (pid-12341): saveTimeInfo = False
2015-02-12 10:32:52,882 (pid-12341): rounds = 20
2015-02-12 10:32:52,883 (pid-12341): workPath = /net/fokker/f0/data/gds/jmzhu/matlab/WSRec/Privacy-preserving/P-UIPCC
2015-02-12 10:32:52,883 (pid-12341): density = [0.050000000000000003, 0.10000000000000001, 0.15000000000000002, 0.20000000000000001, 0.25, 0.29999999999999999]
2015-02-12 10:32:52,883 (pid-12341): noiseType = uniform
2015-02-12 10:32:52,884 (pid-12341): noiseRange = 0.5
2015-02-12 10:32:52,884 (pid-12341): topK = 10
2015-02-12 10:32:52,884 (pid-12341): outPath = result/
2015-02-12 10:32:52,884 (pid-12341): logFile = run_rt.py.log
2015-02-12 10:32:52,885 (pid-12341): lambda = 0.9
2015-02-12 10:32:52,885 (pid-12341): ==============================================
2015-02-12 10:32:52,885 (pid-12341): Approach: Privacy-preserving [UMEAN, IMEAN, UPCC, IPCC, UIPCC].
2015-02-12 10:32:52,886 (pid-12341): Load data: ../../data/dataset#1/rtMatrix.txt
2015-02-12 10:32:54,191 (pid-12341): Loading data done.
2015-02-12 10:32:54,413 (pid-12344): Data matrix size: 339 users * 5825 services
2015-02-12 10:32:54,415 (pid-12344): Run for 20 rounds: matrix density = 0.05.
2015-02-12 10:32:54,415 (pid-12344): ----------------------------------------------
2015-02-12 10:32:54,415 (pid-12344): 1-round starts.
2015-02-12 10:32:54,416 (pid-12344): ----------------------------------------------
2015-02-12 10:32:54,469 (pid-12345): Data matrix size: 339 users * 5825 services
2015-02-12 10:32:54,472 (pid-12345): Run for 20 rounds: matrix density = 0.10.
2015-02-12 10:32:54,473 (pid-12345): ----------------------------------------------
2015-02-12 10:32:54,473 (pid-12345): 1-round starts.
2015-02-12 10:32:54,473 (pid-12345): ----------------------------------------------
2015-02-12 10:32:54,530 (pid-12346): Data matrix size: 339 users * 5825 services
2015-02-12 10:32:54,532 (pid-12346): Run for 20 rounds: matrix density = 0.15.
2015-02-12 10:32:54,532 (pid-12346): ----------------------------------------------
2015-02-12 10:32:54,533 (pid-12346): 1-round starts.
2015-02-12 10:32:54,533 (pid-12346): ----------------------------------------------
2015-02-12 10:32:54,595 (pid-12347): Data matrix size: 339 users * 5825 services
2015-02-12 10:32:54,597 (pid-12347): Run for 20 rounds: matrix density = 0.20.
2015-02-12 10:32:54,598 (pid-12347): ----------------------------------------------
2015-02-12 10:32:54,598 (pid-12347): 1-round starts.
2015-02-12 10:32:54,598 (pid-12347): ----------------------------------------------
2015-02-12 10:32:54,649 (pid-12348): Data matrix size: 339 users * 5825 services
2015-02-12 10:32:54,652 (pid-12348): Run for 20 rounds: matrix density = 0.25.
2015-02-12 10:32:54,652 (pid-12348): ----------------------------------------------
2015-02-12 10:32:54,652 (pid-12348): 1-round starts.
2015-02-12 10:32:54,652 (pid-12348): ----------------------------------------------
2015-02-12 10:32:54,700 (pid-12349): Data matrix size: 339 users * 5825 services
2015-02-12 10:32:54,702 (pid-12349): Run for 20 rounds: matrix density = 0.30.
2015-02-12 10:32:54,702 (pid-12349): ----------------------------------------------
2015-02-12 10:32:54,703 (pid-12349): 1-round starts.
2015-02-12 10:32:54,703 (pid-12349): ----------------------------------------------
2015-02-12 10:32:57,831 (pid-12345): Removing data entries done.
2015-02-12 10:32:57,839 (pid-12349): Removing data entries done.
2015-02-12 10:32:57,891 (pid-12344): Removing data entries done.
2015-02-12 10:32:58,119 (pid-12345): UMEAN done.
2015-02-12 10:32:58,123 (pid-12349): UMEAN done.
2015-02-12 10:32:58,140 (pid-12345): IMEAN done.
2015-02-12 10:32:58,144 (pid-12349): IMEAN done.
2015-02-12 10:32:58,178 (pid-12344): UMEAN done.
2015-02-12 10:32:58,199 (pid-12344): IMEAN done.
2015-02-12 10:32:58,311 (pid-12347): Removing data entries done.
2015-02-12 10:32:58,601 (pid-12347): UMEAN done.
2015-02-12 10:32:58,621 (pid-12347): IMEAN done.
2015-02-12 10:32:58,962 (pid-12346): Removing data entries done.
2015-02-12 10:32:59,097 (pid-12348): Removing data entries done.
2015-02-12 10:32:59,397 (pid-12346): UMEAN done.
2015-02-12 10:32:59,427 (pid-12346): IMEAN done.
2015-02-12 10:32:59,529 (pid-12348): UMEAN done.
2015-02-12 10:32:59,569 (pid-12348): IMEAN done.
2015-02-12 10:33:05,402 (pid-12346): UPCC done.
2015-02-12 10:33:05,929 (pid-12347): UPCC done.
2015-02-12 10:33:06,215 (pid-12349): UPCC done.
2015-02-12 10:33:06,527 (pid-12345): UPCC done.
2015-02-12 10:33:07,279 (pid-12348): UPCC done.
2015-02-12 10:33:08,805 (pid-12344): UPCC done.
2015-02-12 10:33:56,041 (pid-12344): IPCC done.
2015-02-12 10:33:56,103 (pid-12344): UIPCC done.
2015-02-12 10:33:57,192 (pid-12344): 1-round done. Running time: 59.03 sec
2015-02-12 10:33:57,193 (pid-12344): ----------------------------------------------
2015-02-12 10:33:57,193 (pid-12344): ----------------------------------------------
2015-02-12 10:33:57,193 (pid-12344): 2-round starts.
2015-02-12 10:33:57,194 (pid-12344): ----------------------------------------------
2015-02-12 10:34:02,400 (pid-12345): IPCC done.
2015-02-12 10:34:02,458 (pid-12345): UIPCC done.
2015-02-12 10:34:02,762 (pid-12344): Removing data entries done.
2015-02-12 10:34:03,203 (pid-12344): UMEAN done.
2015-02-12 10:34:03,227 (pid-12345): 1-round done. Running time: 65.00 sec
2015-02-12 10:34:03,229 (pid-12345): ----------------------------------------------
2015-02-12 10:34:03,230 (pid-12345): ----------------------------------------------
2015-02-12 10:34:03,230 (pid-12344): IMEAN done.
2015-02-12 10:34:03,230 (pid-12345): 2-round starts.
2015-02-12 10:34:03,252 (pid-12345): ----------------------------------------------
2015-02-12 10:34:08,555 (pid-12345): Removing data entries done.
2015-02-12 10:34:08,970 (pid-12345): UMEAN done.
2015-02-12 10:34:08,995 (pid-12345): IMEAN done.
2015-02-12 10:34:13,215 (pid-12346): IPCC done.
2015-02-12 10:34:13,287 (pid-12346): UIPCC done.
2015-02-12 10:34:14,340 (pid-12346): 1-round done. Running time: 74.96 sec
2015-02-12 10:34:14,341 (pid-12346): ----------------------------------------------
2015-02-12 10:34:14,342 (pid-12346): ----------------------------------------------
2015-02-12 10:34:14,342 (pid-12346): 2-round starts.
2015-02-12 10:34:14,342 (pid-12346): ----------------------------------------------
2015-02-12 10:34:14,436 (pid-12344): UPCC done.
2015-02-12 10:34:16,564 (pid-12345): UPCC done.
2015-02-12 10:34:19,531 (pid-12347): IPCC done.
2015-02-12 10:34:19,611 (pid-12347): UIPCC done.
2015-02-12 10:34:19,762 (pid-12346): Removing data entries done.
2015-02-12 10:34:20,191 (pid-12346): UMEAN done.
2015-02-12 10:34:20,215 (pid-12346): IMEAN done.
2015-02-12 10:34:20,552 (pid-12347): 1-round done. Running time: 81.97 sec
2015-02-12 10:34:20,553 (pid-12347): ----------------------------------------------
2015-02-12 10:34:20,553 (pid-12347): ----------------------------------------------
2015-02-12 10:34:20,553 (pid-12347): 2-round starts.
2015-02-12 10:34:20,554 (pid-12347): ----------------------------------------------
2015-02-12 10:34:25,843 (pid-12347): Removing data entries done.
2015-02-12 10:34:26,240 (pid-12347): UMEAN done.
2015-02-12 10:34:26,262 (pid-12347): IMEAN done.
2015-02-12 10:34:27,318 (pid-12346): UPCC done.
2015-02-12 10:34:29,984 (pid-12348): IPCC done.
2015-02-12 10:34:30,056 (pid-12348): UIPCC done.
2015-02-12 10:34:31,046 (pid-12348): 1-round done. Running time: 91.54 sec
2015-02-12 10:34:31,048 (pid-12348): ----------------------------------------------
2015-02-12 10:34:31,048 (pid-12348): ----------------------------------------------
2015-02-12 10:34:31,048 (pid-12348): 2-round starts.
2015-02-12 10:34:31,048 (pid-12348): ----------------------------------------------
2015-02-12 10:34:33,558 (pid-12347): UPCC done.
2015-02-12 10:34:36,384 (pid-12348): Removing data entries done.
2015-02-12 10:34:36,767 (pid-12348): UMEAN done.
2015-02-12 10:34:36,791 (pid-12348): IMEAN done.
2015-02-12 10:34:39,210 (pid-12349): IPCC done.
2015-02-12 10:34:39,280 (pid-12349): UIPCC done.
2015-02-12 10:34:40,170 (pid-12349): 1-round done. Running time: 101.99 sec
2015-02-12 10:34:40,170 (pid-12349): ----------------------------------------------
2015-02-12 10:34:40,171 (pid-12349): ----------------------------------------------
2015-02-12 10:34:40,171 (pid-12349): 2-round starts.
2015-02-12 10:34:40,171 (pid-12349): ----------------------------------------------
2015-02-12 10:34:44,722 (pid-12348): UPCC done.
2015-02-12 10:34:45,756 (pid-12349): Removing data entries done.
2015-02-12 10:34:46,178 (pid-12349): UMEAN done.
2015-02-12 10:34:46,202 (pid-12349): IMEAN done.
2015-02-12 10:34:54,494 (pid-12349): UPCC done.
2015-02-12 10:35:04,290 (pid-12344): IPCC done.
2015-02-12 10:35:04,340 (pid-12344): UIPCC done.
2015-02-12 10:35:05,472 (pid-12344): 2-round done. Running time: 62.26 sec
2015-02-12 10:35:05,473 (pid-12344): ----------------------------------------------
2015-02-12 10:35:05,474 (pid-12344): ----------------------------------------------
2015-02-12 10:35:05,474 (pid-12344): 3-round starts.
2015-02-12 10:35:05,474 (pid-12344): ----------------------------------------------
2015-02-12 10:35:11,006 (pid-12344): Removing data entries done.
2015-02-12 10:35:11,438 (pid-12344): UMEAN done.
2015-02-12 10:35:11,462 (pid-12344): IMEAN done.
2015-02-12 10:35:14,341 (pid-12345): IPCC done.
2015-02-12 10:35:14,392 (pid-12345): UIPCC done.
2015-02-12 10:35:15,431 (pid-12345): 2-round done. Running time: 66.46 sec
2015-02-12 10:35:15,432 (pid-12345): ----------------------------------------------
2015-02-12 10:35:15,432 (pid-12345): ----------------------------------------------
2015-02-12 10:35:15,432 (pid-12345): 3-round starts.
2015-02-12 10:35:15,432 (pid-12345): ----------------------------------------------
2015-02-12 10:35:20,666 (pid-12345): Removing data entries done.
2015-02-12 10:35:21,079 (pid-12345): UMEAN done.
2015-02-12 10:35:21,101 (pid-12345): IMEAN done.
2015-02-12 10:35:22,079 (pid-12344): UPCC done.
2015-02-12 10:35:28,554 (pid-12345): UPCC done.
2015-02-12 10:35:34,387 (pid-12346): IPCC done.
2015-02-12 10:35:34,436 (pid-12346): UIPCC done.
2015-02-12 10:35:35,468 (pid-12346): 2-round done. Running time: 75.30 sec
2015-02-12 10:35:35,469 (pid-12346): ----------------------------------------------
2015-02-12 10:35:35,469 (pid-12346): ----------------------------------------------
2015-02-12 10:35:35,470 (pid-12346): 3-round starts.
2015-02-12 10:35:35,470 (pid-12346): ----------------------------------------------
2015-02-12 10:35:40,868 (pid-12346): Removing data entries done.
2015-02-12 10:35:41,302 (pid-12346): UMEAN done.
2015-02-12 10:35:41,326 (pid-12346): IMEAN done.
2015-02-12 10:35:48,536 (pid-12347): IPCC done.
2015-02-12 10:35:48,588 (pid-12347): UIPCC done.
2015-02-12 10:35:48,738 (pid-12346): UPCC done.
2015-02-12 10:35:49,514 (pid-12347): 2-round done. Running time: 83.29 sec
2015-02-12 10:35:49,515 (pid-12347): ----------------------------------------------
2015-02-12 10:35:49,516 (pid-12347): ----------------------------------------------
2015-02-12 10:35:49,518 (pid-12347): 3-round starts.
2015-02-12 10:35:49,518 (pid-12347): ----------------------------------------------
2015-02-12 10:35:54,822 (pid-12347): Removing data entries done.
2015-02-12 10:35:55,226 (pid-12347): UMEAN done.
2015-02-12 10:35:55,249 (pid-12347): IMEAN done.
2015-02-12 10:36:02,379 (pid-12347): UPCC done.
2015-02-12 10:36:08,655 (pid-12348): IPCC done.
2015-02-12 10:36:08,703 (pid-12348): UIPCC done.
2015-02-12 10:36:09,542 (pid-12348): 2-round done. Running time: 92.79 sec
2015-02-12 10:36:09,542 (pid-12348): ----------------------------------------------
2015-02-12 10:36:09,542 (pid-12348): ----------------------------------------------
2015-02-12 10:36:09,542 (pid-12348): 3-round starts.
2015-02-12 10:36:09,542 (pid-12348): ----------------------------------------------
2015-02-12 10:36:12,226 (pid-12344): IPCC done.
2015-02-12 10:36:12,279 (pid-12344): UIPCC done.
2015-02-12 10:36:13,414 (pid-12344): 3-round done. Running time: 61.96 sec
2015-02-12 10:36:13,414 (pid-12344): ----------------------------------------------
2015-02-12 10:36:13,414 (pid-12344): ----------------------------------------------
2015-02-12 10:36:13,415 (pid-12344): 4-round starts.
2015-02-12 10:36:13,415 (pid-12344): ----------------------------------------------
2015-02-12 10:36:14,830 (pid-12348): Removing data entries done.
2015-02-12 10:36:15,251 (pid-12348): UMEAN done.
2015-02-12 10:36:15,275 (pid-12348): IMEAN done.
2015-02-12 10:36:18,902 (pid-12344): Removing data entries done.
2015-02-12 10:36:19,162 (pid-12349): IPCC done.
2015-02-12 10:36:19,210 (pid-12349): UIPCC done.
2015-02-12 10:36:19,339 (pid-12344): UMEAN done.
2015-02-12 10:36:19,367 (pid-12344): IMEAN done.
2015-02-12 10:36:19,839 (pid-12349): 2-round done. Running time: 93.67 sec
2015-02-12 10:36:19,839 (pid-12349): ----------------------------------------------
2015-02-12 10:36:19,839 (pid-12349): ----------------------------------------------
2015-02-12 10:36:19,839 (pid-12349): 3-round starts.
2015-02-12 10:36:19,839 (pid-12349): ----------------------------------------------
2015-02-12 10:36:22,931 (pid-12348): UPCC done.
2015-02-12 10:36:23,822 (pid-12349): Removing data entries done.
2015-02-12 10:36:24,110 (pid-12349): UMEAN done.
2015-02-12 10:36:24,126 (pid-12349): IMEAN done.
2015-02-12 10:36:27,910 (pid-12345): IPCC done.
2015-02-12 10:36:27,963 (pid-12345): UIPCC done.
2015-02-12 10:36:28,991 (pid-12345): 3-round done. Running time: 67.92 sec
2015-02-12 10:36:28,994 (pid-12345): ----------------------------------------------
2015-02-12 10:36:28,994 (pid-12345): ----------------------------------------------
2015-02-12 10:36:28,994 (pid-12345): 4-round starts.
2015-02-12 10:36:28,994 (pid-12345): ----------------------------------------------
2015-02-12 10:36:30,031 (pid-12344): UPCC done.
2015-02-12 10:36:30,462 (pid-12349): UPCC done.
2015-02-12 10:36:34,198 (pid-12345): Removing data entries done.
2015-02-12 10:36:34,610 (pid-12345): UMEAN done.
2015-02-12 10:36:34,631 (pid-12345): IMEAN done.
2015-02-12 10:36:42,202 (pid-12345): UPCC done.
2015-02-12 10:36:57,522 (pid-12346): IPCC done.
2015-02-12 10:36:57,579 (pid-12346): UIPCC done.
2015-02-12 10:36:58,594 (pid-12346): 3-round done. Running time: 77.30 sec
2015-02-12 10:36:58,596 (pid-12346): ----------------------------------------------
2015-02-12 10:36:58,596 (pid-12346): ----------------------------------------------
2015-02-12 10:36:58,596 (pid-12346): 4-round starts.
2015-02-12 10:36:58,596 (pid-12346): ----------------------------------------------
2015-02-12 10:37:03,978 (pid-12346): Removing data entries done.
2015-02-12 10:37:04,410 (pid-12346): UMEAN done.
2015-02-12 10:37:04,434 (pid-12346): IMEAN done.
2015-02-12 10:37:11,934 (pid-12346): UPCC done.
2015-02-12 10:37:17,566 (pid-12347): IPCC done.
2015-02-12 10:37:17,619 (pid-12347): UIPCC done.
2015-02-12 10:37:18,546 (pid-12347): 3-round done. Running time: 83.33 sec
2015-02-12 10:37:18,546 (pid-12347): ----------------------------------------------
2015-02-12 10:37:18,546 (pid-12347): ----------------------------------------------
2015-02-12 10:37:18,546 (pid-12347): 4-round starts.
2015-02-12 10:37:18,546 (pid-12347): ----------------------------------------------
2015-02-12 10:37:19,818 (pid-12344): IPCC done.
2015-02-12 10:37:19,870 (pid-12344): UIPCC done.
2015-02-12 10:37:20,998 (pid-12344): 4-round done. Running time: 61.66 sec
2015-02-12 10:37:20,998 (pid-12344): ----------------------------------------------
2015-02-12 10:37:20,998 (pid-12344): ----------------------------------------------
2015-02-12 10:37:20,998 (pid-12344): 5-round starts.
2015-02-12 10:37:20,998 (pid-12344): ----------------------------------------------
2015-02-12 10:37:23,874 (pid-12347): Removing data entries done.
2015-02-12 10:37:24,274 (pid-12347): UMEAN done.
2015-02-12 10:37:24,295 (pid-12347): IMEAN done.
2015-02-12 10:37:26,478 (pid-12344): Removing data entries done.
2015-02-12 10:37:26,922 (pid-12344): UMEAN done.
2015-02-12 10:37:26,946 (pid-12344): IMEAN done.
2015-02-12 10:37:31,520 (pid-12347): UPCC done.
2015-02-12 10:37:37,386 (pid-12344): UPCC done.
2015-02-12 10:37:40,411 (pid-12345): IPCC done.
2015-02-12 10:37:40,462 (pid-12345): UIPCC done.
2015-02-12 10:37:41,050 (pid-12349): IPCC done.
2015-02-12 10:37:41,102 (pid-12349): UIPCC done.
2015-02-12 10:37:41,506 (pid-12345): 4-round done. Running time: 66.92 sec
2015-02-12 10:37:41,507 (pid-12345): ----------------------------------------------
2015-02-12 10:37:41,507 (pid-12345): ----------------------------------------------
2015-02-12 10:37:41,510 (pid-12345): 5-round starts.
2015-02-12 10:37:41,510 (pid-12345): ----------------------------------------------
2015-02-12 10:37:41,734 (pid-12349): 3-round done. Running time: 77.62 sec
2015-02-12 10:37:41,736 (pid-12349): ----------------------------------------------
2015-02-12 10:37:41,736 (pid-12349): ----------------------------------------------
2015-02-12 10:37:41,736 (pid-12349): 4-round starts.
2015-02-12 10:37:41,736 (pid-12349): ----------------------------------------------
2015-02-12 10:37:45,698 (pid-12349): Removing data entries done.
2015-02-12 10:37:45,942 (pid-12348): IPCC done.
2015-02-12 10:37:45,986 (pid-12349): UMEAN done.
2015-02-12 10:37:45,994 (pid-12348): UIPCC done.
2015-02-12 10:37:46,002 (pid-12349): IMEAN done.
2015-02-12 10:37:46,730 (pid-12345): Removing data entries done.
2015-02-12 10:37:46,914 (pid-12348): 3-round done. Running time: 91.69 sec
2015-02-12 10:37:46,918 (pid-12348): ----------------------------------------------
2015-02-12 10:37:46,918 (pid-12348): ----------------------------------------------
2015-02-12 10:37:46,918 (pid-12348): 4-round starts.
2015-02-12 10:37:46,918 (pid-12348): ----------------------------------------------
2015-02-12 10:37:47,138 (pid-12345): UMEAN done.
2015-02-12 10:37:47,163 (pid-12345): IMEAN done.
2015-02-12 10:37:52,154 (pid-12348): Removing data entries done.
2015-02-12 10:37:52,330 (pid-12349): UPCC done.
2015-02-12 10:37:52,562 (pid-12348): UMEAN done.
2015-02-12 10:37:52,586 (pid-12348): IMEAN done.
2015-02-12 10:37:54,702 (pid-12345): UPCC done.
2015-02-12 10:38:00,254 (pid-12348): UPCC done.
2015-02-12 10:38:16,758 (pid-12346): IPCC done.
2015-02-12 10:38:16,806 (pid-12346): UIPCC done.
2015-02-12 10:38:17,518 (pid-12346): 4-round done. Running time: 73.13 sec
2015-02-12 10:38:17,518 (pid-12346): ----------------------------------------------
2015-02-12 10:38:17,518 (pid-12346): ----------------------------------------------
2015-02-12 10:38:17,518 (pid-12346): 5-round starts.
2015-02-12 10:38:17,518 (pid-12346): ----------------------------------------------
2015-02-12 10:38:21,351 (pid-12346): Removing data entries done.
2015-02-12 10:38:21,637 (pid-12346): UMEAN done.
2015-02-12 10:38:21,653 (pid-12346): IMEAN done.
2015-02-12 10:38:22,622 (pid-12344): IPCC done.
2015-02-12 10:38:22,682 (pid-12344): UIPCC done.
2015-02-12 10:38:23,806 (pid-12344): 5-round done. Running time: 56.88 sec
2015-02-12 10:38:23,806 (pid-12344): ----------------------------------------------
2015-02-12 10:38:23,806 (pid-12344): ----------------------------------------------
2015-02-12 10:38:23,806 (pid-12344): 6-round starts.
2015-02-12 10:38:23,806 (pid-12344): ----------------------------------------------
2015-02-12 10:38:27,111 (pid-12346): UPCC done.
2015-02-12 10:38:29,234 (pid-12344): Removing data entries done.
2015-02-12 10:38:29,658 (pid-12344): UMEAN done.
2015-02-12 10:38:29,682 (pid-12344): IMEAN done.
2015-02-12 10:38:40,215 (pid-12344): UPCC done.
2015-02-12 10:38:41,418 (pid-12347): IPCC done.
2015-02-12 10:38:41,478 (pid-12347): UIPCC done.
2015-02-12 10:38:42,162 (pid-12347): 4-round done. Running time: 77.87 sec
2015-02-12 10:38:42,164 (pid-12347): ----------------------------------------------
2015-02-12 10:38:42,164 (pid-12347): ----------------------------------------------
2015-02-12 10:38:42,164 (pid-12347): 5-round starts.
2015-02-12 10:38:42,164 (pid-12347): ----------------------------------------------
2015-02-12 10:38:46,063 (pid-12347): Removing data entries done.
2015-02-12 10:38:46,346 (pid-12347): UMEAN done.
2015-02-12 10:38:46,363 (pid-12347): IMEAN done.
2015-02-12 10:38:52,046 (pid-12347): UPCC done.
2015-02-12 10:38:53,278 (pid-12345): IPCC done.
2015-02-12 10:38:53,329 (pid-12345): UIPCC done.
2015-02-12 10:38:54,276 (pid-12345): 5-round done. Running time: 67.16 sec
2015-02-12 10:38:54,277 (pid-12345): ----------------------------------------------
2015-02-12 10:38:54,277 (pid-12345): ----------------------------------------------
2015-02-12 10:38:54,277 (pid-12345): 6-round starts.
2015-02-12 10:38:54,277 (pid-12345): ----------------------------------------------
2015-02-12 10:38:59,313 (pid-12345): Removing data entries done.
2015-02-12 10:38:59,688 (pid-12345): UMEAN done.
2015-02-12 10:38:59,708 (pid-12345): IMEAN done.
2015-02-12 10:39:07,046 (pid-12345): UPCC done.
2015-02-12 10:39:21,434 (pid-12349): IPCC done.
2015-02-12 10:39:21,486 (pid-12349): UIPCC done.
2015-02-12 10:39:22,102 (pid-12349): 4-round done. Running time: 96.13 sec
2015-02-12 10:39:22,104 (pid-12349): ----------------------------------------------
2015-02-12 10:39:22,104 (pid-12349): ----------------------------------------------
2015-02-12 10:39:22,104 (pid-12349): 5-round starts.
2015-02-12 10:39:22,104 (pid-12349): ----------------------------------------------
2015-02-12 10:39:23,966 (pid-12348): IPCC done.
2015-02-12 10:39:24,022 (pid-12348): UIPCC done.
2015-02-12 10:39:24,946 (pid-12348): 4-round done. Running time: 92.41 sec
2015-02-12 10:39:24,949 (pid-12348): ----------------------------------------------
2015-02-12 10:39:24,949 (pid-12348): ----------------------------------------------
2015-02-12 10:39:24,949 (pid-12348): 5-round starts.
2015-02-12 10:39:24,949 (pid-12348): ----------------------------------------------
2015-02-12 10:39:26,098 (pid-12349): Removing data entries done.
2015-02-12 10:39:26,378 (pid-12349): UMEAN done.
2015-02-12 10:39:26,394 (pid-12349): IMEAN done.
2015-02-12 10:39:30,154 (pid-12348): Removing data entries done.
2015-02-12 10:39:30,472 (pid-12344): IPCC done.
2015-02-12 10:39:30,523 (pid-12344): UIPCC done.
2015-02-12 10:39:30,562 (pid-12348): UMEAN done.
2015-02-12 10:39:30,586 (pid-12348): IMEAN done.
2015-02-12 10:39:31,555 (pid-12344): 6-round done. Running time: 61.91 sec
2015-02-12 10:39:31,556 (pid-12344): ----------------------------------------------
2015-02-12 10:39:31,556 (pid-12344): ----------------------------------------------
2015-02-12 10:39:31,556 (pid-12344): 7-round starts.
2015-02-12 10:39:31,557 (pid-12344): ----------------------------------------------
2015-02-12 10:39:32,718 (pid-12349): UPCC done.
2015-02-12 10:39:34,262 (pid-12346): IPCC done.
2015-02-12 10:39:34,312 (pid-12346): UIPCC done.
2015-02-12 10:39:35,327 (pid-12346): 5-round done. Running time: 73.70 sec
2015-02-12 10:39:35,328 (pid-12346): ----------------------------------------------
2015-02-12 10:39:35,328 (pid-12346): ----------------------------------------------
2015-02-12 10:39:35,328 (pid-12346): 6-round starts.
2015-02-12 10:39:35,328 (pid-12346): ----------------------------------------------
2015-02-12 10:39:36,856 (pid-12344): Removing data entries done.
2015-02-12 10:39:37,254 (pid-12344): UMEAN done.
2015-02-12 10:39:37,275 (pid-12344): IMEAN done.
2015-02-12 10:39:38,066 (pid-12348): UPCC done.
2015-02-12 10:39:40,763 (pid-12346): Removing data entries done.
2015-02-12 10:39:41,190 (pid-12346): UMEAN done.
2015-02-12 10:39:41,214 (pid-12346): IMEAN done.
2015-02-12 10:39:47,992 (pid-12344): UPCC done.
2015-02-12 10:39:48,535 (pid-12346): UPCC done.
2015-02-12 10:40:01,915 (pid-12347): IPCC done.
2015-02-12 10:40:01,966 (pid-12347): UIPCC done.
2015-02-12 10:40:02,962 (pid-12347): 5-round done. Running time: 76.64 sec
2015-02-12 10:40:02,962 (pid-12347): ----------------------------------------------
2015-02-12 10:40:02,962 (pid-12347): ----------------------------------------------
2015-02-12 10:40:02,962 (pid-12347): 6-round starts.
2015-02-12 10:40:02,963 (pid-12347): ----------------------------------------------
2015-02-12 10:40:05,742 (pid-12345): IPCC done.
2015-02-12 10:40:05,806 (pid-12345): UIPCC done.
2015-02-12 10:40:06,755 (pid-12345): 6-round done. Running time: 67.06 sec
2015-02-12 10:40:06,755 (pid-12345): ----------------------------------------------
2015-02-12 10:40:06,756 (pid-12345): ----------------------------------------------
2015-02-12 10:40:06,756 (pid-12345): 7-round starts.
2015-02-12 10:40:06,756 (pid-12345): ----------------------------------------------
2015-02-12 10:40:08,562 (pid-12347): Removing data entries done.
2015-02-12 10:40:08,986 (pid-12347): UMEAN done.
2015-02-12 10:40:09,010 (pid-12347): IMEAN done.
2015-02-12 10:40:11,832 (pid-12345): Removing data entries done.
2015-02-12 10:40:12,211 (pid-12345): UMEAN done.
2015-02-12 10:40:12,234 (pid-12345): IMEAN done.
2015-02-12 10:40:16,683 (pid-12347): UPCC done.
2015-02-12 10:40:19,562 (pid-12345): UPCC done.
2015-02-12 10:40:36,502 (pid-12344): IPCC done.
2015-02-12 10:40:36,551 (pid-12344): UIPCC done.
2015-02-12 10:40:37,578 (pid-12344): 7-round done. Running time: 60.33 sec
2015-02-12 10:40:37,578 (pid-12344): ----------------------------------------------
2015-02-12 10:40:37,578 (pid-12344): ----------------------------------------------
2015-02-12 10:40:37,578 (pid-12344): 8-round starts.
2015-02-12 10:40:37,578 (pid-12344): ----------------------------------------------
2015-02-12 10:40:42,954 (pid-12344): Removing data entries done.
2015-02-12 10:40:43,350 (pid-12344): UMEAN done.
2015-02-12 10:40:43,371 (pid-12344): IMEAN done.
2015-02-12 10:40:53,830 (pid-12344): UPCC done.
2015-02-12 10:40:55,010 (pid-12346): IPCC done.
2015-02-12 10:40:55,074 (pid-12346): UIPCC done.
2015-02-12 10:40:56,102 (pid-12346): 6-round done. Running time: 74.92 sec
2015-02-12 10:40:56,102 (pid-12346): ----------------------------------------------
2015-02-12 10:40:56,102 (pid-12346): ----------------------------------------------
2015-02-12 10:40:56,102 (pid-12346): 7-round starts.
2015-02-12 10:40:56,102 (pid-12346): ----------------------------------------------
2015-02-12 10:41:00,938 (pid-12348): IPCC done.
2015-02-12 10:41:01,010 (pid-12348): UIPCC done.
2015-02-12 10:41:01,498 (pid-12346): Removing data entries done.
2015-02-12 10:41:01,888 (pid-12348): 5-round done. Running time: 91.31 sec
2015-02-12 10:41:01,906 (pid-12348): ----------------------------------------------
2015-02-12 10:41:01,906 (pid-12348): ----------------------------------------------
2015-02-12 10:41:01,907 (pid-12348): 6-round starts.
2015-02-12 10:41:01,907 (pid-12348): ----------------------------------------------
2015-02-12 10:41:01,955 (pid-12346): UMEAN done.
2015-02-12 10:41:01,982 (pid-12346): IMEAN done.
2015-02-12 10:41:02,551 (pid-12349): IPCC done.
2015-02-12 10:41:02,608 (pid-12349): UIPCC done.
2015-02-12 10:41:03,482 (pid-12349): 5-round done. Running time: 97.12 sec
2015-02-12 10:41:03,482 (pid-12349): ----------------------------------------------
2015-02-12 10:41:03,482 (pid-12349): ----------------------------------------------
2015-02-12 10:41:03,483 (pid-12349): 6-round starts.
2015-02-12 10:41:03,483 (pid-12349): ----------------------------------------------
2015-02-12 10:41:07,090 (pid-12348): Removing data entries done.
2015-02-12 10:41:07,510 (pid-12348): UMEAN done.
2015-02-12 10:41:07,534 (pid-12348): IMEAN done.
2015-02-12 10:41:09,032 (pid-12349): Removing data entries done.
2015-02-12 10:41:09,466 (pid-12349): UMEAN done.
2015-02-12 10:41:09,490 (pid-12349): IMEAN done.
2015-02-12 10:41:09,506 (pid-12346): UPCC done.
2015-02-12 10:41:15,054 (pid-12348): UPCC done.
2015-02-12 10:41:17,782 (pid-12349): UPCC done.
2015-02-12 10:41:19,026 (pid-12345): IPCC done.
2015-02-12 10:41:19,091 (pid-12345): UIPCC done.
2015-02-12 10:41:20,051 (pid-12345): 7-round done. Running time: 67.84 sec
2015-02-12 10:41:20,051 (pid-12345): ----------------------------------------------
2015-02-12 10:41:20,051 (pid-12345): ----------------------------------------------
2015-02-12 10:41:20,051 (pid-12345): 8-round starts.
2015-02-12 10:41:20,051 (pid-12345): ----------------------------------------------
2015-02-12 10:41:25,156 (pid-12345): Removing data entries done.
2015-02-12 10:41:25,534 (pid-12345): UMEAN done.
2015-02-12 10:41:25,558 (pid-12345): IMEAN done.
2015-02-12 10:41:32,842 (pid-12345): UPCC done.
2015-02-12 10:41:33,930 (pid-12347): IPCC done.
2015-02-12 10:41:33,990 (pid-12347): UIPCC done.
2015-02-12 10:41:34,978 (pid-12347): 6-round done. Running time: 86.00 sec
2015-02-12 10:41:34,978 (pid-12347): ----------------------------------------------
2015-02-12 10:41:34,978 (pid-12347): ----------------------------------------------
2015-02-12 10:41:34,978 (pid-12347): 7-round starts.
2015-02-12 10:41:34,978 (pid-12347): ----------------------------------------------
2015-02-12 10:41:40,606 (pid-12347): Removing data entries done.
2015-02-12 10:41:41,035 (pid-12347): UMEAN done.
2015-02-12 10:41:41,062 (pid-12347): IMEAN done.
2015-02-12 10:41:42,906 (pid-12344): IPCC done.
2015-02-12 10:41:42,958 (pid-12344): UIPCC done.
2015-02-12 10:41:44,002 (pid-12344): 8-round done. Running time: 60.66 sec
2015-02-12 10:41:44,003 (pid-12344): ----------------------------------------------
2015-02-12 10:41:44,003 (pid-12344): ----------------------------------------------
2015-02-12 10:41:44,006 (pid-12344): 9-round starts.
2015-02-12 10:41:44,006 (pid-12344): ----------------------------------------------
2015-02-12 10:41:48,630 (pid-12347): UPCC done.
2015-02-12 10:41:49,314 (pid-12344): Removing data entries done.
2015-02-12 10:41:49,714 (pid-12344): UMEAN done.
2015-02-12 10:41:49,738 (pid-12344): IMEAN done.
2015-02-12 10:42:00,698 (pid-12344): UPCC done.
2015-02-12 10:42:12,218 (pid-12346): IPCC done.
2015-02-12 10:42:12,266 (pid-12346): UIPCC done.
2015-02-12 10:42:12,958 (pid-12346): 7-round done. Running time: 71.00 sec
2015-02-12 10:42:12,958 (pid-12346): ----------------------------------------------
2015-02-12 10:42:12,958 (pid-12346): ----------------------------------------------
2015-02-12 10:42:12,958 (pid-12346): 8-round starts.
2015-02-12 10:42:12,958 (pid-12346): ----------------------------------------------
2015-02-12 10:42:17,399 (pid-12346): Removing data entries done.
2015-02-12 10:42:17,837 (pid-12346): UMEAN done.
2015-02-12 10:42:17,860 (pid-12346): IMEAN done.
2015-02-12 10:42:25,273 (pid-12346): UPCC done.
2015-02-12 10:42:31,410 (pid-12345): IPCC done.
2015-02-12 10:42:31,464 (pid-12345): UIPCC done.
2015-02-12 10:42:32,427 (pid-12345): 8-round done. Running time: 66.91 sec
2015-02-12 10:42:32,427 (pid-12345): ----------------------------------------------
2015-02-12 10:42:32,428 (pid-12345): ----------------------------------------------
2015-02-12 10:42:32,428 (pid-12345): 9-round starts.
2015-02-12 10:42:32,428 (pid-12345): ----------------------------------------------
2015-02-12 10:42:36,490 (pid-12348): IPCC done.
2015-02-12 10:42:36,548 (pid-12348): UIPCC done.
2015-02-12 10:42:37,418 (pid-12348): 6-round done. Running time: 89.89 sec
2015-02-12 10:42:37,419 (pid-12348): ----------------------------------------------
2015-02-12 10:42:37,419 (pid-12348): ----------------------------------------------
2015-02-12 10:42:37,419 (pid-12348): 7-round starts.
2015-02-12 10:42:37,419 (pid-12348): ----------------------------------------------
2015-02-12 10:42:37,544 (pid-12345): Removing data entries done.
2015-02-12 10:42:37,928 (pid-12345): UMEAN done.
2015-02-12 10:42:37,952 (pid-12345): IMEAN done.
2015-02-12 10:42:42,489 (pid-12348): Removing data entries done.
2015-02-12 10:42:42,889 (pid-12348): UMEAN done.
2015-02-12 10:42:42,910 (pid-12348): IMEAN done.
2015-02-12 10:42:45,451 (pid-12345): UPCC done.
2015-02-12 10:42:49,646 (pid-12344): IPCC done.
2015-02-12 10:42:49,694 (pid-12344): UIPCC done.
2015-02-12 10:42:50,400 (pid-12348): UPCC done.
2015-02-12 10:42:50,736 (pid-12344): 9-round done. Running time: 61.03 sec
2015-02-12 10:42:50,737 (pid-12344): ----------------------------------------------
2015-02-12 10:42:50,737 (pid-12344): ----------------------------------------------
2015-02-12 10:42:50,738 (pid-12344): 10-round starts.
2015-02-12 10:42:50,738 (pid-12344): ----------------------------------------------
2015-02-12 10:42:51,705 (pid-12349): IPCC done.
2015-02-12 10:42:51,756 (pid-12349): UIPCC done.
2015-02-12 10:42:52,616 (pid-12349): 6-round done. Running time: 103.16 sec
2015-02-12 10:42:52,617 (pid-12349): ----------------------------------------------
2015-02-12 10:42:52,617 (pid-12349): ----------------------------------------------
2015-02-12 10:42:52,617 (pid-12349): 7-round starts.
2015-02-12 10:42:52,618 (pid-12349): ----------------------------------------------
2015-02-12 10:42:55,989 (pid-12344): Removing data entries done.
2015-02-12 10:42:56,382 (pid-12344): UMEAN done.
2015-02-12 10:42:56,404 (pid-12344): IMEAN done.
2015-02-12 10:42:58,163 (pid-12349): Removing data entries done.
2015-02-12 10:42:58,582 (pid-12349): UMEAN done.
2015-02-12 10:42:58,605 (pid-12349): IMEAN done.
2015-02-12 10:43:05,021 (pid-12347): IPCC done.
2015-02-12 10:43:05,075 (pid-12347): UIPCC done.
2015-02-12 10:43:06,061 (pid-12347): 7-round done. Running time: 85.04 sec
2015-02-12 10:43:06,061 (pid-12347): ----------------------------------------------
2015-02-12 10:43:06,062 (pid-12347): ----------------------------------------------
2015-02-12 10:43:06,062 (pid-12347): 8-round starts.
2015-02-12 10:43:06,062 (pid-12347): ----------------------------------------------
2015-02-12 10:43:06,824 (pid-12349): UPCC done.
2015-02-12 10:43:06,936 (pid-12344): UPCC done.
2015-02-12 10:43:11,709 (pid-12347): Removing data entries done.
2015-02-12 10:43:12,137 (pid-12347): UMEAN done.
2015-02-12 10:43:12,168 (pid-12347): IMEAN done.
2015-02-12 10:43:19,868 (pid-12347): UPCC done.
2015-02-12 10:43:31,619 (pid-12346): IPCC done.
2015-02-12 10:43:31,676 (pid-12346): UIPCC done.
2015-02-12 10:43:32,648 (pid-12346): 8-round done. Running time: 74.83 sec
2015-02-12 10:43:32,648 (pid-12346): ----------------------------------------------
2015-02-12 10:43:32,648 (pid-12346): ----------------------------------------------
2015-02-12 10:43:32,648 (pid-12346): 9-round starts.
2015-02-12 10:43:32,649 (pid-12346): ----------------------------------------------
2015-02-12 10:43:37,910 (pid-12346): Removing data entries done.
2015-02-12 10:43:38,323 (pid-12346): UMEAN done.
2015-02-12 10:43:38,346 (pid-12346): IMEAN done.
2015-02-12 10:43:44,857 (pid-12345): IPCC done.
2015-02-12 10:43:44,930 (pid-12345): UIPCC done.
2015-02-12 10:43:45,556 (pid-12346): UPCC done.
2015-02-12 10:43:45,878 (pid-12345): 9-round done. Running time: 67.93 sec
2015-02-12 10:43:45,894 (pid-12345): ----------------------------------------------
2015-02-12 10:43:45,895 (pid-12345): ----------------------------------------------
2015-02-12 10:43:45,895 (pid-12345): 10-round starts.
2015-02-12 10:43:45,895 (pid-12345): ----------------------------------------------
2015-02-12 10:43:51,052 (pid-12345): Removing data entries done.
2015-02-12 10:43:51,437 (pid-12345): UMEAN done.
2015-02-12 10:43:51,457 (pid-12345): IMEAN done.
2015-02-12 10:43:57,070 (pid-12344): IPCC done.
2015-02-12 10:43:57,128 (pid-12344): UIPCC done.
2015-02-12 10:43:58,216 (pid-12344): 10-round done. Running time: 61.84 sec
2015-02-12 10:43:58,217 (pid-12344): ----------------------------------------------
2015-02-12 10:43:58,217 (pid-12344): ----------------------------------------------
2015-02-12 10:43:58,217 (pid-12344): 11-round starts.
2015-02-12 10:43:58,218 (pid-12344): ----------------------------------------------
2015-02-12 10:43:59,173 (pid-12345): UPCC done.
2015-02-12 10:44:02,385 (pid-12344): Removing data entries done.
2015-02-12 10:44:02,828 (pid-12344): UMEAN done.
2015-02-12 10:44:02,852 (pid-12344): IMEAN done.
2015-02-12 10:44:13,234 (pid-12348): IPCC done.
2015-02-12 10:44:13,286 (pid-12348): UIPCC done.
2015-02-12 10:44:13,606 (pid-12344): UPCC done.
2015-02-12 10:44:14,163 (pid-12348): 7-round done. Running time: 91.30 sec
2015-02-12 10:44:14,166 (pid-12348): ----------------------------------------------
2015-02-12 10:44:14,166 (pid-12348): ----------------------------------------------
2015-02-12 10:44:14,166 (pid-12348): 8-round starts.
2015-02-12 10:44:14,166 (pid-12348): ----------------------------------------------
2015-02-12 10:44:19,322 (pid-12348): Removing data entries done.
2015-02-12 10:44:19,730 (pid-12348): UMEAN done.
2015-02-12 10:44:19,754 (pid-12348): IMEAN done.
2015-02-12 10:44:27,410 (pid-12348): UPCC done.
2015-02-12 10:44:36,966 (pid-12347): IPCC done.
2015-02-12 10:44:37,019 (pid-12347): UIPCC done.
2015-02-12 10:44:38,002 (pid-12347): 8-round done. Running time: 85.88 sec
2015-02-12 10:44:38,002 (pid-12347): ----------------------------------------------
2015-02-12 10:44:38,002 (pid-12347): ----------------------------------------------
2015-02-12 10:44:38,002 (pid-12347): 9-round starts.
2015-02-12 10:44:38,002 (pid-12347): ----------------------------------------------
2015-02-12 10:44:40,914 (pid-12349): IPCC done.
2015-02-12 10:44:40,970 (pid-12349): UIPCC done.
2015-02-12 10:44:41,862 (pid-12349): 7-round done. Running time: 103.29 sec
2015-02-12 10:44:41,862 (pid-12349): ----------------------------------------------
2015-02-12 10:44:41,862 (pid-12349): ----------------------------------------------
2015-02-12 10:44:41,862 (pid-12349): 8-round starts.
2015-02-12 10:44:41,862 (pid-12349): ----------------------------------------------
2015-02-12 10:44:43,594 (pid-12347): Removing data entries done.
2015-02-12 10:44:44,022 (pid-12347): UMEAN done.
2015-02-12 10:44:44,047 (pid-12347): IMEAN done.
2015-02-12 10:44:47,530 (pid-12349): Removing data entries done.
2015-02-12 10:44:47,985 (pid-12349): UMEAN done.
2015-02-12 10:44:48,011 (pid-12349): IMEAN done.
2015-02-12 10:44:51,946 (pid-12347): UPCC done.
2015-02-12 10:44:52,078 (pid-12346): IPCC done.
2015-02-12 10:44:52,146 (pid-12346): UIPCC done.
2015-02-12 10:44:53,138 (pid-12346): 9-round done. Running time: 74.81 sec
2015-02-12 10:44:53,138 (pid-12346): ----------------------------------------------
2015-02-12 10:44:53,138 (pid-12346): ----------------------------------------------
2015-02-12 10:44:53,138 (pid-12346): 10-round starts.
2015-02-12 10:44:53,138 (pid-12346): ----------------------------------------------
2015-02-12 10:44:56,938 (pid-12349): UPCC done.
2015-02-12 10:44:58,338 (pid-12346): Removing data entries done.
2015-02-12 10:44:58,758 (pid-12346): UMEAN done.
2015-02-12 10:44:58,782 (pid-12346): IMEAN done.
2015-02-12 10:44:59,078 (pid-12345): IPCC done.
2015-02-12 10:44:59,144 (pid-12345): UIPCC done.
2015-02-12 10:45:00,162 (pid-12345): 10-round done. Running time: 68.50 sec
2015-02-12 10:45:00,162 (pid-12345): ----------------------------------------------
2015-02-12 10:45:00,162 (pid-12345): ----------------------------------------------
2015-02-12 10:45:00,163 (pid-12345): 11-round starts.
2015-02-12 10:45:00,163 (pid-12345): ----------------------------------------------
2015-02-12 10:45:02,750 (pid-12344): IPCC done.
2015-02-12 10:45:02,802 (pid-12344): UIPCC done.
2015-02-12 10:45:03,882 (pid-12344): 11-round done. Running time: 61.07 sec
2015-02-12 10:45:03,882 (pid-12344): ----------------------------------------------
2015-02-12 10:45:03,882 (pid-12344): ----------------------------------------------
2015-02-12 10:45:03,882 (pid-12344): 12-round starts.
2015-02-12 10:45:03,882 (pid-12344): ----------------------------------------------
2015-02-12 10:45:05,554 (pid-12345): Removing data entries done.
2015-02-12 10:45:05,970 (pid-12345): UMEAN done.
2015-02-12 10:45:05,994 (pid-12345): IMEAN done.
2015-02-12 10:45:06,090 (pid-12346): UPCC done.
2015-02-12 10:45:09,314 (pid-12344): Removing data entries done.
2015-02-12 10:45:09,730 (pid-12344): UMEAN done.
2015-02-12 10:45:09,754 (pid-12344): IMEAN done.
2015-02-12 10:45:13,070 (pid-12345): UPCC done.
2015-02-12 10:45:20,350 (pid-12344): UPCC done.
2015-02-12 10:45:51,302 (pid-12348): IPCC done.
2015-02-12 10:45:51,354 (pid-12348): UIPCC done.
2015-02-12 10:45:52,242 (pid-12348): 8-round done. Running time: 92.54 sec
2015-02-12 10:45:52,242 (pid-12348): ----------------------------------------------
2015-02-12 10:45:52,242 (pid-12348): ----------------------------------------------
2015-02-12 10:45:52,242 (pid-12348): 9-round starts.
2015-02-12 10:45:52,242 (pid-12348): ----------------------------------------------
2015-02-12 10:45:57,470 (pid-12348): Removing data entries done.
2015-02-12 10:45:57,874 (pid-12348): UMEAN done.
2015-02-12 10:45:57,894 (pid-12348): IMEAN done.
2015-02-12 10:46:05,642 (pid-12348): UPCC done.
2015-02-12 10:46:07,811 (pid-12345): IPCC done.
2015-02-12 10:46:07,874 (pid-12345): UIPCC done.
2015-02-12 10:46:08,628 (pid-12345): 11-round done. Running time: 62.67 sec
2015-02-12 10:46:08,628 (pid-12345): ----------------------------------------------
2015-02-12 10:46:08,629 (pid-12345): ----------------------------------------------
2015-02-12 10:46:08,629 (pid-12345): 12-round starts.
2015-02-12 10:46:08,629 (pid-12345): ----------------------------------------------
2015-02-12 10:46:09,038 (pid-12347): IPCC done.
2015-02-12 10:46:09,090 (pid-12347): UIPCC done.
2015-02-12 10:46:10,054 (pid-12347): 9-round done. Running time: 86.04 sec
2015-02-12 10:46:10,058 (pid-12347): ----------------------------------------------
2015-02-12 10:46:10,058 (pid-12347): ----------------------------------------------
2015-02-12 10:46:10,058 (pid-12347): 10-round starts.
2015-02-12 10:46:10,058 (pid-12347): ----------------------------------------------
2015-02-12 10:46:11,436 (pid-12344): IPCC done.
2015-02-12 10:46:11,500 (pid-12344): UIPCC done.
2015-02-12 10:46:12,394 (pid-12345): Removing data entries done.
2015-02-12 10:46:12,612 (pid-12344): 12-round done. Running time: 62.80 sec
2015-02-12 10:46:12,631 (pid-12344): ----------------------------------------------
2015-02-12 10:46:12,631 (pid-12344): ----------------------------------------------
2015-02-12 10:46:12,632 (pid-12344): 13-round starts.
2015-02-12 10:46:12,632 (pid-12344): ----------------------------------------------
2015-02-12 10:46:12,848 (pid-12345): UMEAN done.
2015-02-12 10:46:12,888 (pid-12345): IMEAN done.
2015-02-12 10:46:13,462 (pid-12346): IPCC done.
2015-02-12 10:46:13,538 (pid-12346): UIPCC done.
2015-02-12 10:46:14,530 (pid-12346): 10-round done. Running time: 75.78 sec
2015-02-12 10:46:14,530 (pid-12346): ----------------------------------------------
2015-02-12 10:46:14,530 (pid-12346): ----------------------------------------------
2015-02-12 10:46:14,530 (pid-12346): 11-round starts.
2015-02-12 10:46:14,531 (pid-12346): ----------------------------------------------
2015-02-12 10:46:15,526 (pid-12347): Removing data entries done.
2015-02-12 10:46:15,970 (pid-12347): UMEAN done.
2015-02-12 10:46:15,990 (pid-12347): IMEAN done.
2015-02-12 10:46:18,003 (pid-12344): Removing data entries done.
2015-02-12 10:46:18,441 (pid-12344): UMEAN done.
2015-02-12 10:46:18,464 (pid-12344): IMEAN done.
2015-02-12 10:46:19,863 (pid-12346): Removing data entries done.
2015-02-12 10:46:20,298 (pid-12346): UMEAN done.
2015-02-12 10:46:20,318 (pid-12346): IMEAN done.
2015-02-12 10:46:20,576 (pid-12345): UPCC done.
2015-02-12 10:46:23,602 (pid-12347): UPCC done.
2015-02-12 10:46:27,487 (pid-12346): UPCC done.
2015-02-12 10:46:27,926 (pid-12349): IPCC done.
2015-02-12 10:46:27,996 (pid-12349): UIPCC done.
2015-02-12 10:46:28,838 (pid-12349): 8-round done. Running time: 100.88 sec
2015-02-12 10:46:28,838 (pid-12349): ----------------------------------------------
2015-02-12 10:46:28,838 (pid-12349): ----------------------------------------------
2015-02-12 10:46:28,839 (pid-12349): 9-round starts.
2015-02-12 10:46:28,839 (pid-12349): ----------------------------------------------
2015-02-12 10:46:29,335 (pid-12344): UPCC done.
2015-02-12 10:46:33,854 (pid-12349): Removing data entries done.
2015-02-12 10:46:34,230 (pid-12349): UMEAN done.
2015-02-12 10:46:34,250 (pid-12349): IMEAN done.
2015-02-12 10:46:41,976 (pid-12349): UPCC done.
2015-02-12 10:47:19,087 (pid-12344): IPCC done.
2015-02-12 10:47:19,139 (pid-12344): UIPCC done.
2015-02-12 10:47:20,266 (pid-12344): 13-round done. Running time: 61.69 sec
2015-02-12 10:47:20,266 (pid-12344): ----------------------------------------------
2015-02-12 10:47:20,266 (pid-12344): ----------------------------------------------
2015-02-12 10:47:20,266 (pid-12344): 14-round starts.
2015-02-12 10:47:20,266 (pid-12344): ----------------------------------------------
2015-02-12 10:47:22,142 (pid-12345): IPCC done.
2015-02-12 10:47:22,194 (pid-12345): UIPCC done.
2015-02-12 10:47:23,254 (pid-12345): 12-round done. Running time: 70.34 sec
2015-02-12 10:47:23,254 (pid-12345): ----------------------------------------------
2015-02-12 10:47:23,254 (pid-12345): ----------------------------------------------
2015-02-12 10:47:23,254 (pid-12345): 13-round starts.
2015-02-12 10:47:23,254 (pid-12345): ----------------------------------------------
2015-02-12 10:47:25,626 (pid-12344): Removing data entries done.
2015-02-12 10:47:26,046 (pid-12344): UMEAN done.
2015-02-12 10:47:26,070 (pid-12344): IMEAN done.
2015-02-12 10:47:26,454 (pid-12348): IPCC done.
2015-02-12 10:47:26,510 (pid-12348): UIPCC done.
2015-02-12 10:47:27,323 (pid-12348): 9-round done. Running time: 89.47 sec
2015-02-12 10:47:27,326 (pid-12348): ----------------------------------------------
2015-02-12 10:47:27,327 (pid-12348): ----------------------------------------------
2015-02-12 10:47:27,327 (pid-12348): 10-round starts.
2015-02-12 10:47:27,327 (pid-12348): ----------------------------------------------
2015-02-12 10:47:28,846 (pid-12345): Removing data entries done.
2015-02-12 10:47:29,242 (pid-12345): UMEAN done.
2015-02-12 10:47:29,262 (pid-12345): IMEAN done.
2015-02-12 10:47:32,378 (pid-12346): IPCC done.
2015-02-12 10:47:32,435 (pid-12346): UIPCC done.
2015-02-12 10:47:32,546 (pid-12348): Removing data entries done.
2015-02-12 10:47:32,970 (pid-12348): UMEAN done.
2015-02-12 10:47:32,990 (pid-12348): IMEAN done.
2015-02-12 10:47:33,452 (pid-12346): 11-round done. Running time: 73.16 sec
2015-02-12 10:47:33,470 (pid-12346): ----------------------------------------------
2015-02-12 10:47:33,470 (pid-12346): ----------------------------------------------
2015-02-12 10:47:33,470 (pid-12346): 12-round starts.
2015-02-12 10:47:33,470 (pid-12346): ----------------------------------------------
2015-02-12 10:47:37,079 (pid-12345): UPCC done.
2015-02-12 10:47:37,510 (pid-12344): UPCC done.
2015-02-12 10:47:38,830 (pid-12346): Removing data entries done.
2015-02-12 10:47:39,246 (pid-12346): UMEAN done.
2015-02-12 10:47:39,270 (pid-12346): IMEAN done.
2015-02-12 10:47:40,218 (pid-12348): UPCC done.
2015-02-12 10:47:41,836 (pid-12347): IPCC done.
2015-02-12 10:47:41,882 (pid-12347): UIPCC done.
2015-02-12 10:47:42,578 (pid-12347): 10-round done. Running time: 86.62 sec
2015-02-12 10:47:42,580 (pid-12347): ----------------------------------------------
2015-02-12 10:47:42,580 (pid-12347): ----------------------------------------------
2015-02-12 10:47:42,580 (pid-12347): 11-round starts.
2015-02-12 10:47:42,581 (pid-12347): ----------------------------------------------
2015-02-12 10:47:46,622 (pid-12346): UPCC done.
2015-02-12 10:47:47,548 (pid-12347): Removing data entries done.
2015-02-12 10:47:47,974 (pid-12347): UMEAN done.
2015-02-12 10:47:47,998 (pid-12347): IMEAN done.
2015-02-12 10:47:55,710 (pid-12347): UPCC done.
2015-02-12 10:48:12,758 (pid-12349): IPCC done.
2015-02-12 10:48:12,810 (pid-12349): UIPCC done.
2015-02-12 10:48:13,705 (pid-12349): 9-round done. Running time: 99.49 sec
2015-02-12 10:48:13,706 (pid-12349): ----------------------------------------------
2015-02-12 10:48:13,706 (pid-12349): ----------------------------------------------
2015-02-12 10:48:13,706 (pid-12349): 10-round starts.
2015-02-12 10:48:13,707 (pid-12349): ----------------------------------------------
2015-02-12 10:48:18,870 (pid-12349): Removing data entries done.
2015-02-12 10:48:19,282 (pid-12349): UMEAN done.
2015-02-12 10:48:19,305 (pid-12349): IMEAN done.
2015-02-12 10:48:24,459 (pid-12344): IPCC done.
2015-02-12 10:48:24,514 (pid-12344): UIPCC done.
2015-02-12 10:48:25,642 (pid-12344): 14-round done. Running time: 59.60 sec
2015-02-12 10:48:25,642 (pid-12344): ----------------------------------------------
2015-02-12 10:48:25,642 (pid-12344): ----------------------------------------------
2015-02-12 10:48:25,642 (pid-12344): 15-round starts.
2015-02-12 10:48:25,642 (pid-12344): ----------------------------------------------
2015-02-12 10:48:27,438 (pid-12349): UPCC done.
2015-02-12 10:48:30,990 (pid-12344): Removing data entries done.
2015-02-12 10:48:31,413 (pid-12344): UMEAN done.
2015-02-12 10:48:31,435 (pid-12344): IMEAN done.
2015-02-12 10:48:37,802 (pid-12345): IPCC done.
2015-02-12 10:48:37,860 (pid-12345): UIPCC done.
2015-02-12 10:48:38,928 (pid-12345): 13-round done. Running time: 69.68 sec
2015-02-12 10:48:38,930 (pid-12345): ----------------------------------------------
2015-02-12 10:48:38,930 (pid-12345): ----------------------------------------------
2015-02-12 10:48:38,930 (pid-12345): 14-round starts.
2015-02-12 10:48:38,930 (pid-12345): ----------------------------------------------
2015-02-12 10:48:42,158 (pid-12344): UPCC done.
2015-02-12 10:48:44,442 (pid-12345): Removing data entries done.
2015-02-12 10:48:44,863 (pid-12345): UMEAN done.
2015-02-12 10:48:44,886 (pid-12345): IMEAN done.
2015-02-12 10:48:52,518 (pid-12345): UPCC done.
2015-02-12 10:48:55,086 (pid-12346): IPCC done.
2015-02-12 10:48:55,158 (pid-12346): UIPCC done.
2015-02-12 10:48:56,159 (pid-12346): 12-round done. Running time: 76.90 sec
2015-02-12 10:48:56,159 (pid-12346): ----------------------------------------------
2015-02-12 10:48:56,159 (pid-12346): ----------------------------------------------
2015-02-12 10:48:56,159 (pid-12346): 13-round starts.
2015-02-12 10:48:56,159 (pid-12346): ----------------------------------------------
2015-02-12 10:49:01,518 (pid-12346): Removing data entries done.
2015-02-12 10:49:01,930 (pid-12346): UMEAN done.
2015-02-12 10:49:01,950 (pid-12346): IMEAN done.
2015-02-12 10:49:04,134 (pid-12348): IPCC done.
2015-02-12 10:49:04,210 (pid-12348): UIPCC done.
2015-02-12 10:49:05,144 (pid-12348): 10-round done. Running time: 92.14 sec
2015-02-12 10:49:05,144 (pid-12348): ----------------------------------------------
2015-02-12 10:49:05,144 (pid-12348): ----------------------------------------------
2015-02-12 10:49:05,144 (pid-12348): 11-round starts.
2015-02-12 10:49:05,145 (pid-12348): ----------------------------------------------
2015-02-12 10:49:08,302 (pid-12347): IPCC done.
2015-02-12 10:49:08,369 (pid-12347): UIPCC done.
2015-02-12 10:49:09,030 (pid-12346): UPCC done.
2015-02-12 10:49:09,066 (pid-12347): 11-round done. Running time: 81.07 sec
2015-02-12 10:49:09,090 (pid-12347): ----------------------------------------------
2015-02-12 10:49:09,090 (pid-12347): ----------------------------------------------
2015-02-12 10:49:09,090 (pid-12347): 12-round starts.
2015-02-12 10:49:09,091 (pid-12347): ----------------------------------------------
2015-02-12 10:49:10,427 (pid-12348): Removing data entries done.
2015-02-12 10:49:10,838 (pid-12348): UMEAN done.
2015-02-12 10:49:10,858 (pid-12348): IMEAN done.
2015-02-12 10:49:13,712 (pid-12347): Removing data entries done.
2015-02-12 10:49:14,022 (pid-12347): UMEAN done.
2015-02-12 10:49:14,038 (pid-12347): IMEAN done.
2015-02-12 10:49:18,538 (pid-12348): UPCC done.
2015-02-12 10:49:20,374 (pid-12347): UPCC done.
2015-02-12 10:49:32,542 (pid-12344): IPCC done.
2015-02-12 10:49:32,609 (pid-12344): UIPCC done.
2015-02-12 10:49:33,745 (pid-12344): 15-round done. Running time: 62.24 sec
2015-02-12 10:49:33,745 (pid-12344): ----------------------------------------------
2015-02-12 10:49:33,745 (pid-12344): ----------------------------------------------
2015-02-12 10:49:33,746 (pid-12344): 16-round starts.
2015-02-12 10:49:33,746 (pid-12344): ----------------------------------------------
2015-02-12 10:49:39,130 (pid-12344): Removing data entries done.
2015-02-12 10:49:39,526 (pid-12344): UMEAN done.
2015-02-12 10:49:39,547 (pid-12344): IMEAN done.
2015-02-12 10:49:50,234 (pid-12344): UPCC done.
2015-02-12 10:49:52,222 (pid-12345): IPCC done.
2015-02-12 10:49:52,274 (pid-12345): UIPCC done.
2015-02-12 10:49:53,326 (pid-12345): 14-round done. Running time: 68.49 sec
2015-02-12 10:49:53,326 (pid-12345): ----------------------------------------------
2015-02-12 10:49:53,326 (pid-12345): ----------------------------------------------
2015-02-12 10:49:53,326 (pid-12345): 15-round starts.
2015-02-12 10:49:53,326 (pid-12345): ----------------------------------------------
2015-02-12 10:49:57,098 (pid-12349): IPCC done.
2015-02-12 10:49:57,152 (pid-12349): UIPCC done.
2015-02-12 10:49:57,964 (pid-12349): 10-round done. Running time: 98.69 sec
2015-02-12 10:49:57,965 (pid-12349): ----------------------------------------------
2015-02-12 10:49:57,965 (pid-12349): ----------------------------------------------
2015-02-12 10:49:57,965 (pid-12349): 11-round starts.
2015-02-12 10:49:57,965 (pid-12349): ----------------------------------------------
2015-02-12 10:49:58,834 (pid-12345): Removing data entries done.
2015-02-12 10:49:59,254 (pid-12345): UMEAN done.
2015-02-12 10:49:59,274 (pid-12345): IMEAN done.
2015-02-12 10:50:03,254 (pid-12349): Removing data entries done.
2015-02-12 10:50:03,630 (pid-12349): UMEAN done.
2015-02-12 10:50:03,650 (pid-12349): IMEAN done.
2015-02-12 10:50:06,942 (pid-12345): UPCC done.
2015-02-12 10:50:11,570 (pid-12349): UPCC done.
2015-02-12 10:50:14,510 (pid-12346): IPCC done.
2015-02-12 10:50:14,562 (pid-12346): UIPCC done.
2015-02-12 10:50:15,538 (pid-12346): 13-round done. Running time: 73.60 sec
2015-02-12 10:50:15,538 (pid-12346): ----------------------------------------------
2015-02-12 10:50:15,538 (pid-12346): ----------------------------------------------
2015-02-12 10:50:15,538 (pid-12346): 14-round starts.
2015-02-12 10:50:15,538 (pid-12346): ----------------------------------------------
2015-02-12 10:50:20,894 (pid-12346): Removing data entries done.
2015-02-12 10:50:21,330 (pid-12346): UMEAN done.
2015-02-12 10:50:21,354 (pid-12346): IMEAN done.
2015-02-12 10:50:28,594 (pid-12346): UPCC done.
2015-02-12 10:50:33,650 (pid-12347): IPCC done.
2015-02-12 10:50:33,711 (pid-12347): UIPCC done.
2015-02-12 10:50:34,706 (pid-12347): 12-round done. Running time: 80.69 sec
2015-02-12 10:50:34,706 (pid-12347): ----------------------------------------------
2015-02-12 10:50:34,706 (pid-12347): ----------------------------------------------
2015-02-12 10:50:34,706 (pid-12347): 13-round starts.
2015-02-12 10:50:34,707 (pid-12347): ----------------------------------------------
2015-02-12 10:50:38,238 (pid-12344): IPCC done.
2015-02-12 10:50:38,286 (pid-12344): UIPCC done.
2015-02-12 10:50:39,358 (pid-12344): 16-round done. Running time: 59.83 sec
2015-02-12 10:50:39,359 (pid-12344): ----------------------------------------------
2015-02-12 10:50:39,362 (pid-12344): ----------------------------------------------
2015-02-12 10:50:39,362 (pid-12344): 17-round starts.
2015-02-12 10:50:39,362 (pid-12344): ----------------------------------------------
2015-02-12 10:50:40,174 (pid-12347): Removing data entries done.
2015-02-12 10:50:40,588 (pid-12347): UMEAN done.
2015-02-12 10:50:40,611 (pid-12347): IMEAN done.
2015-02-12 10:50:41,298 (pid-12348): IPCC done.
2015-02-12 10:50:41,350 (pid-12348): UIPCC done.
2015-02-12 10:50:42,210 (pid-12348): 11-round done. Running time: 91.38 sec
2015-02-12 10:50:42,210 (pid-12348): ----------------------------------------------
2015-02-12 10:50:42,210 (pid-12348): ----------------------------------------------
2015-02-12 10:50:42,210 (pid-12348): 12-round starts.
2015-02-12 10:50:42,210 (pid-12348): ----------------------------------------------
2015-02-12 10:50:44,694 (pid-12344): Removing data entries done.
2015-02-12 10:50:45,114 (pid-12344): UMEAN done.
2015-02-12 10:50:45,142 (pid-12344): IMEAN done.
2015-02-12 10:50:47,350 (pid-12348): Removing data entries done.
2015-02-12 10:50:47,754 (pid-12348): UMEAN done.
2015-02-12 10:50:47,774 (pid-12348): IMEAN done.
2015-02-12 10:50:48,079 (pid-12347): UPCC done.
2015-02-12 10:50:53,942 (pid-12348): UPCC done.
2015-02-12 10:50:55,786 (pid-12344): UPCC done.
2015-02-12 10:51:10,600 (pid-12345): IPCC done.
2015-02-12 10:51:10,660 (pid-12345): UIPCC done.
2015-02-12 10:51:11,892 (pid-12345): 15-round done. Running time: 72.66 sec
2015-02-12 10:51:11,893 (pid-12345): ----------------------------------------------
2015-02-12 10:51:11,893 (pid-12345): ----------------------------------------------
2015-02-12 10:51:11,894 (pid-12345): 16-round starts.
2015-02-12 10:51:11,894 (pid-12345): ----------------------------------------------
2015-02-12 10:51:18,104 (pid-12345): Removing data entries done.
2015-02-12 10:51:18,587 (pid-12345): UMEAN done.
2015-02-12 10:51:18,613 (pid-12345): IMEAN done.
2015-02-12 10:51:26,375 (pid-12345): UPCC done.
2015-02-12 10:51:37,206 (pid-12346): IPCC done.
2015-02-12 10:51:37,254 (pid-12346): UIPCC done.
2015-02-12 10:51:38,238 (pid-12346): 14-round done. Running time: 76.94 sec
2015-02-12 10:51:38,238 (pid-12346): ----------------------------------------------
2015-02-12 10:51:38,238 (pid-12346): ----------------------------------------------
2015-02-12 10:51:38,238 (pid-12346): 15-round starts.
2015-02-12 10:51:38,238 (pid-12346): ----------------------------------------------
2015-02-12 10:51:40,690 (pid-12349): IPCC done.
2015-02-12 10:51:40,759 (pid-12349): UIPCC done.
2015-02-12 10:51:41,711 (pid-12349): 11-round done. Running time: 98.10 sec
2015-02-12 10:51:41,714 (pid-12349): ----------------------------------------------
2015-02-12 10:51:41,714 (pid-12349): ----------------------------------------------
2015-02-12 10:51:41,714 (pid-12349): 12-round starts.
2015-02-12 10:51:41,714 (pid-12349): ----------------------------------------------
2015-02-12 10:51:43,582 (pid-12346): Removing data entries done.
2015-02-12 10:51:43,990 (pid-12346): UMEAN done.
2015-02-12 10:51:44,014 (pid-12346): IMEAN done.
2015-02-12 10:51:45,218 (pid-12344): IPCC done.
2015-02-12 10:51:45,274 (pid-12344): UIPCC done.
2015-02-12 10:51:46,286 (pid-12344): 17-round done. Running time: 61.19 sec
2015-02-12 10:51:46,286 (pid-12344): ----------------------------------------------
2015-02-12 10:51:46,286 (pid-12344): ----------------------------------------------
2015-02-12 10:51:46,286 (pid-12344): 18-round starts.
2015-02-12 10:51:46,286 (pid-12344): ----------------------------------------------
2015-02-12 10:51:47,070 (pid-12349): Removing data entries done.
2015-02-12 10:51:47,466 (pid-12349): UMEAN done.
2015-02-12 10:51:47,486 (pid-12349): IMEAN done.
2015-02-12 10:51:51,178 (pid-12346): UPCC done.
2015-02-12 10:51:51,742 (pid-12344): Removing data entries done.
2015-02-12 10:51:52,170 (pid-12344): UMEAN done.
2015-02-12 10:51:52,198 (pid-12344): IMEAN done.
2015-02-12 10:51:55,463 (pid-12349): UPCC done.
2015-02-12 10:52:02,082 (pid-12347): IPCC done.
2015-02-12 10:52:02,130 (pid-12347): UIPCC done.
2015-02-12 10:52:02,802 (pid-12347): 13-round done. Running time: 82.23 sec
2015-02-12 10:52:02,804 (pid-12347): ----------------------------------------------
2015-02-12 10:52:02,805 (pid-12347): ----------------------------------------------
2015-02-12 10:52:02,805 (pid-12347): 14-round starts.
2015-02-12 10:52:02,805 (pid-12347): ----------------------------------------------
2015-02-12 10:52:02,934 (pid-12344): UPCC done.
2015-02-12 10:52:06,686 (pid-12347): Removing data entries done.
2015-02-12 10:52:06,970 (pid-12347): UMEAN done.
2015-02-12 10:52:06,986 (pid-12347): IMEAN done.
2015-02-12 10:52:09,316 (pid-12348): IPCC done.
2015-02-12 10:52:09,382 (pid-12348): UIPCC done.
2015-02-12 10:52:10,251 (pid-12348): 12-round done. Running time: 82.51 sec
2015-02-12 10:52:10,253 (pid-12348): ----------------------------------------------
2015-02-12 10:52:10,254 (pid-12348): ----------------------------------------------
2015-02-12 10:52:10,254 (pid-12348): 13-round starts.
2015-02-12 10:52:10,254 (pid-12348): ----------------------------------------------
2015-02-12 10:52:13,558 (pid-12347): UPCC done.
2015-02-12 10:52:15,452 (pid-12348): Removing data entries done.
2015-02-12 10:52:15,854 (pid-12348): UMEAN done.
2015-02-12 10:52:15,878 (pid-12348): IMEAN done.
2015-02-12 10:52:23,674 (pid-12348): UPCC done.
2015-02-12 10:52:26,696 (pid-12345): IPCC done.
2015-02-12 10:52:26,748 (pid-12345): UIPCC done.
2015-02-12 10:52:27,792 (pid-12345): 16-round done. Running time: 69.23 sec
2015-02-12 10:52:27,794 (pid-12345): ----------------------------------------------
2015-02-12 10:52:27,794 (pid-12345): ----------------------------------------------
2015-02-12 10:52:27,794 (pid-12345): 17-round starts.
2015-02-12 10:52:27,794 (pid-12345): ----------------------------------------------
2015-02-12 10:52:33,310 (pid-12345): Removing data entries done.
2015-02-12 10:52:33,726 (pid-12345): UMEAN done.
2015-02-12 10:52:33,750 (pid-12345): IMEAN done.
2015-02-12 10:52:41,283 (pid-12345): UPCC done.
2015-02-12 10:52:52,678 (pid-12344): IPCC done.
2015-02-12 10:52:52,726 (pid-12344): UIPCC done.
2015-02-12 10:52:53,822 (pid-12344): 18-round done. Running time: 61.67 sec
2015-02-12 10:52:53,824 (pid-12344): ----------------------------------------------
2015-02-12 10:52:53,824 (pid-12344): ----------------------------------------------
2015-02-12 10:52:53,824 (pid-12344): 19-round starts.
2015-02-12 10:52:53,825 (pid-12344): ----------------------------------------------
2015-02-12 10:52:58,090 (pid-12346): IPCC done.
2015-02-12 10:52:58,142 (pid-12346): UIPCC done.
2015-02-12 10:52:59,142 (pid-12346): 15-round done. Running time: 75.17 sec
2015-02-12 10:52:59,144 (pid-12346): ----------------------------------------------
2015-02-12 10:52:59,144 (pid-12346): ----------------------------------------------
2015-02-12 10:52:59,144 (pid-12346): 16-round starts.
2015-02-12 10:52:59,144 (pid-12346): ----------------------------------------------
2015-02-12 10:52:59,186 (pid-12344): Removing data entries done.
2015-02-12 10:52:59,614 (pid-12344): UMEAN done.
2015-02-12 10:52:59,638 (pid-12344): IMEAN done.
2015-02-12 10:53:04,494 (pid-12346): Removing data entries done.
2015-02-12 10:53:04,902 (pid-12346): UMEAN done.
2015-02-12 10:53:04,924 (pid-12346): IMEAN done.
2015-02-12 10:53:10,294 (pid-12344): UPCC done.
2015-02-12 10:53:12,250 (pid-12346): UPCC done.
2015-02-12 10:53:26,594 (pid-12349): IPCC done.
2015-02-12 10:53:26,646 (pid-12349): UIPCC done.
2015-02-12 10:53:27,334 (pid-12347): IPCC done.
2015-02-12 10:53:27,394 (pid-12347): UIPCC done.
2015-02-12 10:53:27,534 (pid-12349): 12-round done. Running time: 99.86 sec
2015-02-12 10:53:27,538 (pid-12349): ----------------------------------------------
2015-02-12 10:53:27,539 (pid-12349): ----------------------------------------------
2015-02-12 10:53:27,539 (pid-12349): 13-round starts.
2015-02-12 10:53:27,539 (pid-12349): ----------------------------------------------
2015-02-12 10:53:28,322 (pid-12347): 14-round done. Running time: 81.32 sec
2015-02-12 10:53:28,327 (pid-12347): ----------------------------------------------
2015-02-12 10:53:28,327 (pid-12347): ----------------------------------------------
2015-02-12 10:53:28,327 (pid-12347): 15-round starts.
2015-02-12 10:53:28,327 (pid-12347): ----------------------------------------------
2015-02-12 10:53:32,762 (pid-12349): Removing data entries done.
2015-02-12 10:53:33,191 (pid-12349): UMEAN done.
2015-02-12 10:53:33,214 (pid-12349): IMEAN done.
2015-02-12 10:53:33,574 (pid-12347): Removing data entries done.
2015-02-12 10:53:33,978 (pid-12347): UMEAN done.
2015-02-12 10:53:33,998 (pid-12347): IMEAN done.
2015-02-12 10:53:41,338 (pid-12347): UPCC done.
2015-02-12 10:53:41,520 (pid-12349): UPCC done.
2015-02-12 10:53:43,482 (pid-12345): IPCC done.
2015-02-12 10:53:43,535 (pid-12345): UIPCC done.
2015-02-12 10:53:44,582 (pid-12345): 17-round done. Running time: 70.88 sec
2015-02-12 10:53:44,583 (pid-12345): ----------------------------------------------
2015-02-12 10:53:44,583 (pid-12345): ----------------------------------------------
2015-02-12 10:53:44,584 (pid-12345): 18-round starts.
2015-02-12 10:53:44,586 (pid-12345): ----------------------------------------------
2015-02-12 10:53:47,594 (pid-12348): IPCC done.
2015-02-12 10:53:47,653 (pid-12348): UIPCC done.
2015-02-12 10:53:48,515 (pid-12348): 13-round done. Running time: 92.66 sec
2015-02-12 10:53:48,516 (pid-12348): ----------------------------------------------
2015-02-12 10:53:48,516 (pid-12348): ----------------------------------------------
2015-02-12 10:53:48,516 (pid-12348): 14-round starts.
2015-02-12 10:53:48,516 (pid-12348): ----------------------------------------------
2015-02-12 10:53:49,334 (pid-12345): Removing data entries done.
2015-02-12 10:53:49,670 (pid-12345): UMEAN done.
2015-02-12 10:53:49,691 (pid-12345): IMEAN done.
2015-02-12 10:53:53,871 (pid-12348): Removing data entries done.
2015-02-12 10:53:54,283 (pid-12348): UMEAN done.
2015-02-12 10:53:54,305 (pid-12348): IMEAN done.
2015-02-12 10:53:55,138 (pid-12344): IPCC done.
2015-02-12 10:53:55,210 (pid-12344): UIPCC done.
2015-02-12 10:53:56,295 (pid-12344): 19-round done. Running time: 56.65 sec
2015-02-12 10:53:56,298 (pid-12344): ----------------------------------------------
2015-02-12 10:53:56,298 (pid-12344): ----------------------------------------------
2015-02-12 10:53:56,298 (pid-12344): 20-round starts.
2015-02-12 10:53:56,298 (pid-12344): ----------------------------------------------
2015-02-12 10:53:56,576 (pid-12345): UPCC done.
2015-02-12 10:54:00,886 (pid-12344): Removing data entries done.
2015-02-12 10:54:01,167 (pid-12344): UMEAN done.
2015-02-12 10:54:01,182 (pid-12344): IMEAN done.
2015-02-12 10:54:01,978 (pid-12348): UPCC done.
2015-02-12 10:54:12,034 (pid-12344): UPCC done.
2015-02-12 10:54:20,796 (pid-12346): IPCC done.
2015-02-12 10:54:20,849 (pid-12346): UIPCC done.
2015-02-12 10:54:21,908 (pid-12346): 16-round done. Running time: 77.00 sec
2015-02-12 10:54:21,909 (pid-12346): ----------------------------------------------
2015-02-12 10:54:21,909 (pid-12346): ----------------------------------------------
2015-02-12 10:54:21,909 (pid-12346): 17-round starts.
2015-02-12 10:54:21,909 (pid-12346): ----------------------------------------------
2015-02-12 10:54:27,499 (pid-12346): Removing data entries done.
2015-02-12 10:54:27,930 (pid-12346): UMEAN done.
2015-02-12 10:54:27,954 (pid-12346): IMEAN done.
2015-02-12 10:54:35,400 (pid-12346): UPCC done.
2015-02-12 10:54:55,214 (pid-12345): IPCC done.
2015-02-12 10:54:55,267 (pid-12345): UIPCC done.
2015-02-12 10:54:56,024 (pid-12347): IPCC done.
2015-02-12 10:54:56,081 (pid-12347): UIPCC done.
2015-02-12 10:54:56,225 (pid-12345): 18-round done. Running time: 66.56 sec
2015-02-12 10:54:56,227 (pid-12345): ----------------------------------------------
2015-02-12 10:54:56,227 (pid-12345): ----------------------------------------------
2015-02-12 10:54:56,228 (pid-12345): 19-round starts.
2015-02-12 10:54:56,228 (pid-12345): ----------------------------------------------
2015-02-12 10:54:56,977 (pid-12347): 15-round done. Running time: 83.01 sec
2015-02-12 10:54:56,979 (pid-12347): ----------------------------------------------
2015-02-12 10:54:56,979 (pid-12347): ----------------------------------------------
2015-02-12 10:54:56,979 (pid-12347): 16-round starts.
2015-02-12 10:54:56,980 (pid-12347): ----------------------------------------------
2015-02-12 10:55:01,153 (pid-12344): IPCC done.
2015-02-12 10:55:01,228 (pid-12344): UIPCC done.
2015-02-12 10:55:01,634 (pid-12345): Removing data entries done.
2015-02-12 10:55:02,092 (pid-12345): UMEAN done.
2015-02-12 10:55:02,117 (pid-12345): IMEAN done.
2015-02-12 10:55:02,260 (pid-12347): Removing data entries done.
2015-02-12 10:55:02,386 (pid-12344): 20-round done. Running time: 61.20 sec
2015-02-12 10:55:02,388 (pid-12344): ----------------------------------------------
2015-02-12 10:55:02,394 (pid-12344): Config density = 0.05 done. Running time: 1327.16 sec
2015-02-12 10:55:02,395 (pid-12344): ==============================================
2015-02-12 10:55:02,659 (pid-12347): UMEAN done.
2015-02-12 10:55:02,681 (pid-12347): IMEAN done.
2015-02-12 10:55:07,507 (pid-12345): UPCC done.
2015-02-12 10:55:10,108 (pid-12347): UPCC done.
2015-02-12 10:55:16,675 (pid-12349): IPCC done.
2015-02-12 10:55:16,727 (pid-12349): UIPCC done.
2015-02-12 10:55:17,597 (pid-12349): 13-round done. Running time: 104.42 sec
2015-02-12 10:55:17,598 (pid-12349): ----------------------------------------------
2015-02-12 10:55:17,598 (pid-12349): ----------------------------------------------
2015-02-12 10:55:17,598 (pid-12349): 14-round starts.
2015-02-12 10:55:17,599 (pid-12349): ----------------------------------------------
2015-02-12 10:55:22,703 (pid-12349): Removing data entries done.
2015-02-12 10:55:23,132 (pid-12349): UMEAN done.
2015-02-12 10:55:23,155 (pid-12349): IMEAN done.
2015-02-12 10:55:24,475 (pid-12348): IPCC done.
2015-02-12 10:55:24,525 (pid-12348): UIPCC done.
2015-02-12 10:55:25,399 (pid-12348): 14-round done. Running time: 91.12 sec
2015-02-12 10:55:25,399 (pid-12348): ----------------------------------------------
2015-02-12 10:55:25,400 (pid-12348): ----------------------------------------------
2015-02-12 10:55:25,400 (pid-12348): 15-round starts.
2015-02-12 10:55:25,400 (pid-12348): ----------------------------------------------
2015-02-12 10:55:30,738 (pid-12348): Removing data entries done.
2015-02-12 10:55:31,132 (pid-12348): UMEAN done.
2015-02-12 10:55:31,154 (pid-12348): IMEAN done.
2015-02-12 10:55:32,209 (pid-12349): UPCC done.
2015-02-12 10:55:38,389 (pid-12348): UPCC done.
2015-02-12 10:55:44,577 (pid-12346): IPCC done.
2015-02-12 10:55:44,626 (pid-12346): UIPCC done.
2015-02-12 10:55:45,610 (pid-12346): 17-round done. Running time: 77.62 sec
2015-02-12 10:55:45,610 (pid-12346): ----------------------------------------------
2015-02-12 10:55:45,610 (pid-12346): ----------------------------------------------
2015-02-12 10:55:45,611 (pid-12346): 18-round starts.
2015-02-12 10:55:45,611 (pid-12346): ----------------------------------------------
2015-02-12 10:55:48,700 (pid-12345): IPCC done.
2015-02-12 10:55:48,746 (pid-12345): UIPCC done.
2015-02-12 10:55:49,478 (pid-12345): 19-round done. Running time: 47.41 sec
2015-02-12 10:55:49,478 (pid-12345): ----------------------------------------------
2015-02-12 10:55:49,478 (pid-12345): ----------------------------------------------
2015-02-12 10:55:49,479 (pid-12345): 20-round starts.
2015-02-12 10:55:49,479 (pid-12345): ----------------------------------------------
2015-02-12 10:55:50,847 (pid-12346): Removing data entries done.
2015-02-12 10:55:51,256 (pid-12346): UMEAN done.
2015-02-12 10:55:51,278 (pid-12346): IMEAN done.
2015-02-12 10:55:53,406 (pid-12345): Removing data entries done.
2015-02-12 10:55:53,687 (pid-12345): UMEAN done.
2015-02-12 10:55:53,702 (pid-12345): IMEAN done.
2015-02-12 10:55:58,234 (pid-12346): UPCC done.
2015-02-12 10:55:59,080 (pid-12345): UPCC done.
2015-02-12 10:56:24,306 (pid-12347): IPCC done.
2015-02-12 10:56:24,355 (pid-12347): UIPCC done.
2015-02-12 10:56:25,274 (pid-12347): 16-round done. Running time: 82.63 sec
2015-02-12 10:56:25,275 (pid-12347): ----------------------------------------------
2015-02-12 10:56:25,275 (pid-12347): ----------------------------------------------
2015-02-12 10:56:25,275 (pid-12347): 17-round starts.
2015-02-12 10:56:25,276 (pid-12347): ----------------------------------------------
2015-02-12 10:56:30,539 (pid-12347): Removing data entries done.
2015-02-12 10:56:30,943 (pid-12347): UMEAN done.
2015-02-12 10:56:30,966 (pid-12347): IMEAN done.
2015-02-12 10:56:38,414 (pid-12347): UPCC done.
2015-02-12 10:56:41,081 (pid-12345): IPCC done.
2015-02-12 10:56:41,146 (pid-12345): UIPCC done.
2015-02-12 10:56:42,139 (pid-12345): 20-round done. Running time: 48.45 sec
2015-02-12 10:56:42,140 (pid-12345): ----------------------------------------------
2015-02-12 10:56:42,171 (pid-12345): Config density = 0.10 done. Running time: 1426.86 sec
2015-02-12 10:56:42,172 (pid-12345): ==============================================
2015-02-12 10:56:45,678 (pid-12348): IPCC done.
2015-02-12 10:56:45,727 (pid-12348): UIPCC done.
2015-02-12 10:56:46,363 (pid-12348): 15-round done. Running time: 75.25 sec
2015-02-12 10:56:46,363 (pid-12348): ----------------------------------------------
2015-02-12 10:56:46,363 (pid-12348): ----------------------------------------------
2015-02-12 10:56:46,363 (pid-12348): 16-round starts.
2015-02-12 10:56:46,364 (pid-12348): ----------------------------------------------
2015-02-12 10:56:50,170 (pid-12348): Removing data entries done.
2015-02-12 10:56:50,448 (pid-12348): UMEAN done.
2015-02-12 10:56:50,464 (pid-12348): IMEAN done.
2015-02-12 10:56:56,320 (pid-12348): UPCC done.
2015-02-12 10:57:05,114 (pid-12346): IPCC done.
2015-02-12 10:57:05,165 (pid-12346): UIPCC done.
2015-02-12 10:57:05,863 (pid-12346): 18-round done. Running time: 74.62 sec
2015-02-12 10:57:05,863 (pid-12346): ----------------------------------------------
2015-02-12 10:57:05,864 (pid-12346): ----------------------------------------------
2015-02-12 10:57:05,864 (pid-12346): 19-round starts.
2015-02-12 10:57:05,864 (pid-12346): ----------------------------------------------
2015-02-12 10:57:10,071 (pid-12346): Removing data entries done.
2015-02-12 10:57:10,481 (pid-12346): UMEAN done.
2015-02-12 10:57:10,503 (pid-12346): IMEAN done.
2015-02-12 10:57:12,464 (pid-12349): IPCC done.
2015-02-12 10:57:12,515 (pid-12349): UIPCC done.
2015-02-12 10:57:13,388 (pid-12349): 14-round done. Running time: 110.28 sec
2015-02-12 10:57:13,389 (pid-12349): ----------------------------------------------
2015-02-12 10:57:13,390 (pid-12349): ----------------------------------------------
2015-02-12 10:57:13,390 (pid-12349): 15-round starts.
2015-02-12 10:57:13,390 (pid-12349): ----------------------------------------------
2015-02-12 10:57:17,317 (pid-12346): UPCC done.
2015-02-12 10:57:18,927 (pid-12349): Removing data entries done.
2015-02-12 10:57:19,312 (pid-12349): UMEAN done.
2015-02-12 10:57:19,327 (pid-12349): IMEAN done.
2015-02-12 10:57:25,669 (pid-12349): UPCC done.
2015-02-12 10:57:48,372 (pid-12347): IPCC done.
2015-02-12 10:57:48,421 (pid-12347): UIPCC done.
2015-02-12 10:57:49,365 (pid-12347): 17-round done. Running time: 78.40 sec
2015-02-12 10:57:49,366 (pid-12347): ----------------------------------------------
2015-02-12 10:57:49,366 (pid-12347): ----------------------------------------------
2015-02-12 10:57:49,366 (pid-12347): 18-round starts.
2015-02-12 10:57:49,366 (pid-12347): ----------------------------------------------
2015-02-12 10:57:54,619 (pid-12347): Removing data entries done.
2015-02-12 10:57:55,032 (pid-12347): UMEAN done.
2015-02-12 10:57:55,055 (pid-12347): IMEAN done.
2015-02-12 10:58:02,554 (pid-12347): UPCC done.
2015-02-12 10:58:07,091 (pid-12346): IPCC done.
2015-02-12 10:58:07,141 (pid-12346): UIPCC done.
2015-02-12 10:58:07,840 (pid-12346): 19-round done. Running time: 57.38 sec
2015-02-12 10:58:07,840 (pid-12346): ----------------------------------------------
2015-02-12 10:58:07,840 (pid-12346): ----------------------------------------------
2015-02-12 10:58:07,841 (pid-12346): 20-round starts.
2015-02-12 10:58:07,841 (pid-12346): ----------------------------------------------
2015-02-12 10:58:11,644 (pid-12346): Removing data entries done.
2015-02-12 10:58:11,926 (pid-12346): UMEAN done.
2015-02-12 10:58:11,942 (pid-12346): IMEAN done.
2015-02-12 10:58:17,164 (pid-12346): UPCC done.
2015-02-12 10:58:19,175 (pid-12348): IPCC done.
2015-02-12 10:58:19,224 (pid-12348): UIPCC done.
2015-02-12 10:58:20,102 (pid-12348): 16-round done. Running time: 89.62 sec
2015-02-12 10:58:20,102 (pid-12348): ----------------------------------------------
2015-02-12 10:58:20,102 (pid-12348): ----------------------------------------------
2015-02-12 10:58:20,103 (pid-12348): 17-round starts.
2015-02-12 10:58:20,103 (pid-12348): ----------------------------------------------
2015-02-12 10:58:25,180 (pid-12348): Removing data entries done.
2015-02-12 10:58:25,584 (pid-12348): UMEAN done.
2015-02-12 10:58:25,607 (pid-12348): IMEAN done.
2015-02-12 10:58:33,222 (pid-12348): UPCC done.
2015-02-12 10:58:37,919 (pid-12349): IPCC done.
2015-02-12 10:58:37,966 (pid-12349): UIPCC done.
2015-02-12 10:58:38,583 (pid-12349): 15-round done. Running time: 79.28 sec
2015-02-12 10:58:38,583 (pid-12349): ----------------------------------------------
2015-02-12 10:58:38,583 (pid-12349): ----------------------------------------------
2015-02-12 10:58:38,583 (pid-12349): 16-round starts.
2015-02-12 10:58:38,583 (pid-12349): ----------------------------------------------
2015-02-12 10:58:42,662 (pid-12349): Removing data entries done.
2015-02-12 10:58:43,073 (pid-12349): UMEAN done.
2015-02-12 10:58:43,097 (pid-12349): IMEAN done.
2015-02-12 10:58:51,271 (pid-12349): UPCC done.
2015-02-12 10:59:05,821 (pid-12346): IPCC done.
2015-02-12 10:59:05,869 (pid-12346): UIPCC done.
2015-02-12 10:59:06,576 (pid-12346): 20-round done. Running time: 54.67 sec
2015-02-12 10:59:06,576 (pid-12346): ----------------------------------------------
2015-02-12 10:59:06,583 (pid-12346): Config density = 0.15 done. Running time: 1571.66 sec
2015-02-12 10:59:06,583 (pid-12346): ==============================================
2015-02-12 10:59:12,900 (pid-12347): IPCC done.
2015-02-12 10:59:12,947 (pid-12347): UIPCC done.
2015-02-12 10:59:13,601 (pid-12347): 18-round done. Running time: 78.58 sec
2015-02-12 10:59:13,602 (pid-12347): ----------------------------------------------
2015-02-12 10:59:13,602 (pid-12347): ----------------------------------------------
2015-02-12 10:59:13,602 (pid-12347): 19-round starts.
2015-02-12 10:59:13,602 (pid-12347): ----------------------------------------------
2015-02-12 10:59:17,287 (pid-12347): Removing data entries done.
2015-02-12 10:59:17,567 (pid-12347): UMEAN done.
2015-02-12 10:59:17,583 (pid-12347): IMEAN done.
2015-02-12 10:59:23,193 (pid-12347): UPCC done.
2015-02-12 10:59:52,277 (pid-12348): IPCC done.
2015-02-12 10:59:52,321 (pid-12348): UIPCC done.
2015-02-12 10:59:52,940 (pid-12348): 17-round done. Running time: 87.34 sec
2015-02-12 10:59:52,940 (pid-12348): ----------------------------------------------
2015-02-12 10:59:52,940 (pid-12348): ----------------------------------------------
2015-02-12 10:59:52,941 (pid-12348): 18-round starts.
2015-02-12 10:59:52,941 (pid-12348): ----------------------------------------------
2015-02-12 10:59:56,741 (pid-12348): Removing data entries done.
2015-02-12 10:59:57,018 (pid-12348): UMEAN done.
2015-02-12 10:59:57,033 (pid-12348): IMEAN done.
2015-02-12 11:00:02,850 (pid-12348): UPCC done.
2015-02-12 11:00:18,020 (pid-12347): IPCC done.
2015-02-12 11:00:18,074 (pid-12347): UIPCC done.
2015-02-12 11:00:18,719 (pid-12347): 19-round done. Running time: 61.16 sec
2015-02-12 11:00:18,720 (pid-12347): ----------------------------------------------
2015-02-12 11:00:18,720 (pid-12347): ----------------------------------------------
2015-02-12 11:00:18,720 (pid-12347): 20-round starts.
2015-02-12 11:00:18,720 (pid-12347): ----------------------------------------------
2015-02-12 11:00:22,290 (pid-12347): Removing data entries done.
2015-02-12 11:00:22,566 (pid-12347): UMEAN done.
2015-02-12 11:00:22,580 (pid-12347): IMEAN done.
2015-02-12 11:00:22,961 (pid-12349): IPCC done.
2015-02-12 11:00:23,011 (pid-12349): UIPCC done.
2015-02-12 11:00:23,847 (pid-12349): 16-round done. Running time: 100.79 sec
2015-02-12 11:00:23,848 (pid-12349): ----------------------------------------------
2015-02-12 11:00:23,848 (pid-12349): ----------------------------------------------
2015-02-12 11:00:23,848 (pid-12349): 17-round starts.
2015-02-12 11:00:23,848 (pid-12349): ----------------------------------------------
2015-02-12 11:00:28,039 (pid-12347): UPCC done.
2015-02-12 11:00:29,148 (pid-12349): Removing data entries done.
2015-02-12 11:00:29,552 (pid-12349): UMEAN done.
2015-02-12 11:00:29,574 (pid-12349): IMEAN done.
2015-02-12 11:00:37,562 (pid-12349): UPCC done.
2015-02-12 11:01:06,711 (pid-12348): IPCC done.
2015-02-12 11:01:06,758 (pid-12348): UIPCC done.
2015-02-12 11:01:07,378 (pid-12348): 18-round done. Running time: 70.37 sec
2015-02-12 11:01:07,379 (pid-12348): ----------------------------------------------
2015-02-12 11:01:07,379 (pid-12348): ----------------------------------------------
2015-02-12 11:01:07,379 (pid-12348): 19-round starts.
2015-02-12 11:01:07,379 (pid-12348): ----------------------------------------------
2015-02-12 11:01:11,109 (pid-12348): Removing data entries done.
2015-02-12 11:01:11,385 (pid-12348): UMEAN done.
2015-02-12 11:01:11,400 (pid-12348): IMEAN done.
2015-02-12 11:01:17,251 (pid-12348): UPCC done.
2015-02-12 11:01:23,054 (pid-12347): IPCC done.
2015-02-12 11:01:23,119 (pid-12347): UIPCC done.
2015-02-12 11:01:23,766 (pid-12347): 20-round done. Running time: 61.19 sec
2015-02-12 11:01:23,768 (pid-12347): ----------------------------------------------
2015-02-12 11:01:23,773 (pid-12347): Config density = 0.20 done. Running time: 1708.77 sec
2015-02-12 11:01:23,774 (pid-12347): ==============================================
2015-02-12 11:01:51,835 (pid-12349): IPCC done.
2015-02-12 11:01:51,881 (pid-12349): UIPCC done.
2015-02-12 11:01:52,476 (pid-12349): 17-round done. Running time: 82.94 sec
2015-02-12 11:01:52,477 (pid-12349): ----------------------------------------------
2015-02-12 11:01:52,477 (pid-12349): ----------------------------------------------
2015-02-12 11:01:52,477 (pid-12349): 18-round starts.
2015-02-12 11:01:52,477 (pid-12349): ----------------------------------------------
2015-02-12 11:01:56,280 (pid-12349): Removing data entries done.
2015-02-12 11:01:56,553 (pid-12349): UMEAN done.
2015-02-12 11:01:56,568 (pid-12349): IMEAN done.
2015-02-12 11:02:02,717 (pid-12349): UPCC done.
2015-02-12 11:02:18,010 (pid-12348): IPCC done.
2015-02-12 11:02:18,053 (pid-12348): UIPCC done.
2015-02-12 11:02:18,669 (pid-12348): 19-round done. Running time: 67.30 sec
2015-02-12 11:02:18,669 (pid-12348): ----------------------------------------------
2015-02-12 11:02:18,669 (pid-12348): ----------------------------------------------
2015-02-12 11:02:18,669 (pid-12348): 20-round starts.
2015-02-12 11:02:18,670 (pid-12348): ----------------------------------------------
2015-02-12 11:02:22,383 (pid-12348): Removing data entries done.
2015-02-12 11:02:22,660 (pid-12348): UMEAN done.
2015-02-12 11:02:22,675 (pid-12348): IMEAN done.
2015-02-12 11:02:28,463 (pid-12348): UPCC done.
2015-02-12 11:03:12,374 (pid-12349): IPCC done.
2015-02-12 11:03:12,418 (pid-12349): UIPCC done.
2015-02-12 11:03:12,995 (pid-12349): 18-round done. Running time: 76.46 sec
2015-02-12 11:03:12,996 (pid-12349): ----------------------------------------------
2015-02-12 11:03:12,996 (pid-12349): ----------------------------------------------
2015-02-12 11:03:12,996 (pid-12349): 19-round starts.
2015-02-12 11:03:12,996 (pid-12349): ----------------------------------------------
2015-02-12 11:03:16,642 (pid-12349): Removing data entries done.
2015-02-12 11:03:16,913 (pid-12349): UMEAN done.
2015-02-12 11:03:16,927 (pid-12349): IMEAN done.
2015-02-12 11:03:23,050 (pid-12349): UPCC done.
2015-02-12 11:03:30,111 (pid-12348): IPCC done.
2015-02-12 11:03:30,168 (pid-12348): UIPCC done.
2015-02-12 11:03:30,772 (pid-12348): 20-round done. Running time: 68.11 sec
2015-02-12 11:03:30,772 (pid-12348): ----------------------------------------------
2015-02-12 11:03:30,803 (pid-12348): Config density = 0.25 done. Running time: 1835.70 sec
2015-02-12 11:03:30,803 (pid-12348): ==============================================
2015-02-12 11:04:30,029 (pid-12349): IPCC done.
2015-02-12 11:04:30,072 (pid-12349): UIPCC done.
2015-02-12 11:04:30,646 (pid-12349): 19-round done. Running time: 73.75 sec
2015-02-12 11:04:30,647 (pid-12349): ----------------------------------------------
2015-02-12 11:04:30,647 (pid-12349): ----------------------------------------------
2015-02-12 11:04:30,647 (pid-12349): 20-round starts.
2015-02-12 11:04:30,648 (pid-12349): ----------------------------------------------
2015-02-12 11:04:34,120 (pid-12349): Removing data entries done.
2015-02-12 11:04:34,401 (pid-12349): UMEAN done.
2015-02-12 11:04:34,415 (pid-12349): IMEAN done.
2015-02-12 11:04:40,356 (pid-12349): UPCC done.
2015-02-12 11:05:46,630 (pid-12349): IPCC done.
2015-02-12 11:05:46,677 (pid-12349): UIPCC done.
2015-02-12 11:05:47,223 (pid-12349): 20-round done. Running time: 72.85 sec
2015-02-12 11:05:47,223 (pid-12349): ----------------------------------------------
2015-02-12 11:05:47,230 (pid-12349): Config density = 0.30 done. Running time: 1972.04 sec
2015-02-12 11:05:47,230 (pid-12349): ==============================================
2015-02-12 11:05:47,370 (pid-12341): All done. Total running time: 01-th day - 00hour - 00min - 05sec.
2015-02-12 11:05:47,371 (pid-12341): ==============================================
